<html xmlns:math="http://exslt.org/math" xmlns:testng="http://testng.org">
   <head>
      <title>TestNG Results</title>
      <meta http-equiv="content-type" content="text/html; charset=utf-8"></meta>
      <meta http-equiv="pragma" content="no-cache"></meta>
      <meta http-equiv="cache-control" content="max-age=0"></meta>
      <meta http-equiv="cache-control" content="no-cache"></meta>
      <meta http-equiv="cache-control" content="no-store"></meta>
      <LINK rel="stylesheet" href="style.css"></LINK>
      <script type="text/javascript" src="main.js"></script>
   </head>
   <body>
      <table width="100%" style="font-size: 16px; margin-bottom: 10px;" cellspacing="1">
         <tr>
            <td width="100%">
               Test case
               
               <b>brand_search</b>
            </td>
            <td style="background-color: #FFBBBB; padding: 3px 3px 3px 0;" align="center">
               <div style="width: 50px;">5</div>
            </td>
            <td style="background-color: lightgreen; padding: 3px 3px 3px 0;" align="center">
               <div style="width: 50px;">0</div>
            </td>
            <td style="background-color: #FFFFBB; padding: 3px 3px 3px 0;" align="center">
               <div style="width: 50px;">0</div>
            </td>
            <td align="center" style="background-color: #eaf0f7; padding: 3px 3px 3px 0;">
               <div style="width: 50px;">5</div>
            </td>
            <td align="center"
                style="font-weight: bold; background-color: #eaf0f7; padding: 3px 3px 3px 0;">
               <div style="width: 50px;">0%</div>
            </td>
            <td style="background-color: #eaf0f7; padding: 3px 3px 3px 0;" align="center"
                nowrap="true">9s
               
            </td>
         </tr>
      </table>
      <div style="width: 200px;">
         <label for="groupMethodsCheckBox" style="font-weight: bold; margin: 0;">
            <input id="groupMethodsCheckBox" type="checkbox" onclick="switchTestMethodsView(this)"></input>
            Group by class
            
         </label>
         <br></br>
         <label for="methodsFilter_ALL" style="font-weight: bold; margin: 0;">
            <input id="methodsFilter_ALL" type="checkbox"
                   onclick="testMethodsFilterChanged(this, 'ALL')"></input>
            All
            
         </label>
      </div>
      <label for="methodsFilter_FAIL" style="margin-left: 20px;">
         <input id="methodsFilter_FAIL" type="checkbox"
                onclick="testMethodsFilterChanged(this, 'FAIL')"
                checked=""></input>
         Failed
         
      </label>
      <label for="methodsFilter_PASS">
         <input id="methodsFilter_PASS" type="checkbox"
                onclick="testMethodsFilterChanged(this, 'PASS')"
                checked=""></input>
         Passed
         
      </label>
      <label for="methodsFilter_SKIP">
         <input id="methodsFilter_SKIP" type="checkbox"
                onclick="testMethodsFilterChanged(this, 'SKIP')"
                checked=""></input>
         Skipped
         
      </label>
      <label for="methodsFilter_CONF">
         <input id="methodsFilter_CONF" type="checkbox"
                onclick="testMethodsFilterChanged(this, 'CONF')"></input>
         Config
         
      </label>
      <br></br>
      <div id="testMethodsByStatus">
         <table class="testMethodsTable" cellpadding="0" cellspacing="0">
            <tr class="methodsTableHeader">
               <td width="100%">Name</td>
               <td nowrap="true">Started</td>
               <td nowrap="true">Duration</td>
               <td>Exception</td>
            </tr>
            <tr id="com.sample.test1.brandsearch_test2in1_byStatus_failed_FAIL1_row"
                class="testMethodStatusFAIL">
               <td width="100%" class="firstMethodCell">
                  <a onclick="toggleDetailsVisibility('com.sample.test1.brandsearch_test2in1_byStatus_failed_FAIL1_details')">test2in1(P)</a>
               </td>
               <td nowrap="true">08:39:27</td>
               <td nowrap="true" align="right">3s
                  
               </td>
               <td nowrap="true">
                  <a onclick="toggleDetailsVisibility('com.sample.test1.brandsearch_test2in1_byStatus_failed_FAIL1_exception')">java.lang.AssertionError: 
                     expected [true] but found [false]
                     
                  </a>
                   
                  
               </td>
            </tr>
            <tr>
               <td colspan="4" class="detailsBox">
                  <div id="com.sample.test1.brandsearch_test2in1_byStatus_failed_FAIL1_details"
                       class="testMethodDetails">
                     <div>
                        <b>Name: </b>test2in1
                     </div>
                     <div>
                        <b>Signature: </b>test2in1(java.lang.String)[pri:0, instance:com.sample.test1.brandsearch@6647dc79]
                     </div>
                     <div>
                        <b>Parameters: </b>
                        
                        P
                        
                        
                     </div>
                     <div>
                        <b>Start time: </b>08:39:27
                     </div>
                     <div>
                        <b>End time: </b>08:39:30
                     </div>
                     <div>
                        <b>Duration: </b>3s
                        
                     </div>
                  </div>
               </td>
            </tr>
            <tr>
               <td colspan="4" class="detailsBox">
                  <div id="com.sample.test1.brandsearch_test2in1_byStatus_failed_FAIL1_exception"
                       class="testMethodDetails">
                     <pre style="padding: 5px; margin: 0;">java.lang.AssertionError: expected [true] but found [false]
                        	at org.testng.Assert.fail(Assert.java:94)
                        	at org.testng.Assert.failNotEquals(Assert.java:494)
                        	at org.testng.Assert.assertTrue(Assert.java:42)
                        	at org.testng.Assert.assertTrue(Assert.java:52)
                        	at com.sample.test1.brandsearch.test2in1(brandsearch.java:60)
                        	at sun.reflect.NativeMethodAccessorImpl.invoke0(Native Method)
                        	at sun.reflect.NativeMethodAccessorImpl.invoke(NativeMethodAccessorImpl.java:57)
                        	at sun.reflect.DelegatingMethodAccessorImpl.invoke(DelegatingMethodAccessorImpl.java:43)
                        	at java.lang.reflect.Method.invoke(Method.java:606)
                        	at org.testng.internal.MethodInvocationHelper.invokeMethod(MethodInvocationHelper.java:84)
                        	at org.testng.internal.Invoker.invokeMethod(Invoker.java:714)
                        	at org.testng.internal.Invoker.invokeTestMethod(Invoker.java:901)
                        	at org.testng.internal.Invoker.invokeTestMethods(Invoker.java:1231)
                        	at org.testng.internal.TestMethodWorker.invokeTestMethods(TestMethodWorker.java:127)
                        	at org.testng.internal.TestMethodWorker.run(TestMethodWorker.java:111)
                        	at org.testng.TestRunner.privateRun(TestRunner.java:767)
                        	at org.testng.TestRunner.run(TestRunner.java:617)
                        	at org.testng.SuiteRunner.runTest(SuiteRunner.java:334)
                        	at org.testng.SuiteRunner.runSequentially(SuiteRunner.java:329)
                        	at org.testng.SuiteRunner.privateRun(SuiteRunner.java:291)
                        	at org.testng.SuiteRunner.run(SuiteRunner.java:240)
                        	at org.testng.SuiteRunnerWorker.runSuite(SuiteRunnerWorker.java:52)
                        	at org.testng.SuiteRunnerWorker.run(SuiteRunnerWorker.java:86)
                        	at org.testng.TestNG.runSuitesSequentially(TestNG.java:1224)
                        	at org.testng.TestNG.runSuitesSequentially(TestNG.java:1220)
                        	at org.testng.TestNG.runSuitesLocally(TestNG.java:1149)
                        	at org.testng.TestNG.run(TestNG.java:1057)
                        	at org.testng.TestNG.privateMain(TestNG.java:1364)
                        	at org.testng.TestNG.main(TestNG.java:1333)
                     </pre>
                  </div>
               </td>
            </tr>
            <tr id="com.sample.test1.brandsearch_test2in1_byStatus_failed_FAIL2_row"
                class="testMethodStatusFAIL">
               <td width="100%" class="firstMethodCell">
                  <a onclick="toggleDetailsVisibility('com.sample.test1.brandsearch_test2in1_byStatus_failed_FAIL2_details')">test2in1(1.0)</a>
               </td>
               <td nowrap="true">08:39:32</td>
               <td nowrap="true" align="right">651 ms
                  
               </td>
               <td nowrap="true">
                  <a onclick="toggleDetailsVisibility('com.sample.test1.brandsearch_test2in1_byStatus_failed_FAIL2_exception')">java.lang.AssertionError: 
                     expected [true] but found [false]
                     
                  </a>
                   
                  
               </td>
            </tr>
            <tr>
               <td colspan="4" class="detailsBox">
                  <div id="com.sample.test1.brandsearch_test2in1_byStatus_failed_FAIL2_details"
                       class="testMethodDetails">
                     <div>
                        <b>Name: </b>test2in1
                     </div>
                     <div>
                        <b>Signature: </b>test2in1(java.lang.String)[pri:0, instance:com.sample.test1.brandsearch@6647dc79]
                     </div>
                     <div>
                        <b>Parameters: </b>
                        
                        1.0
                        
                        
                     </div>
                     <div>
                        <b>Start time: </b>08:39:32
                     </div>
                     <div>
                        <b>End time: </b>08:39:33
                     </div>
                     <div>
                        <b>Duration: </b>651 ms
                        
                     </div>
                  </div>
               </td>
            </tr>
            <tr>
               <td colspan="4" class="detailsBox">
                  <div id="com.sample.test1.brandsearch_test2in1_byStatus_failed_FAIL2_exception"
                       class="testMethodDetails">
                     <pre style="padding: 5px; margin: 0;">java.lang.AssertionError: expected [true] but found [false]
                        	at org.testng.Assert.fail(Assert.java:94)
                        	at org.testng.Assert.failNotEquals(Assert.java:494)
                        	at org.testng.Assert.assertTrue(Assert.java:42)
                        	at org.testng.Assert.assertTrue(Assert.java:52)
                        	at com.sample.test1.brandsearch.test2in1(brandsearch.java:60)
                        	at sun.reflect.NativeMethodAccessorImpl.invoke0(Native Method)
                        	at sun.reflect.NativeMethodAccessorImpl.invoke(NativeMethodAccessorImpl.java:57)
                        	at sun.reflect.DelegatingMethodAccessorImpl.invoke(DelegatingMethodAccessorImpl.java:43)
                        	at java.lang.reflect.Method.invoke(Method.java:606)
                        	at org.testng.internal.MethodInvocationHelper.invokeMethod(MethodInvocationHelper.java:84)
                        	at org.testng.internal.Invoker.invokeMethod(Invoker.java:714)
                        	at org.testng.internal.Invoker.invokeTestMethod(Invoker.java:901)
                        	at org.testng.internal.Invoker.invokeTestMethods(Invoker.java:1231)
                        	at org.testng.internal.TestMethodWorker.invokeTestMethods(TestMethodWorker.java:127)
                        	at org.testng.internal.TestMethodWorker.run(TestMethodWorker.java:111)
                        	at org.testng.TestRunner.privateRun(TestRunner.java:767)
                        	at org.testng.TestRunner.run(TestRunner.java:617)
                        	at org.testng.SuiteRunner.runTest(SuiteRunner.java:334)
                        	at org.testng.SuiteRunner.runSequentially(SuiteRunner.java:329)
                        	at org.testng.SuiteRunner.privateRun(SuiteRunner.java:291)
                        	at org.testng.SuiteRunner.run(SuiteRunner.java:240)
                        	at org.testng.SuiteRunnerWorker.runSuite(SuiteRunnerWorker.java:52)
                        	at org.testng.SuiteRunnerWorker.run(SuiteRunnerWorker.java:86)
                        	at org.testng.TestNG.runSuitesSequentially(TestNG.java:1224)
                        	at org.testng.TestNG.runSuitesSequentially(TestNG.java:1220)
                        	at org.testng.TestNG.runSuitesLocally(TestNG.java:1149)
                        	at org.testng.TestNG.run(TestNG.java:1057)
                        	at org.testng.TestNG.privateMain(TestNG.java:1364)
                        	at org.testng.TestNG.main(TestNG.java:1333)
                     </pre>
                  </div>
               </td>
            </tr>
            <tr id="com.sample.test1.brandsearch_test2in1_byStatus_failed_FAIL3_row"
                class="testMethodStatusFAIL">
               <td width="100%" class="firstMethodCell">
                  <a onclick="toggleDetailsVisibility('com.sample.test1.brandsearch_test2in1_byStatus_failed_FAIL3_details')">test2in1(abc)</a>
               </td>
               <td nowrap="true">08:39:33</td>
               <td nowrap="true" align="right">619 ms
                  
               </td>
               <td nowrap="true">
                  <a onclick="toggleDetailsVisibility('com.sample.test1.brandsearch_test2in1_byStatus_failed_FAIL3_exception')">java.lang.AssertionError: 
                     expected [true] but found [false]
                     
                  </a>
                   
                  
               </td>
            </tr>
            <tr>
               <td colspan="4" class="detailsBox">
                  <div id="com.sample.test1.brandsearch_test2in1_byStatus_failed_FAIL3_details"
                       class="testMethodDetails">
                     <div>
                        <b>Name: </b>test2in1
                     </div>
                     <div>
                        <b>Signature: </b>test2in1(java.lang.String)[pri:0, instance:com.sample.test1.brandsearch@6647dc79]
                     </div>
                     <div>
                        <b>Parameters: </b>
                        
                        abc
                        
                        
                     </div>
                     <div>
                        <b>Start time: </b>08:39:33
                     </div>
                     <div>
                        <b>End time: </b>08:39:33
                     </div>
                     <div>
                        <b>Duration: </b>619 ms
                        
                     </div>
                  </div>
               </td>
            </tr>
            <tr>
               <td colspan="4" class="detailsBox">
                  <div id="com.sample.test1.brandsearch_test2in1_byStatus_failed_FAIL3_exception"
                       class="testMethodDetails">
                     <pre style="padding: 5px; margin: 0;">java.lang.AssertionError: expected [true] but found [false]
                        	at org.testng.Assert.fail(Assert.java:94)
                        	at org.testng.Assert.failNotEquals(Assert.java:494)
                        	at org.testng.Assert.assertTrue(Assert.java:42)
                        	at org.testng.Assert.assertTrue(Assert.java:52)
                        	at com.sample.test1.brandsearch.test2in1(brandsearch.java:60)
                        	at sun.reflect.NativeMethodAccessorImpl.invoke0(Native Method)
                        	at sun.reflect.NativeMethodAccessorImpl.invoke(NativeMethodAccessorImpl.java:57)
                        	at sun.reflect.DelegatingMethodAccessorImpl.invoke(DelegatingMethodAccessorImpl.java:43)
                        	at java.lang.reflect.Method.invoke(Method.java:606)
                        	at org.testng.internal.MethodInvocationHelper.invokeMethod(MethodInvocationHelper.java:84)
                        	at org.testng.internal.Invoker.invokeMethod(Invoker.java:714)
                        	at org.testng.internal.Invoker.invokeTestMethod(Invoker.java:901)
                        	at org.testng.internal.Invoker.invokeTestMethods(Invoker.java:1231)
                        	at org.testng.internal.TestMethodWorker.invokeTestMethods(TestMethodWorker.java:127)
                        	at org.testng.internal.TestMethodWorker.run(TestMethodWorker.java:111)
                        	at org.testng.TestRunner.privateRun(TestRunner.java:767)
                        	at org.testng.TestRunner.run(TestRunner.java:617)
                        	at org.testng.SuiteRunner.runTest(SuiteRunner.java:334)
                        	at org.testng.SuiteRunner.runSequentially(SuiteRunner.java:329)
                        	at org.testng.SuiteRunner.privateRun(SuiteRunner.java:291)
                        	at org.testng.SuiteRunner.run(SuiteRunner.java:240)
                        	at org.testng.SuiteRunnerWorker.runSuite(SuiteRunnerWorker.java:52)
                        	at org.testng.SuiteRunnerWorker.run(SuiteRunnerWorker.java:86)
                        	at org.testng.TestNG.runSuitesSequentially(TestNG.java:1224)
                        	at org.testng.TestNG.runSuitesSequentially(TestNG.java:1220)
                        	at org.testng.TestNG.runSuitesLocally(TestNG.java:1149)
                        	at org.testng.TestNG.run(TestNG.java:1057)
                        	at org.testng.TestNG.privateMain(TestNG.java:1364)
                        	at org.testng.TestNG.main(TestNG.java:1333)
                     </pre>
                  </div>
               </td>
            </tr>
            <tr id="com.sample.test1.brandsearch_test2in1_byStatus_failed_FAIL4_row"
                class="testMethodStatusFAIL">
               <td width="100%" class="firstMethodCell">
                  <a onclick="toggleDetailsVisibility('com.sample.test1.brandsearch_test2in1_byStatus_failed_FAIL4_details')">test2in1(abc@123)</a>
               </td>
               <td nowrap="true">08:39:34</td>
               <td nowrap="true" align="right">657 ms
                  
               </td>
               <td nowrap="true">
                  <a onclick="toggleDetailsVisibility('com.sample.test1.brandsearch_test2in1_byStatus_failed_FAIL4_exception')">java.lang.AssertionError: 
                     expected [true] but found [false]
                     
                  </a>
                   
                  
               </td>
            </tr>
            <tr>
               <td colspan="4" class="detailsBox">
                  <div id="com.sample.test1.brandsearch_test2in1_byStatus_failed_FAIL4_details"
                       class="testMethodDetails">
                     <div>
                        <b>Name: </b>test2in1
                     </div>
                     <div>
                        <b>Signature: </b>test2in1(java.lang.String)[pri:0, instance:com.sample.test1.brandsearch@6647dc79]
                     </div>
                     <div>
                        <b>Parameters: </b>
                        
                        abc@123
                        
                        
                     </div>
                     <div>
                        <b>Start time: </b>08:39:34
                     </div>
                     <div>
                        <b>End time: </b>08:39:34
                     </div>
                     <div>
                        <b>Duration: </b>657 ms
                        
                     </div>
                  </div>
               </td>
            </tr>
            <tr>
               <td colspan="4" class="detailsBox">
                  <div id="com.sample.test1.brandsearch_test2in1_byStatus_failed_FAIL4_exception"
                       class="testMethodDetails">
                     <pre style="padding: 5px; margin: 0;">java.lang.AssertionError: expected [true] but found [false]
                        	at org.testng.Assert.fail(Assert.java:94)
                        	at org.testng.Assert.failNotEquals(Assert.java:494)
                        	at org.testng.Assert.assertTrue(Assert.java:42)
                        	at org.testng.Assert.assertTrue(Assert.java:52)
                        	at com.sample.test1.brandsearch.test2in1(brandsearch.java:60)
                        	at sun.reflect.NativeMethodAccessorImpl.invoke0(Native Method)
                        	at sun.reflect.NativeMethodAccessorImpl.invoke(NativeMethodAccessorImpl.java:57)
                        	at sun.reflect.DelegatingMethodAccessorImpl.invoke(DelegatingMethodAccessorImpl.java:43)
                        	at java.lang.reflect.Method.invoke(Method.java:606)
                        	at org.testng.internal.MethodInvocationHelper.invokeMethod(MethodInvocationHelper.java:84)
                        	at org.testng.internal.Invoker.invokeMethod(Invoker.java:714)
                        	at org.testng.internal.Invoker.invokeTestMethod(Invoker.java:901)
                        	at org.testng.internal.Invoker.invokeTestMethods(Invoker.java:1231)
                        	at org.testng.internal.TestMethodWorker.invokeTestMethods(TestMethodWorker.java:127)
                        	at org.testng.internal.TestMethodWorker.run(TestMethodWorker.java:111)
                        	at org.testng.TestRunner.privateRun(TestRunner.java:767)
                        	at org.testng.TestRunner.run(TestRunner.java:617)
                        	at org.testng.SuiteRunner.runTest(SuiteRunner.java:334)
                        	at org.testng.SuiteRunner.runSequentially(SuiteRunner.java:329)
                        	at org.testng.SuiteRunner.privateRun(SuiteRunner.java:291)
                        	at org.testng.SuiteRunner.run(SuiteRunner.java:240)
                        	at org.testng.SuiteRunnerWorker.runSuite(SuiteRunnerWorker.java:52)
                        	at org.testng.SuiteRunnerWorker.run(SuiteRunnerWorker.java:86)
                        	at org.testng.TestNG.runSuitesSequentially(TestNG.java:1224)
                        	at org.testng.TestNG.runSuitesSequentially(TestNG.java:1220)
                        	at org.testng.TestNG.runSuitesLocally(TestNG.java:1149)
                        	at org.testng.TestNG.run(TestNG.java:1057)
                        	at org.testng.TestNG.privateMain(TestNG.java:1364)
                        	at org.testng.TestNG.main(TestNG.java:1333)
                     </pre>
                  </div>
               </td>
            </tr>
            <tr id="com.sample.test1.brandsearch_test2in1_byStatus_failed_FAIL5_row"
                class="testMethodStatusFAIL">
               <td width="100%" class="firstMethodCell">
                  <a onclick="toggleDetailsVisibility('com.sample.test1.brandsearch_test2in1_byStatus_failed_FAIL5_details')">test2in1(Peter)</a>
               </td>
               <td nowrap="true">08:39:34</td>
               <td nowrap="true" align="right">675 ms
                  
               </td>
               <td nowrap="true">
                  <a onclick="toggleDetailsVisibility('com.sample.test1.brandsearch_test2in1_byStatus_failed_FAIL5_exception')">java.lang.AssertionError: 
                     expected [true] but found [false]
                     
                  </a>
                   
                  
               </td>
            </tr>
            <tr>
               <td colspan="4" class="detailsBox">
                  <div id="com.sample.test1.brandsearch_test2in1_byStatus_failed_FAIL5_details"
                       class="testMethodDetails">
                     <div>
                        <b>Name: </b>test2in1
                     </div>
                     <div>
                        <b>Signature: </b>test2in1(java.lang.String)[pri:0, instance:com.sample.test1.brandsearch@6647dc79]
                     </div>
                     <div>
                        <b>Parameters: </b>
                        
                        Peter
                        
                        
                     </div>
                     <div>
                        <b>Start time: </b>08:39:34
                     </div>
                     <div>
                        <b>End time: </b>08:39:35
                     </div>
                     <div>
                        <b>Duration: </b>675 ms
                        
                     </div>
                  </div>
               </td>
            </tr>
            <tr>
               <td colspan="4" class="detailsBox">
                  <div id="com.sample.test1.brandsearch_test2in1_byStatus_failed_FAIL5_exception"
                       class="testMethodDetails">
                     <pre style="padding: 5px; margin: 0;">java.lang.AssertionError: expected [true] but found [false]
                        	at org.testng.Assert.fail(Assert.java:94)
                        	at org.testng.Assert.failNotEquals(Assert.java:494)
                        	at org.testng.Assert.assertTrue(Assert.java:42)
                        	at org.testng.Assert.assertTrue(Assert.java:52)
                        	at com.sample.test1.brandsearch.test2in1(brandsearch.java:60)
                        	at sun.reflect.NativeMethodAccessorImpl.invoke0(Native Method)
                        	at sun.reflect.NativeMethodAccessorImpl.invoke(NativeMethodAccessorImpl.java:57)
                        	at sun.reflect.DelegatingMethodAccessorImpl.invoke(DelegatingMethodAccessorImpl.java:43)
                        	at java.lang.reflect.Method.invoke(Method.java:606)
                        	at org.testng.internal.MethodInvocationHelper.invokeMethod(MethodInvocationHelper.java:84)
                        	at org.testng.internal.Invoker.invokeMethod(Invoker.java:714)
                        	at org.testng.internal.Invoker.invokeTestMethod(Invoker.java:901)
                        	at org.testng.internal.Invoker.invokeTestMethods(Invoker.java:1231)
                        	at org.testng.internal.TestMethodWorker.invokeTestMethods(TestMethodWorker.java:127)
                        	at org.testng.internal.TestMethodWorker.run(TestMethodWorker.java:111)
                        	at org.testng.TestRunner.privateRun(TestRunner.java:767)
                        	at org.testng.TestRunner.run(TestRunner.java:617)
                        	at org.testng.SuiteRunner.runTest(SuiteRunner.java:334)
                        	at org.testng.SuiteRunner.runSequentially(SuiteRunner.java:329)
                        	at org.testng.SuiteRunner.privateRun(SuiteRunner.java:291)
                        	at org.testng.SuiteRunner.run(SuiteRunner.java:240)
                        	at org.testng.SuiteRunnerWorker.runSuite(SuiteRunnerWorker.java:52)
                        	at org.testng.SuiteRunnerWorker.run(SuiteRunnerWorker.java:86)
                        	at org.testng.TestNG.runSuitesSequentially(TestNG.java:1224)
                        	at org.testng.TestNG.runSuitesSequentially(TestNG.java:1220)
                        	at org.testng.TestNG.runSuitesLocally(TestNG.java:1149)
                        	at org.testng.TestNG.run(TestNG.java:1057)
                        	at org.testng.TestNG.privateMain(TestNG.java:1364)
                        	at org.testng.TestNG.main(TestNG.java:1333)
                     </pre>
                  </div>
               </td>
            </tr>
            <tr id="com.sample.test1.brandsearch_checktestcaserunnable_byStatus_passed_PASS1_row"
                class="testMethodStatusPASS testMethodStatusCONF">
               <td width="100%" class="firstMethodCell">
                  <a onclick="toggleDetailsVisibility('com.sample.test1.brandsearch_checktestcaserunnable_byStatus_passed_PASS1_details')">checktestcaserunnable()</a>
               </td>
               <td nowrap="true">08:39:27</td>
               <td nowrap="true" align="right">5 ms
                  
               </td>
               <td nowrap="true">
                   
                  
               </td>
            </tr>
            <tr>
               <td colspan="4" class="detailsBox">
                  <div id="com.sample.test1.brandsearch_checktestcaserunnable_byStatus_passed_PASS1_details"
                       class="testMethodDetails">
                     <div>
                        <b>Name: </b>checktestcaserunnable
                     </div>
                     <div>
                        <b>Signature: </b>checktestcaserunnable()[pri:0, instance:com.sample.test1.brandsearch@6647dc79]
                     </div>
                     <div>
                        <b>Start time: </b>08:39:27
                     </div>
                     <div>
                        <b>End time: </b>08:39:27
                     </div>
                     <div>
                        <b>Duration: </b>5 ms
                        
                     </div>
                  </div>
               </td>
            </tr>
            <tr></tr>
            <tr id="com.sample.test1.brandsearch_setresultforData_byStatus_passed_PASS2_row"
                class="testMethodStatusPASS testMethodStatusCONF">
               <td width="100%" class="firstMethodCell">
                  <a onclick="toggleDetailsVisibility('com.sample.test1.brandsearch_setresultforData_byStatus_passed_PASS2_details')">setresultforData()</a>
               </td>
               <td nowrap="true">08:39:30</td>
               <td nowrap="true" align="right">2s
                  
               </td>
               <td nowrap="true">
                   
                  
               </td>
            </tr>
            <tr>
               <td colspan="4" class="detailsBox">
                  <div id="com.sample.test1.brandsearch_setresultforData_byStatus_passed_PASS2_details"
                       class="testMethodDetails">
                     <div>
                        <b>Name: </b>setresultforData
                     </div>
                     <div>
                        <b>Signature: </b>setresultforData()[pri:0, instance:com.sample.test1.brandsearch@6647dc79]
                     </div>
                     <div>
                        <b>Start time: </b>08:39:30
                     </div>
                     <div>
                        <b>End time: </b>08:39:32
                     </div>
                     <div>
                        <b>Duration: </b>2s
                        
                     </div>
                  </div>
               </td>
            </tr>
            <tr></tr>
            <tr id="com.sample.test1.brandsearch_checktestcaserunnable_byStatus_passed_PASS3_row"
                class="testMethodStatusPASS testMethodStatusCONF">
               <td width="100%" class="firstMethodCell">
                  <a onclick="toggleDetailsVisibility('com.sample.test1.brandsearch_checktestcaserunnable_byStatus_passed_PASS3_details')">checktestcaserunnable()</a>
               </td>
               <td nowrap="true">08:39:32</td>
               <td nowrap="true" align="right">4 ms
                  
               </td>
               <td nowrap="true">
                   
                  
               </td>
            </tr>
            <tr>
               <td colspan="4" class="detailsBox">
                  <div id="com.sample.test1.brandsearch_checktestcaserunnable_byStatus_passed_PASS3_details"
                       class="testMethodDetails">
                     <div>
                        <b>Name: </b>checktestcaserunnable
                     </div>
                     <div>
                        <b>Signature: </b>checktestcaserunnable()[pri:0, instance:com.sample.test1.brandsearch@6647dc79]
                     </div>
                     <div>
                        <b>Start time: </b>08:39:32
                     </div>
                     <div>
                        <b>End time: </b>08:39:32
                     </div>
                     <div>
                        <b>Duration: </b>4 ms
                        
                     </div>
                  </div>
               </td>
            </tr>
            <tr></tr>
            <tr id="com.sample.test1.brandsearch_setresultforData_byStatus_passed_PASS4_row"
                class="testMethodStatusPASS testMethodStatusCONF">
               <td width="100%" class="firstMethodCell">
                  <a onclick="toggleDetailsVisibility('com.sample.test1.brandsearch_setresultforData_byStatus_passed_PASS4_details')">setresultforData()</a>
               </td>
               <td nowrap="true">08:39:33</td>
               <td nowrap="true" align="right">142 ms
                  
               </td>
               <td nowrap="true">
                   
                  
               </td>
            </tr>
            <tr>
               <td colspan="4" class="detailsBox">
                  <div id="com.sample.test1.brandsearch_setresultforData_byStatus_passed_PASS4_details"
                       class="testMethodDetails">
                     <div>
                        <b>Name: </b>setresultforData
                     </div>
                     <div>
                        <b>Signature: </b>setresultforData()[pri:0, instance:com.sample.test1.brandsearch@6647dc79]
                     </div>
                     <div>
                        <b>Start time: </b>08:39:33
                     </div>
                     <div>
                        <b>End time: </b>08:39:33
                     </div>
                     <div>
                        <b>Duration: </b>142 ms
                        
                     </div>
                  </div>
               </td>
            </tr>
            <tr></tr>
            <tr id="com.sample.test1.brandsearch_checktestcaserunnable_byStatus_passed_PASS5_row"
                class="testMethodStatusPASS testMethodStatusCONF">
               <td width="100%" class="firstMethodCell">
                  <a onclick="toggleDetailsVisibility('com.sample.test1.brandsearch_checktestcaserunnable_byStatus_passed_PASS5_details')">checktestcaserunnable()</a>
               </td>
               <td nowrap="true">08:39:33</td>
               <td nowrap="true" align="right">4 ms
                  
               </td>
               <td nowrap="true">
                   
                  
               </td>
            </tr>
            <tr>
               <td colspan="4" class="detailsBox">
                  <div id="com.sample.test1.brandsearch_checktestcaserunnable_byStatus_passed_PASS5_details"
                       class="testMethodDetails">
                     <div>
                        <b>Name: </b>checktestcaserunnable
                     </div>
                     <div>
                        <b>Signature: </b>checktestcaserunnable()[pri:0, instance:com.sample.test1.brandsearch@6647dc79]
                     </div>
                     <div>
                        <b>Start time: </b>08:39:33
                     </div>
                     <div>
                        <b>End time: </b>08:39:33
                     </div>
                     <div>
                        <b>Duration: </b>4 ms
                        
                     </div>
                  </div>
               </td>
            </tr>
            <tr></tr>
            <tr id="com.sample.test1.brandsearch_setresultforData_byStatus_passed_PASS6_row"
                class="testMethodStatusPASS testMethodStatusCONF">
               <td width="100%" class="firstMethodCell">
                  <a onclick="toggleDetailsVisibility('com.sample.test1.brandsearch_setresultforData_byStatus_passed_PASS6_details')">setresultforData()</a>
               </td>
               <td nowrap="true">08:39:33</td>
               <td nowrap="true" align="right">215 ms
                  
               </td>
               <td nowrap="true">
                   
                  
               </td>
            </tr>
            <tr>
               <td colspan="4" class="detailsBox">
                  <div id="com.sample.test1.brandsearch_setresultforData_byStatus_passed_PASS6_details"
                       class="testMethodDetails">
                     <div>
                        <b>Name: </b>setresultforData
                     </div>
                     <div>
                        <b>Signature: </b>setresultforData()[pri:0, instance:com.sample.test1.brandsearch@6647dc79]
                     </div>
                     <div>
                        <b>Start time: </b>08:39:33
                     </div>
                     <div>
                        <b>End time: </b>08:39:34
                     </div>
                     <div>
                        <b>Duration: </b>215 ms
                        
                     </div>
                  </div>
               </td>
            </tr>
            <tr></tr>
            <tr id="com.sample.test1.brandsearch_checktestcaserunnable_byStatus_passed_PASS7_row"
                class="testMethodStatusPASS testMethodStatusCONF">
               <td width="100%" class="firstMethodCell">
                  <a onclick="toggleDetailsVisibility('com.sample.test1.brandsearch_checktestcaserunnable_byStatus_passed_PASS7_details')">checktestcaserunnable()</a>
               </td>
               <td nowrap="true">08:39:34</td>
               <td nowrap="true" align="right">4 ms
                  
               </td>
               <td nowrap="true">
                   
                  
               </td>
            </tr>
            <tr>
               <td colspan="4" class="detailsBox">
                  <div id="com.sample.test1.brandsearch_checktestcaserunnable_byStatus_passed_PASS7_details"
                       class="testMethodDetails">
                     <div>
                        <b>Name: </b>checktestcaserunnable
                     </div>
                     <div>
                        <b>Signature: </b>checktestcaserunnable()[pri:0, instance:com.sample.test1.brandsearch@6647dc79]
                     </div>
                     <div>
                        <b>Start time: </b>08:39:34
                     </div>
                     <div>
                        <b>End time: </b>08:39:34
                     </div>
                     <div>
                        <b>Duration: </b>4 ms
                        
                     </div>
                  </div>
               </td>
            </tr>
            <tr></tr>
            <tr id="com.sample.test1.brandsearch_setresultforData_byStatus_passed_PASS8_row"
                class="testMethodStatusPASS testMethodStatusCONF">
               <td width="100%" class="firstMethodCell">
                  <a onclick="toggleDetailsVisibility('com.sample.test1.brandsearch_setresultforData_byStatus_passed_PASS8_details')">setresultforData()</a>
               </td>
               <td nowrap="true">08:39:34</td>
               <td nowrap="true" align="right">144 ms
                  
               </td>
               <td nowrap="true">
                   
                  
               </td>
            </tr>
            <tr>
               <td colspan="4" class="detailsBox">
                  <div id="com.sample.test1.brandsearch_setresultforData_byStatus_passed_PASS8_details"
                       class="testMethodDetails">
                     <div>
                        <b>Name: </b>setresultforData
                     </div>
                     <div>
                        <b>Signature: </b>setresultforData()[pri:0, instance:com.sample.test1.brandsearch@6647dc79]
                     </div>
                     <div>
                        <b>Start time: </b>08:39:34
                     </div>
                     <div>
                        <b>End time: </b>08:39:34
                     </div>
                     <div>
                        <b>Duration: </b>144 ms
                        
                     </div>
                  </div>
               </td>
            </tr>
            <tr></tr>
            <tr id="com.sample.test1.brandsearch_checktestcaserunnable_byStatus_passed_PASS9_row"
                class="testMethodStatusPASS testMethodStatusCONF">
               <td width="100%" class="firstMethodCell">
                  <a onclick="toggleDetailsVisibility('com.sample.test1.brandsearch_checktestcaserunnable_byStatus_passed_PASS9_details')">checktestcaserunnable()</a>
               </td>
               <td nowrap="true">08:39:34</td>
               <td nowrap="true" align="right">4 ms
                  
               </td>
               <td nowrap="true">
                   
                  
               </td>
            </tr>
            <tr>
               <td colspan="4" class="detailsBox">
                  <div id="com.sample.test1.brandsearch_checktestcaserunnable_byStatus_passed_PASS9_details"
                       class="testMethodDetails">
                     <div>
                        <b>Name: </b>checktestcaserunnable
                     </div>
                     <div>
                        <b>Signature: </b>checktestcaserunnable()[pri:0, instance:com.sample.test1.brandsearch@6647dc79]
                     </div>
                     <div>
                        <b>Start time: </b>08:39:34
                     </div>
                     <div>
                        <b>End time: </b>08:39:34
                     </div>
                     <div>
                        <b>Duration: </b>4 ms
                        
                     </div>
                  </div>
               </td>
            </tr>
            <tr></tr>
            <tr id="com.sample.test1.brandsearch_setresultforData_byStatus_passed_PASS10_row"
                class="testMethodStatusPASS testMethodStatusCONF">
               <td width="100%" class="firstMethodCell">
                  <a onclick="toggleDetailsVisibility('com.sample.test1.brandsearch_setresultforData_byStatus_passed_PASS10_details')">setresultforData()</a>
               </td>
               <td nowrap="true">08:39:35</td>
               <td nowrap="true" align="right">144 ms
                  
               </td>
               <td nowrap="true">
                   
                  
               </td>
            </tr>
            <tr>
               <td colspan="4" class="detailsBox">
                  <div id="com.sample.test1.brandsearch_setresultforData_byStatus_passed_PASS10_details"
                       class="testMethodDetails">
                     <div>
                        <b>Name: </b>setresultforData
                     </div>
                     <div>
                        <b>Signature: </b>setresultforData()[pri:0, instance:com.sample.test1.brandsearch@6647dc79]
                     </div>
                     <div>
                        <b>Start time: </b>08:39:35
                     </div>
                     <div>
                        <b>End time: </b>08:39:35
                     </div>
                     <div>
                        <b>Duration: </b>144 ms
                        
                     </div>
                  </div>
               </td>
            </tr>
            <tr></tr>
         </table>
      </div>
      <div id="testMethodsByClass" style="display: none;">
         <table class="testMethodsTable" cellpadding="0" cellspacing="0">
            <tr>
               <td colspan="4">
                  <h3 style="display: inline;">com.sample.test1.brandsearch</h3>
               </td>
            </tr>
            <tr class="methodsTableHeader">
               <td width="100%">Name</td>
               <td nowrap="true">Started</td>
               <td nowrap="true">Duration</td>
               <td>Exception</td>
            </tr>
            <tr id="com.sample.test1.brandsearch_checktestcaserunnable_byClass_PASS1_row"
                class="testMethodStatusPASS testMethodStatusCONF">
               <td width="100%" class="firstMethodCell">
                  <a onclick="toggleDetailsVisibility('com.sample.test1.brandsearch_checktestcaserunnable_byClass_PASS1_details')">checktestcaserunnable()</a>
               </td>
               <td nowrap="true">08:39:27</td>
               <td nowrap="true" align="right">5 ms
                  
               </td>
               <td nowrap="true">
                   
                  
               </td>
            </tr>
            <tr>
               <td colspan="4" class="detailsBox">
                  <div id="com.sample.test1.brandsearch_checktestcaserunnable_byClass_PASS1_details"
                       class="testMethodDetails">
                     <div>
                        <b>Name: </b>checktestcaserunnable
                     </div>
                     <div>
                        <b>Signature: </b>checktestcaserunnable()[pri:0, instance:com.sample.test1.brandsearch@6647dc79]
                     </div>
                     <div>
                        <b>Start time: </b>08:39:27
                     </div>
                     <div>
                        <b>End time: </b>08:39:27
                     </div>
                     <div>
                        <b>Duration: </b>5 ms
                        
                     </div>
                  </div>
               </td>
            </tr>
            <tr></tr>
            <tr id="com.sample.test1.brandsearch_test2in1_byClass_FAIL2_row"
                class="testMethodStatusFAIL">
               <td width="100%" class="firstMethodCell">
                  <a onclick="toggleDetailsVisibility('com.sample.test1.brandsearch_test2in1_byClass_FAIL2_details')">test2in1(P)</a>
               </td>
               <td nowrap="true">08:39:27</td>
               <td nowrap="true" align="right">3s
                  
               </td>
               <td nowrap="true">
                  <a onclick="toggleDetailsVisibility('com.sample.test1.brandsearch_test2in1_byClass_FAIL2_exception')">java.lang.AssertionError: 
                     expected [true] but found [false]
                     
                  </a>
                   
                  
               </td>
            </tr>
            <tr>
               <td colspan="4" class="detailsBox">
                  <div id="com.sample.test1.brandsearch_test2in1_byClass_FAIL2_details"
                       class="testMethodDetails">
                     <div>
                        <b>Name: </b>test2in1
                     </div>
                     <div>
                        <b>Signature: </b>test2in1(java.lang.String)[pri:0, instance:com.sample.test1.brandsearch@6647dc79]
                     </div>
                     <div>
                        <b>Parameters: </b>
                        
                        P
                        
                        
                     </div>
                     <div>
                        <b>Start time: </b>08:39:27
                     </div>
                     <div>
                        <b>End time: </b>08:39:30
                     </div>
                     <div>
                        <b>Duration: </b>3s
                        
                     </div>
                  </div>
               </td>
            </tr>
            <tr>
               <td colspan="4" class="detailsBox">
                  <div id="com.sample.test1.brandsearch_test2in1_byClass_FAIL2_exception"
                       class="testMethodDetails">
                     <pre style="padding: 5px; margin: 0;">java.lang.AssertionError: expected [true] but found [false]
                        	at org.testng.Assert.fail(Assert.java:94)
                        	at org.testng.Assert.failNotEquals(Assert.java:494)
                        	at org.testng.Assert.assertTrue(Assert.java:42)
                        	at org.testng.Assert.assertTrue(Assert.java:52)
                        	at com.sample.test1.brandsearch.test2in1(brandsearch.java:60)
                        	at sun.reflect.NativeMethodAccessorImpl.invoke0(Native Method)
                        	at sun.reflect.NativeMethodAccessorImpl.invoke(NativeMethodAccessorImpl.java:57)
                        	at sun.reflect.DelegatingMethodAccessorImpl.invoke(DelegatingMethodAccessorImpl.java:43)
                        	at java.lang.reflect.Method.invoke(Method.java:606)
                        	at org.testng.internal.MethodInvocationHelper.invokeMethod(MethodInvocationHelper.java:84)
                        	at org.testng.internal.Invoker.invokeMethod(Invoker.java:714)
                        	at org.testng.internal.Invoker.invokeTestMethod(Invoker.java:901)
                        	at org.testng.internal.Invoker.invokeTestMethods(Invoker.java:1231)
                        	at org.testng.internal.TestMethodWorker.invokeTestMethods(TestMethodWorker.java:127)
                        	at org.testng.internal.TestMethodWorker.run(TestMethodWorker.java:111)
                        	at org.testng.TestRunner.privateRun(TestRunner.java:767)
                        	at org.testng.TestRunner.run(TestRunner.java:617)
                        	at org.testng.SuiteRunner.runTest(SuiteRunner.java:334)
                        	at org.testng.SuiteRunner.runSequentially(SuiteRunner.java:329)
                        	at org.testng.SuiteRunner.privateRun(SuiteRunner.java:291)
                        	at org.testng.SuiteRunner.run(SuiteRunner.java:240)
                        	at org.testng.SuiteRunnerWorker.runSuite(SuiteRunnerWorker.java:52)
                        	at org.testng.SuiteRunnerWorker.run(SuiteRunnerWorker.java:86)
                        	at org.testng.TestNG.runSuitesSequentially(TestNG.java:1224)
                        	at org.testng.TestNG.runSuitesSequentially(TestNG.java:1220)
                        	at org.testng.TestNG.runSuitesLocally(TestNG.java:1149)
                        	at org.testng.TestNG.run(TestNG.java:1057)
                        	at org.testng.TestNG.privateMain(TestNG.java:1364)
                        	at org.testng.TestNG.main(TestNG.java:1333)
                     </pre>
                  </div>
               </td>
            </tr>
            <tr id="com.sample.test1.brandsearch_setresultforData_byClass_PASS3_row"
                class="testMethodStatusPASS testMethodStatusCONF">
               <td width="100%" class="firstMethodCell">
                  <a onclick="toggleDetailsVisibility('com.sample.test1.brandsearch_setresultforData_byClass_PASS3_details')">setresultforData()</a>
               </td>
               <td nowrap="true">08:39:30</td>
               <td nowrap="true" align="right">2s
                  
               </td>
               <td nowrap="true">
                   
                  
               </td>
            </tr>
            <tr>
               <td colspan="4" class="detailsBox">
                  <div id="com.sample.test1.brandsearch_setresultforData_byClass_PASS3_details"
                       class="testMethodDetails">
                     <div>
                        <b>Name: </b>setresultforData
                     </div>
                     <div>
                        <b>Signature: </b>setresultforData()[pri:0, instance:com.sample.test1.brandsearch@6647dc79]
                     </div>
                     <div>
                        <b>Start time: </b>08:39:30
                     </div>
                     <div>
                        <b>End time: </b>08:39:32
                     </div>
                     <div>
                        <b>Duration: </b>2s
                        
                     </div>
                  </div>
               </td>
            </tr>
            <tr></tr>
            <tr id="com.sample.test1.brandsearch_checktestcaserunnable_byClass_PASS4_row"
                class="testMethodStatusPASS testMethodStatusCONF">
               <td width="100%" class="firstMethodCell">
                  <a onclick="toggleDetailsVisibility('com.sample.test1.brandsearch_checktestcaserunnable_byClass_PASS4_details')">checktestcaserunnable()</a>
               </td>
               <td nowrap="true">08:39:32</td>
               <td nowrap="true" align="right">4 ms
                  
               </td>
               <td nowrap="true">
                   
                  
               </td>
            </tr>
            <tr>
               <td colspan="4" class="detailsBox">
                  <div id="com.sample.test1.brandsearch_checktestcaserunnable_byClass_PASS4_details"
                       class="testMethodDetails">
                     <div>
                        <b>Name: </b>checktestcaserunnable
                     </div>
                     <div>
                        <b>Signature: </b>checktestcaserunnable()[pri:0, instance:com.sample.test1.brandsearch@6647dc79]
                     </div>
                     <div>
                        <b>Start time: </b>08:39:32
                     </div>
                     <div>
                        <b>End time: </b>08:39:32
                     </div>
                     <div>
                        <b>Duration: </b>4 ms
                        
                     </div>
                  </div>
               </td>
            </tr>
            <tr></tr>
            <tr id="com.sample.test1.brandsearch_test2in1_byClass_FAIL5_row"
                class="testMethodStatusFAIL">
               <td width="100%" class="firstMethodCell">
                  <a onclick="toggleDetailsVisibility('com.sample.test1.brandsearch_test2in1_byClass_FAIL5_details')">test2in1(1.0)</a>
               </td>
               <td nowrap="true">08:39:32</td>
               <td nowrap="true" align="right">651 ms
                  
               </td>
               <td nowrap="true">
                  <a onclick="toggleDetailsVisibility('com.sample.test1.brandsearch_test2in1_byClass_FAIL5_exception')">java.lang.AssertionError: 
                     expected [true] but found [false]
                     
                  </a>
                   
                  
               </td>
            </tr>
            <tr>
               <td colspan="4" class="detailsBox">
                  <div id="com.sample.test1.brandsearch_test2in1_byClass_FAIL5_details"
                       class="testMethodDetails">
                     <div>
                        <b>Name: </b>test2in1
                     </div>
                     <div>
                        <b>Signature: </b>test2in1(java.lang.String)[pri:0, instance:com.sample.test1.brandsearch@6647dc79]
                     </div>
                     <div>
                        <b>Parameters: </b>
                        
                        1.0
                        
                        
                     </div>
                     <div>
                        <b>Start time: </b>08:39:32
                     </div>
                     <div>
                        <b>End time: </b>08:39:33
                     </div>
                     <div>
                        <b>Duration: </b>651 ms
                        
                     </div>
                  </div>
               </td>
            </tr>
            <tr>
               <td colspan="4" class="detailsBox">
                  <div id="com.sample.test1.brandsearch_test2in1_byClass_FAIL5_exception"
                       class="testMethodDetails">
                     <pre style="padding: 5px; margin: 0;">java.lang.AssertionError: expected [true] but found [false]
                        	at org.testng.Assert.fail(Assert.java:94)
                        	at org.testng.Assert.failNotEquals(Assert.java:494)
                        	at org.testng.Assert.assertTrue(Assert.java:42)
                        	at org.testng.Assert.assertTrue(Assert.java:52)
                        	at com.sample.test1.brandsearch.test2in1(brandsearch.java:60)
                        	at sun.reflect.NativeMethodAccessorImpl.invoke0(Native Method)
                        	at sun.reflect.NativeMethodAccessorImpl.invoke(NativeMethodAccessorImpl.java:57)
                        	at sun.reflect.DelegatingMethodAccessorImpl.invoke(DelegatingMethodAccessorImpl.java:43)
                        	at java.lang.reflect.Method.invoke(Method.java:606)
                        	at org.testng.internal.MethodInvocationHelper.invokeMethod(MethodInvocationHelper.java:84)
                        	at org.testng.internal.Invoker.invokeMethod(Invoker.java:714)
                        	at org.testng.internal.Invoker.invokeTestMethod(Invoker.java:901)
                        	at org.testng.internal.Invoker.invokeTestMethods(Invoker.java:1231)
                        	at org.testng.internal.TestMethodWorker.invokeTestMethods(TestMethodWorker.java:127)
                        	at org.testng.internal.TestMethodWorker.run(TestMethodWorker.java:111)
                        	at org.testng.TestRunner.privateRun(TestRunner.java:767)
                        	at org.testng.TestRunner.run(TestRunner.java:617)
                        	at org.testng.SuiteRunner.runTest(SuiteRunner.java:334)
                        	at org.testng.SuiteRunner.runSequentially(SuiteRunner.java:329)
                        	at org.testng.SuiteRunner.privateRun(SuiteRunner.java:291)
                        	at org.testng.SuiteRunner.run(SuiteRunner.java:240)
                        	at org.testng.SuiteRunnerWorker.runSuite(SuiteRunnerWorker.java:52)
                        	at org.testng.SuiteRunnerWorker.run(SuiteRunnerWorker.java:86)
                        	at org.testng.TestNG.runSuitesSequentially(TestNG.java:1224)
                        	at org.testng.TestNG.runSuitesSequentially(TestNG.java:1220)
                        	at org.testng.TestNG.runSuitesLocally(TestNG.java:1149)
                        	at org.testng.TestNG.run(TestNG.java:1057)
                        	at org.testng.TestNG.privateMain(TestNG.java:1364)
                        	at org.testng.TestNG.main(TestNG.java:1333)
                     </pre>
                  </div>
               </td>
            </tr>
            <tr id="com.sample.test1.brandsearch_setresultforData_byClass_PASS6_row"
                class="testMethodStatusPASS testMethodStatusCONF">
               <td width="100%" class="firstMethodCell">
                  <a onclick="toggleDetailsVisibility('com.sample.test1.brandsearch_setresultforData_byClass_PASS6_details')">setresultforData()</a>
               </td>
               <td nowrap="true">08:39:33</td>
               <td nowrap="true" align="right">142 ms
                  
               </td>
               <td nowrap="true">
                   
                  
               </td>
            </tr>
            <tr>
               <td colspan="4" class="detailsBox">
                  <div id="com.sample.test1.brandsearch_setresultforData_byClass_PASS6_details"
                       class="testMethodDetails">
                     <div>
                        <b>Name: </b>setresultforData
                     </div>
                     <div>
                        <b>Signature: </b>setresultforData()[pri:0, instance:com.sample.test1.brandsearch@6647dc79]
                     </div>
                     <div>
                        <b>Start time: </b>08:39:33
                     </div>
                     <div>
                        <b>End time: </b>08:39:33
                     </div>
                     <div>
                        <b>Duration: </b>142 ms
                        
                     </div>
                  </div>
               </td>
            </tr>
            <tr></tr>
            <tr id="com.sample.test1.brandsearch_checktestcaserunnable_byClass_PASS7_row"
                class="testMethodStatusPASS testMethodStatusCONF">
               <td width="100%" class="firstMethodCell">
                  <a onclick="toggleDetailsVisibility('com.sample.test1.brandsearch_checktestcaserunnable_byClass_PASS7_details')">checktestcaserunnable()</a>
               </td>
               <td nowrap="true">08:39:33</td>
               <td nowrap="true" align="right">4 ms
                  
               </td>
               <td nowrap="true">
                   
                  
               </td>
            </tr>
            <tr>
               <td colspan="4" class="detailsBox">
                  <div id="com.sample.test1.brandsearch_checktestcaserunnable_byClass_PASS7_details"
                       class="testMethodDetails">
                     <div>
                        <b>Name: </b>checktestcaserunnable
                     </div>
                     <div>
                        <b>Signature: </b>checktestcaserunnable()[pri:0, instance:com.sample.test1.brandsearch@6647dc79]
                     </div>
                     <div>
                        <b>Start time: </b>08:39:33
                     </div>
                     <div>
                        <b>End time: </b>08:39:33
                     </div>
                     <div>
                        <b>Duration: </b>4 ms
                        
                     </div>
                  </div>
               </td>
            </tr>
            <tr></tr>
            <tr id="com.sample.test1.brandsearch_test2in1_byClass_FAIL8_row"
                class="testMethodStatusFAIL">
               <td width="100%" class="firstMethodCell">
                  <a onclick="toggleDetailsVisibility('com.sample.test1.brandsearch_test2in1_byClass_FAIL8_details')">test2in1(abc)</a>
               </td>
               <td nowrap="true">08:39:33</td>
               <td nowrap="true" align="right">619 ms
                  
               </td>
               <td nowrap="true">
                  <a onclick="toggleDetailsVisibility('com.sample.test1.brandsearch_test2in1_byClass_FAIL8_exception')">java.lang.AssertionError: 
                     expected [true] but found [false]
                     
                  </a>
                   
                  
               </td>
            </tr>
            <tr>
               <td colspan="4" class="detailsBox">
                  <div id="com.sample.test1.brandsearch_test2in1_byClass_FAIL8_details"
                       class="testMethodDetails">
                     <div>
                        <b>Name: </b>test2in1
                     </div>
                     <div>
                        <b>Signature: </b>test2in1(java.lang.String)[pri:0, instance:com.sample.test1.brandsearch@6647dc79]
                     </div>
                     <div>
                        <b>Parameters: </b>
                        
                        abc
                        
                        
                     </div>
                     <div>
                        <b>Start time: </b>08:39:33
                     </div>
                     <div>
                        <b>End time: </b>08:39:33
                     </div>
                     <div>
                        <b>Duration: </b>619 ms
                        
                     </div>
                  </div>
               </td>
            </tr>
            <tr>
               <td colspan="4" class="detailsBox">
                  <div id="com.sample.test1.brandsearch_test2in1_byClass_FAIL8_exception"
                       class="testMethodDetails">
                     <pre style="padding: 5px; margin: 0;">java.lang.AssertionError: expected [true] but found [false]
                        	at org.testng.Assert.fail(Assert.java:94)
                        	at org.testng.Assert.failNotEquals(Assert.java:494)
                        	at org.testng.Assert.assertTrue(Assert.java:42)
                        	at org.testng.Assert.assertTrue(Assert.java:52)
                        	at com.sample.test1.brandsearch.test2in1(brandsearch.java:60)
                        	at sun.reflect.NativeMethodAccessorImpl.invoke0(Native Method)
                        	at sun.reflect.NativeMethodAccessorImpl.invoke(NativeMethodAccessorImpl.java:57)
                        	at sun.reflect.DelegatingMethodAccessorImpl.invoke(DelegatingMethodAccessorImpl.java:43)
                        	at java.lang.reflect.Method.invoke(Method.java:606)
                        	at org.testng.internal.MethodInvocationHelper.invokeMethod(MethodInvocationHelper.java:84)
                        	at org.testng.internal.Invoker.invokeMethod(Invoker.java:714)
                        	at org.testng.internal.Invoker.invokeTestMethod(Invoker.java:901)
                        	at org.testng.internal.Invoker.invokeTestMethods(Invoker.java:1231)
                        	at org.testng.internal.TestMethodWorker.invokeTestMethods(TestMethodWorker.java:127)
                        	at org.testng.internal.TestMethodWorker.run(TestMethodWorker.java:111)
                        	at org.testng.TestRunner.privateRun(TestRunner.java:767)
                        	at org.testng.TestRunner.run(TestRunner.java:617)
                        	at org.testng.SuiteRunner.runTest(SuiteRunner.java:334)
                        	at org.testng.SuiteRunner.runSequentially(SuiteRunner.java:329)
                        	at org.testng.SuiteRunner.privateRun(SuiteRunner.java:291)
                        	at org.testng.SuiteRunner.run(SuiteRunner.java:240)
                        	at org.testng.SuiteRunnerWorker.runSuite(SuiteRunnerWorker.java:52)
                        	at org.testng.SuiteRunnerWorker.run(SuiteRunnerWorker.java:86)
                        	at org.testng.TestNG.runSuitesSequentially(TestNG.java:1224)
                        	at org.testng.TestNG.runSuitesSequentially(TestNG.java:1220)
                        	at org.testng.TestNG.runSuitesLocally(TestNG.java:1149)
                        	at org.testng.TestNG.run(TestNG.java:1057)
                        	at org.testng.TestNG.privateMain(TestNG.java:1364)
                        	at org.testng.TestNG.main(TestNG.java:1333)
                     </pre>
                  </div>
               </td>
            </tr>
            <tr id="com.sample.test1.brandsearch_setresultforData_byClass_PASS9_row"
                class="testMethodStatusPASS testMethodStatusCONF">
               <td width="100%" class="firstMethodCell">
                  <a onclick="toggleDetailsVisibility('com.sample.test1.brandsearch_setresultforData_byClass_PASS9_details')">setresultforData()</a>
               </td>
               <td nowrap="true">08:39:33</td>
               <td nowrap="true" align="right">215 ms
                  
               </td>
               <td nowrap="true">
                   
                  
               </td>
            </tr>
            <tr>
               <td colspan="4" class="detailsBox">
                  <div id="com.sample.test1.brandsearch_setresultforData_byClass_PASS9_details"
                       class="testMethodDetails">
                     <div>
                        <b>Name: </b>setresultforData
                     </div>
                     <div>
                        <b>Signature: </b>setresultforData()[pri:0, instance:com.sample.test1.brandsearch@6647dc79]
                     </div>
                     <div>
                        <b>Start time: </b>08:39:33
                     </div>
                     <div>
                        <b>End time: </b>08:39:34
                     </div>
                     <div>
                        <b>Duration: </b>215 ms
                        
                     </div>
                  </div>
               </td>
            </tr>
            <tr></tr>
            <tr id="com.sample.test1.brandsearch_checktestcaserunnable_byClass_PASS10_row"
                class="testMethodStatusPASS testMethodStatusCONF">
               <td width="100%" class="firstMethodCell">
                  <a onclick="toggleDetailsVisibility('com.sample.test1.brandsearch_checktestcaserunnable_byClass_PASS10_details')">checktestcaserunnable()</a>
               </td>
               <td nowrap="true">08:39:34</td>
               <td nowrap="true" align="right">4 ms
                  
               </td>
               <td nowrap="true">
                   
                  
               </td>
            </tr>
            <tr>
               <td colspan="4" class="detailsBox">
                  <div id="com.sample.test1.brandsearch_checktestcaserunnable_byClass_PASS10_details"
                       class="testMethodDetails">
                     <div>
                        <b>Name: </b>checktestcaserunnable
                     </div>
                     <div>
                        <b>Signature: </b>checktestcaserunnable()[pri:0, instance:com.sample.test1.brandsearch@6647dc79]
                     </div>
                     <div>
                        <b>Start time: </b>08:39:34
                     </div>
                     <div>
                        <b>End time: </b>08:39:34
                     </div>
                     <div>
                        <b>Duration: </b>4 ms
                        
                     </div>
                  </div>
               </td>
            </tr>
            <tr></tr>
            <tr id="com.sample.test1.brandsearch_test2in1_byClass_FAIL11_row"
                class="testMethodStatusFAIL">
               <td width="100%" class="firstMethodCell">
                  <a onclick="toggleDetailsVisibility('com.sample.test1.brandsearch_test2in1_byClass_FAIL11_details')">test2in1(abc@123)</a>
               </td>
               <td nowrap="true">08:39:34</td>
               <td nowrap="true" align="right">657 ms
                  
               </td>
               <td nowrap="true">
                  <a onclick="toggleDetailsVisibility('com.sample.test1.brandsearch_test2in1_byClass_FAIL11_exception')">java.lang.AssertionError: 
                     expected [true] but found [false]
                     
                  </a>
                   
                  
               </td>
            </tr>
            <tr>
               <td colspan="4" class="detailsBox">
                  <div id="com.sample.test1.brandsearch_test2in1_byClass_FAIL11_details"
                       class="testMethodDetails">
                     <div>
                        <b>Name: </b>test2in1
                     </div>
                     <div>
                        <b>Signature: </b>test2in1(java.lang.String)[pri:0, instance:com.sample.test1.brandsearch@6647dc79]
                     </div>
                     <div>
                        <b>Parameters: </b>
                        
                        abc@123
                        
                        
                     </div>
                     <div>
                        <b>Start time: </b>08:39:34
                     </div>
                     <div>
                        <b>End time: </b>08:39:34
                     </div>
                     <div>
                        <b>Duration: </b>657 ms
                        
                     </div>
                  </div>
               </td>
            </tr>
            <tr>
               <td colspan="4" class="detailsBox">
                  <div id="com.sample.test1.brandsearch_test2in1_byClass_FAIL11_exception"
                       class="testMethodDetails">
                     <pre style="padding: 5px; margin: 0;">java.lang.AssertionError: expected [true] but found [false]
                        	at org.testng.Assert.fail(Assert.java:94)
                        	at org.testng.Assert.failNotEquals(Assert.java:494)
                        	at org.testng.Assert.assertTrue(Assert.java:42)
                        	at org.testng.Assert.assertTrue(Assert.java:52)
                        	at com.sample.test1.brandsearch.test2in1(brandsearch.java:60)
                        	at sun.reflect.NativeMethodAccessorImpl.invoke0(Native Method)
                        	at sun.reflect.NativeMethodAccessorImpl.invoke(NativeMethodAccessorImpl.java:57)
                        	at sun.reflect.DelegatingMethodAccessorImpl.invoke(DelegatingMethodAccessorImpl.java:43)
                        	at java.lang.reflect.Method.invoke(Method.java:606)
                        	at org.testng.internal.MethodInvocationHelper.invokeMethod(MethodInvocationHelper.java:84)
                        	at org.testng.internal.Invoker.invokeMethod(Invoker.java:714)
                        	at org.testng.internal.Invoker.invokeTestMethod(Invoker.java:901)
                        	at org.testng.internal.Invoker.invokeTestMethods(Invoker.java:1231)
                        	at org.testng.internal.TestMethodWorker.invokeTestMethods(TestMethodWorker.java:127)
                        	at org.testng.internal.TestMethodWorker.run(TestMethodWorker.java:111)
                        	at org.testng.TestRunner.privateRun(TestRunner.java:767)
                        	at org.testng.TestRunner.run(TestRunner.java:617)
                        	at org.testng.SuiteRunner.runTest(SuiteRunner.java:334)
                        	at org.testng.SuiteRunner.runSequentially(SuiteRunner.java:329)
                        	at org.testng.SuiteRunner.privateRun(SuiteRunner.java:291)
                        	at org.testng.SuiteRunner.run(SuiteRunner.java:240)
                        	at org.testng.SuiteRunnerWorker.runSuite(SuiteRunnerWorker.java:52)
                        	at org.testng.SuiteRunnerWorker.run(SuiteRunnerWorker.java:86)
                        	at org.testng.TestNG.runSuitesSequentially(TestNG.java:1224)
                        	at org.testng.TestNG.runSuitesSequentially(TestNG.java:1220)
                        	at org.testng.TestNG.runSuitesLocally(TestNG.java:1149)
                        	at org.testng.TestNG.run(TestNG.java:1057)
                        	at org.testng.TestNG.privateMain(TestNG.java:1364)
                        	at org.testng.TestNG.main(TestNG.java:1333)
                     </pre>
                  </div>
               </td>
            </tr>
            <tr id="com.sample.test1.brandsearch_setresultforData_byClass_PASS12_row"
                class="testMethodStatusPASS testMethodStatusCONF">
               <td width="100%" class="firstMethodCell">
                  <a onclick="toggleDetailsVisibility('com.sample.test1.brandsearch_setresultforData_byClass_PASS12_details')">setresultforData()</a>
               </td>
               <td nowrap="true">08:39:34</td>
               <td nowrap="true" align="right">144 ms
                  
               </td>
               <td nowrap="true">
                   
                  
               </td>
            </tr>
            <tr>
               <td colspan="4" class="detailsBox">
                  <div id="com.sample.test1.brandsearch_setresultforData_byClass_PASS12_details"
                       class="testMethodDetails">
                     <div>
                        <b>Name: </b>setresultforData
                     </div>
                     <div>
                        <b>Signature: </b>setresultforData()[pri:0, instance:com.sample.test1.brandsearch@6647dc79]
                     </div>
                     <div>
                        <b>Start time: </b>08:39:34
                     </div>
                     <div>
                        <b>End time: </b>08:39:34
                     </div>
                     <div>
                        <b>Duration: </b>144 ms
                        
                     </div>
                  </div>
               </td>
            </tr>
            <tr></tr>
            <tr id="com.sample.test1.brandsearch_checktestcaserunnable_byClass_PASS13_row"
                class="testMethodStatusPASS testMethodStatusCONF">
               <td width="100%" class="firstMethodCell">
                  <a onclick="toggleDetailsVisibility('com.sample.test1.brandsearch_checktestcaserunnable_byClass_PASS13_details')">checktestcaserunnable()</a>
               </td>
               <td nowrap="true">08:39:34</td>
               <td nowrap="true" align="right">4 ms
                  
               </td>
               <td nowrap="true">
                   
                  
               </td>
            </tr>
            <tr>
               <td colspan="4" class="detailsBox">
                  <div id="com.sample.test1.brandsearch_checktestcaserunnable_byClass_PASS13_details"
                       class="testMethodDetails">
                     <div>
                        <b>Name: </b>checktestcaserunnable
                     </div>
                     <div>
                        <b>Signature: </b>checktestcaserunnable()[pri:0, instance:com.sample.test1.brandsearch@6647dc79]
                     </div>
                     <div>
                        <b>Start time: </b>08:39:34
                     </div>
                     <div>
                        <b>End time: </b>08:39:34
                     </div>
                     <div>
                        <b>Duration: </b>4 ms
                        
                     </div>
                  </div>
               </td>
            </tr>
            <tr></tr>
            <tr id="com.sample.test1.brandsearch_test2in1_byClass_FAIL14_row"
                class="testMethodStatusFAIL">
               <td width="100%" class="firstMethodCell">
                  <a onclick="toggleDetailsVisibility('com.sample.test1.brandsearch_test2in1_byClass_FAIL14_details')">test2in1(Peter)</a>
               </td>
               <td nowrap="true">08:39:34</td>
               <td nowrap="true" align="right">675 ms
                  
               </td>
               <td nowrap="true">
                  <a onclick="toggleDetailsVisibility('com.sample.test1.brandsearch_test2in1_byClass_FAIL14_exception')">java.lang.AssertionError: 
                     expected [true] but found [false]
                     
                  </a>
                   
                  
               </td>
            </tr>
            <tr>
               <td colspan="4" class="detailsBox">
                  <div id="com.sample.test1.brandsearch_test2in1_byClass_FAIL14_details"
                       class="testMethodDetails">
                     <div>
                        <b>Name: </b>test2in1
                     </div>
                     <div>
                        <b>Signature: </b>test2in1(java.lang.String)[pri:0, instance:com.sample.test1.brandsearch@6647dc79]
                     </div>
                     <div>
                        <b>Parameters: </b>
                        
                        Peter
                        
                        
                     </div>
                     <div>
                        <b>Start time: </b>08:39:34
                     </div>
                     <div>
                        <b>End time: </b>08:39:35
                     </div>
                     <div>
                        <b>Duration: </b>675 ms
                        
                     </div>
                  </div>
               </td>
            </tr>
            <tr>
               <td colspan="4" class="detailsBox">
                  <div id="com.sample.test1.brandsearch_test2in1_byClass_FAIL14_exception"
                       class="testMethodDetails">
                     <pre style="padding: 5px; margin: 0;">java.lang.AssertionError: expected [true] but found [false]
                        	at org.testng.Assert.fail(Assert.java:94)
                        	at org.testng.Assert.failNotEquals(Assert.java:494)
                        	at org.testng.Assert.assertTrue(Assert.java:42)
                        	at org.testng.Assert.assertTrue(Assert.java:52)
                        	at com.sample.test1.brandsearch.test2in1(brandsearch.java:60)
                        	at sun.reflect.NativeMethodAccessorImpl.invoke0(Native Method)
                        	at sun.reflect.NativeMethodAccessorImpl.invoke(NativeMethodAccessorImpl.java:57)
                        	at sun.reflect.DelegatingMethodAccessorImpl.invoke(DelegatingMethodAccessorImpl.java:43)
                        	at java.lang.reflect.Method.invoke(Method.java:606)
                        	at org.testng.internal.MethodInvocationHelper.invokeMethod(MethodInvocationHelper.java:84)
                        	at org.testng.internal.Invoker.invokeMethod(Invoker.java:714)
                        	at org.testng.internal.Invoker.invokeTestMethod(Invoker.java:901)
                        	at org.testng.internal.Invoker.invokeTestMethods(Invoker.java:1231)
                        	at org.testng.internal.TestMethodWorker.invokeTestMethods(TestMethodWorker.java:127)
                        	at org.testng.internal.TestMethodWorker.run(TestMethodWorker.java:111)
                        	at org.testng.TestRunner.privateRun(TestRunner.java:767)
                        	at org.testng.TestRunner.run(TestRunner.java:617)
                        	at org.testng.SuiteRunner.runTest(SuiteRunner.java:334)
                        	at org.testng.SuiteRunner.runSequentially(SuiteRunner.java:329)
                        	at org.testng.SuiteRunner.privateRun(SuiteRunner.java:291)
                        	at org.testng.SuiteRunner.run(SuiteRunner.java:240)
                        	at org.testng.SuiteRunnerWorker.runSuite(SuiteRunnerWorker.java:52)
                        	at org.testng.SuiteRunnerWorker.run(SuiteRunnerWorker.java:86)
                        	at org.testng.TestNG.runSuitesSequentially(TestNG.java:1224)
                        	at org.testng.TestNG.runSuitesSequentially(TestNG.java:1220)
                        	at org.testng.TestNG.runSuitesLocally(TestNG.java:1149)
                        	at org.testng.TestNG.run(TestNG.java:1057)
                        	at org.testng.TestNG.privateMain(TestNG.java:1364)
                        	at org.testng.TestNG.main(TestNG.java:1333)
                     </pre>
                  </div>
               </td>
            </tr>
            <tr id="com.sample.test1.brandsearch_setresultforData_byClass_PASS15_row"
                class="testMethodStatusPASS testMethodStatusCONF">
               <td width="100%" class="firstMethodCell">
                  <a onclick="toggleDetailsVisibility('com.sample.test1.brandsearch_setresultforData_byClass_PASS15_details')">setresultforData()</a>
               </td>
               <td nowrap="true">08:39:35</td>
               <td nowrap="true" align="right">144 ms
                  
               </td>
               <td nowrap="true">
                   
                  
               </td>
            </tr>
            <tr>
               <td colspan="4" class="detailsBox">
                  <div id="com.sample.test1.brandsearch_setresultforData_byClass_PASS15_details"
                       class="testMethodDetails">
                     <div>
                        <b>Name: </b>setresultforData
                     </div>
                     <div>
                        <b>Signature: </b>setresultforData()[pri:0, instance:com.sample.test1.brandsearch@6647dc79]
                     </div>
                     <div>
                        <b>Start time: </b>08:39:35
                     </div>
                     <div>
                        <b>End time: </b>08:39:35
                     </div>
                     <div>
                        <b>Duration: </b>144 ms
                        
                     </div>
                  </div>
               </td>
            </tr>
            <tr></tr>
         </table>
         <br></br>
      </div>
      <div style="margin-top: 15px; color: gray; text-align: center; font-size: 9px;">
         Generated with
         
         <a href="http://code.google.com/p/testng-xslt/" style="color: #8888aa;"
            target="_blank">
            TestNG XSLT
            
         </a>
      </div>
   </body>
</html>