<html xmlns:math="http://exslt.org/math" xmlns:testng="http://testng.org">
   <head>
      <title>TestNG Results</title>
      <meta http-equiv="content-type" content="text/html; charset=utf-8"></meta>
      <meta http-equiv="pragma" content="no-cache"></meta>
      <meta http-equiv="cache-control" content="max-age=0"></meta>
      <meta http-equiv="cache-control" content="no-cache"></meta>
      <meta http-equiv="cache-control" content="no-store"></meta>
      <LINK rel="stylesheet" href="style.css"></LINK>
      <script type="text/javascript" src="main.js"></script>
   </head>
   <body>
      <table width="100%" style="font-size: 16px; margin-bottom: 10px;" cellspacing="1">
         <tr>
            <td width="100%">
               All methods in suite
               
               <b>test1</b>
            </td>
            <td style="background-color: #FFBBBB; padding: 3px 3px 3px 0;" align="center">
               <div style="width: 50px;">8</div>
            </td>
            <td style="background-color: lightgreen; padding: 3px 3px 3px 0;" align="center">
               <div style="width: 50px;">3</div>
            </td>
            <td style="background-color: #FFFFBB; padding: 3px 3px 3px 0;" align="center">
               <div style="width: 50px;">0</div>
            </td>
            <td align="center" style="background-color: #eaf0f7; padding: 3px 3px 3px 0;">
               <div style="width: 50px;">11</div>
            </td>
            <td align="center"
                style="font-weight: bold; background-color: #eaf0f7; padding: 3px 3px 3px 0;">
               <div style="width: 50px;">27%</div>
            </td>
            <td style="background-color: #eaf0f7; padding: 3px 3px 3px 0;" align="center"
                nowrap="true">3m
               51s
               
            </td>
         </tr>
      </table>
      <div style="width: 200px;">
         <label for="groupMethodsCheckBox" style="font-weight: bold; margin: 0;">
            <input id="groupMethodsCheckBox" type="checkbox" onclick="switchTestMethodsView(this)"></input>
            Group by class
            
         </label>
         <br></br>
         <label for="methodsFilter_ALL" style="font-weight: bold; margin: 0;">
            <input id="methodsFilter_ALL" type="checkbox"
                   onclick="testMethodsFilterChanged(this, 'ALL')"></input>
            All
            
         </label>
      </div>
      <label for="methodsFilter_FAIL" style="margin-left: 20px;">
         <input id="methodsFilter_FAIL" type="checkbox"
                onclick="testMethodsFilterChanged(this, 'FAIL')"
                checked=""></input>
         Failed
         
      </label>
      <label for="methodsFilter_PASS">
         <input id="methodsFilter_PASS" type="checkbox"
                onclick="testMethodsFilterChanged(this, 'PASS')"
                checked=""></input>
         Passed
         
      </label>
      <label for="methodsFilter_SKIP">
         <input id="methodsFilter_SKIP" type="checkbox"
                onclick="testMethodsFilterChanged(this, 'SKIP')"
                checked=""></input>
         Skipped
         
      </label>
      <label for="methodsFilter_CONF">
         <input id="methodsFilter_CONF" type="checkbox"
                onclick="testMethodsFilterChanged(this, 'CONF')"></input>
         Config
         
      </label>
      <br></br>
      <div id="testMethodsByStatus">
         <table class="testMethodsTable" cellpadding="0" cellspacing="0">
            <tr class="methodsTableHeader">
               <td width="100%">Name</td>
               <td nowrap="true">Started</td>
               <td nowrap="true">Duration</td>
               <td>Exception</td>
            </tr>
            <tr id="com.sample.test1.brandsearch_test2in1_byStatus_failed_FAIL1_row"
                class="testMethodStatusFAIL">
               <td width="100%" class="firstMethodCell">
                  <a onclick="toggleDetailsVisibility('com.sample.test1.brandsearch_test2in1_byStatus_failed_FAIL1_details')">test2in1(P)</a>
               </td>
               <td nowrap="true">08:39:27</td>
               <td nowrap="true" align="right">3s
                  
               </td>
               <td nowrap="true">
                  <a onclick="toggleDetailsVisibility('com.sample.test1.brandsearch_test2in1_byStatus_failed_FAIL1_exception')">java.lang.AssertionError: 
                     expected [true] but found [false]
                     
                  </a>
                   
                  
               </td>
            </tr>
            <tr>
               <td colspan="4" class="detailsBox">
                  <div id="com.sample.test1.brandsearch_test2in1_byStatus_failed_FAIL1_details"
                       class="testMethodDetails">
                     <div>
                        <b>Name: </b>test2in1
                     </div>
                     <div>
                        <b>Signature: </b>test2in1(java.lang.String)[pri:0, instance:com.sample.test1.brandsearch@6647dc79]
                     </div>
                     <div>
                        <b>Parameters: </b>
                        
                        P
                        
                        
                     </div>
                     <div>
                        <b>Start time: </b>08:39:27
                     </div>
                     <div>
                        <b>End time: </b>08:39:30
                     </div>
                     <div>
                        <b>Duration: </b>3s
                        
                     </div>
                  </div>
               </td>
            </tr>
            <tr>
               <td colspan="4" class="detailsBox">
                  <div id="com.sample.test1.brandsearch_test2in1_byStatus_failed_FAIL1_exception"
                       class="testMethodDetails">
                     <pre style="padding: 5px; margin: 0;">java.lang.AssertionError: expected [true] but found [false]
                        	at org.testng.Assert.fail(Assert.java:94)
                        	at org.testng.Assert.failNotEquals(Assert.java:494)
                        	at org.testng.Assert.assertTrue(Assert.java:42)
                        	at org.testng.Assert.assertTrue(Assert.java:52)
                        	at com.sample.test1.brandsearch.test2in1(brandsearch.java:60)
                        	at sun.reflect.NativeMethodAccessorImpl.invoke0(Native Method)
                        	at sun.reflect.NativeMethodAccessorImpl.invoke(NativeMethodAccessorImpl.java:57)
                        	at sun.reflect.DelegatingMethodAccessorImpl.invoke(DelegatingMethodAccessorImpl.java:43)
                        	at java.lang.reflect.Method.invoke(Method.java:606)
                        	at org.testng.internal.MethodInvocationHelper.invokeMethod(MethodInvocationHelper.java:84)
                        	at org.testng.internal.Invoker.invokeMethod(Invoker.java:714)
                        	at org.testng.internal.Invoker.invokeTestMethod(Invoker.java:901)
                        	at org.testng.internal.Invoker.invokeTestMethods(Invoker.java:1231)
                        	at org.testng.internal.TestMethodWorker.invokeTestMethods(TestMethodWorker.java:127)
                        	at org.testng.internal.TestMethodWorker.run(TestMethodWorker.java:111)
                        	at org.testng.TestRunner.privateRun(TestRunner.java:767)
                        	at org.testng.TestRunner.run(TestRunner.java:617)
                        	at org.testng.SuiteRunner.runTest(SuiteRunner.java:334)
                        	at org.testng.SuiteRunner.runSequentially(SuiteRunner.java:329)
                        	at org.testng.SuiteRunner.privateRun(SuiteRunner.java:291)
                        	at org.testng.SuiteRunner.run(SuiteRunner.java:240)
                        	at org.testng.SuiteRunnerWorker.runSuite(SuiteRunnerWorker.java:52)
                        	at org.testng.SuiteRunnerWorker.run(SuiteRunnerWorker.java:86)
                        	at org.testng.TestNG.runSuitesSequentially(TestNG.java:1224)
                        	at org.testng.TestNG.runSuitesSequentially(TestNG.java:1220)
                        	at org.testng.TestNG.runSuitesLocally(TestNG.java:1149)
                        	at org.testng.TestNG.run(TestNG.java:1057)
                        	at org.testng.TestNG.privateMain(TestNG.java:1364)
                        	at org.testng.TestNG.main(TestNG.java:1333)
                     </pre>
                  </div>
               </td>
            </tr>
            <tr id="com.sample.test1.brandsearch_test2in1_byStatus_failed_FAIL2_row"
                class="testMethodStatusFAIL">
               <td width="100%" class="firstMethodCell">
                  <a onclick="toggleDetailsVisibility('com.sample.test1.brandsearch_test2in1_byStatus_failed_FAIL2_details')">test2in1(1.0)</a>
               </td>
               <td nowrap="true">08:39:32</td>
               <td nowrap="true" align="right">651 ms
                  
               </td>
               <td nowrap="true">
                  <a onclick="toggleDetailsVisibility('com.sample.test1.brandsearch_test2in1_byStatus_failed_FAIL2_exception')">java.lang.AssertionError: 
                     expected [true] but found [false]
                     
                  </a>
                   
                  
               </td>
            </tr>
            <tr>
               <td colspan="4" class="detailsBox">
                  <div id="com.sample.test1.brandsearch_test2in1_byStatus_failed_FAIL2_details"
                       class="testMethodDetails">
                     <div>
                        <b>Name: </b>test2in1
                     </div>
                     <div>
                        <b>Signature: </b>test2in1(java.lang.String)[pri:0, instance:com.sample.test1.brandsearch@6647dc79]
                     </div>
                     <div>
                        <b>Parameters: </b>
                        
                        1.0
                        
                        
                     </div>
                     <div>
                        <b>Start time: </b>08:39:32
                     </div>
                     <div>
                        <b>End time: </b>08:39:33
                     </div>
                     <div>
                        <b>Duration: </b>651 ms
                        
                     </div>
                  </div>
               </td>
            </tr>
            <tr>
               <td colspan="4" class="detailsBox">
                  <div id="com.sample.test1.brandsearch_test2in1_byStatus_failed_FAIL2_exception"
                       class="testMethodDetails">
                     <pre style="padding: 5px; margin: 0;">java.lang.AssertionError: expected [true] but found [false]
                        	at org.testng.Assert.fail(Assert.java:94)
                        	at org.testng.Assert.failNotEquals(Assert.java:494)
                        	at org.testng.Assert.assertTrue(Assert.java:42)
                        	at org.testng.Assert.assertTrue(Assert.java:52)
                        	at com.sample.test1.brandsearch.test2in1(brandsearch.java:60)
                        	at sun.reflect.NativeMethodAccessorImpl.invoke0(Native Method)
                        	at sun.reflect.NativeMethodAccessorImpl.invoke(NativeMethodAccessorImpl.java:57)
                        	at sun.reflect.DelegatingMethodAccessorImpl.invoke(DelegatingMethodAccessorImpl.java:43)
                        	at java.lang.reflect.Method.invoke(Method.java:606)
                        	at org.testng.internal.MethodInvocationHelper.invokeMethod(MethodInvocationHelper.java:84)
                        	at org.testng.internal.Invoker.invokeMethod(Invoker.java:714)
                        	at org.testng.internal.Invoker.invokeTestMethod(Invoker.java:901)
                        	at org.testng.internal.Invoker.invokeTestMethods(Invoker.java:1231)
                        	at org.testng.internal.TestMethodWorker.invokeTestMethods(TestMethodWorker.java:127)
                        	at org.testng.internal.TestMethodWorker.run(TestMethodWorker.java:111)
                        	at org.testng.TestRunner.privateRun(TestRunner.java:767)
                        	at org.testng.TestRunner.run(TestRunner.java:617)
                        	at org.testng.SuiteRunner.runTest(SuiteRunner.java:334)
                        	at org.testng.SuiteRunner.runSequentially(SuiteRunner.java:329)
                        	at org.testng.SuiteRunner.privateRun(SuiteRunner.java:291)
                        	at org.testng.SuiteRunner.run(SuiteRunner.java:240)
                        	at org.testng.SuiteRunnerWorker.runSuite(SuiteRunnerWorker.java:52)
                        	at org.testng.SuiteRunnerWorker.run(SuiteRunnerWorker.java:86)
                        	at org.testng.TestNG.runSuitesSequentially(TestNG.java:1224)
                        	at org.testng.TestNG.runSuitesSequentially(TestNG.java:1220)
                        	at org.testng.TestNG.runSuitesLocally(TestNG.java:1149)
                        	at org.testng.TestNG.run(TestNG.java:1057)
                        	at org.testng.TestNG.privateMain(TestNG.java:1364)
                        	at org.testng.TestNG.main(TestNG.java:1333)
                     </pre>
                  </div>
               </td>
            </tr>
            <tr id="com.sample.test1.brandsearch_test2in1_byStatus_failed_FAIL3_row"
                class="testMethodStatusFAIL">
               <td width="100%" class="firstMethodCell">
                  <a onclick="toggleDetailsVisibility('com.sample.test1.brandsearch_test2in1_byStatus_failed_FAIL3_details')">test2in1(abc)</a>
               </td>
               <td nowrap="true">08:39:33</td>
               <td nowrap="true" align="right">619 ms
                  
               </td>
               <td nowrap="true">
                  <a onclick="toggleDetailsVisibility('com.sample.test1.brandsearch_test2in1_byStatus_failed_FAIL3_exception')">java.lang.AssertionError: 
                     expected [true] but found [false]
                     
                  </a>
                   
                  
               </td>
            </tr>
            <tr>
               <td colspan="4" class="detailsBox">
                  <div id="com.sample.test1.brandsearch_test2in1_byStatus_failed_FAIL3_details"
                       class="testMethodDetails">
                     <div>
                        <b>Name: </b>test2in1
                     </div>
                     <div>
                        <b>Signature: </b>test2in1(java.lang.String)[pri:0, instance:com.sample.test1.brandsearch@6647dc79]
                     </div>
                     <div>
                        <b>Parameters: </b>
                        
                        abc
                        
                        
                     </div>
                     <div>
                        <b>Start time: </b>08:39:33
                     </div>
                     <div>
                        <b>End time: </b>08:39:33
                     </div>
                     <div>
                        <b>Duration: </b>619 ms
                        
                     </div>
                  </div>
               </td>
            </tr>
            <tr>
               <td colspan="4" class="detailsBox">
                  <div id="com.sample.test1.brandsearch_test2in1_byStatus_failed_FAIL3_exception"
                       class="testMethodDetails">
                     <pre style="padding: 5px; margin: 0;">java.lang.AssertionError: expected [true] but found [false]
                        	at org.testng.Assert.fail(Assert.java:94)
                        	at org.testng.Assert.failNotEquals(Assert.java:494)
                        	at org.testng.Assert.assertTrue(Assert.java:42)
                        	at org.testng.Assert.assertTrue(Assert.java:52)
                        	at com.sample.test1.brandsearch.test2in1(brandsearch.java:60)
                        	at sun.reflect.NativeMethodAccessorImpl.invoke0(Native Method)
                        	at sun.reflect.NativeMethodAccessorImpl.invoke(NativeMethodAccessorImpl.java:57)
                        	at sun.reflect.DelegatingMethodAccessorImpl.invoke(DelegatingMethodAccessorImpl.java:43)
                        	at java.lang.reflect.Method.invoke(Method.java:606)
                        	at org.testng.internal.MethodInvocationHelper.invokeMethod(MethodInvocationHelper.java:84)
                        	at org.testng.internal.Invoker.invokeMethod(Invoker.java:714)
                        	at org.testng.internal.Invoker.invokeTestMethod(Invoker.java:901)
                        	at org.testng.internal.Invoker.invokeTestMethods(Invoker.java:1231)
                        	at org.testng.internal.TestMethodWorker.invokeTestMethods(TestMethodWorker.java:127)
                        	at org.testng.internal.TestMethodWorker.run(TestMethodWorker.java:111)
                        	at org.testng.TestRunner.privateRun(TestRunner.java:767)
                        	at org.testng.TestRunner.run(TestRunner.java:617)
                        	at org.testng.SuiteRunner.runTest(SuiteRunner.java:334)
                        	at org.testng.SuiteRunner.runSequentially(SuiteRunner.java:329)
                        	at org.testng.SuiteRunner.privateRun(SuiteRunner.java:291)
                        	at org.testng.SuiteRunner.run(SuiteRunner.java:240)
                        	at org.testng.SuiteRunnerWorker.runSuite(SuiteRunnerWorker.java:52)
                        	at org.testng.SuiteRunnerWorker.run(SuiteRunnerWorker.java:86)
                        	at org.testng.TestNG.runSuitesSequentially(TestNG.java:1224)
                        	at org.testng.TestNG.runSuitesSequentially(TestNG.java:1220)
                        	at org.testng.TestNG.runSuitesLocally(TestNG.java:1149)
                        	at org.testng.TestNG.run(TestNG.java:1057)
                        	at org.testng.TestNG.privateMain(TestNG.java:1364)
                        	at org.testng.TestNG.main(TestNG.java:1333)
                     </pre>
                  </div>
               </td>
            </tr>
            <tr id="com.sample.test1.brandsearch_test2in1_byStatus_failed_FAIL4_row"
                class="testMethodStatusFAIL">
               <td width="100%" class="firstMethodCell">
                  <a onclick="toggleDetailsVisibility('com.sample.test1.brandsearch_test2in1_byStatus_failed_FAIL4_details')">test2in1(abc@123)</a>
               </td>
               <td nowrap="true">08:39:34</td>
               <td nowrap="true" align="right">657 ms
                  
               </td>
               <td nowrap="true">
                  <a onclick="toggleDetailsVisibility('com.sample.test1.brandsearch_test2in1_byStatus_failed_FAIL4_exception')">java.lang.AssertionError: 
                     expected [true] but found [false]
                     
                  </a>
                   
                  
               </td>
            </tr>
            <tr>
               <td colspan="4" class="detailsBox">
                  <div id="com.sample.test1.brandsearch_test2in1_byStatus_failed_FAIL4_details"
                       class="testMethodDetails">
                     <div>
                        <b>Name: </b>test2in1
                     </div>
                     <div>
                        <b>Signature: </b>test2in1(java.lang.String)[pri:0, instance:com.sample.test1.brandsearch@6647dc79]
                     </div>
                     <div>
                        <b>Parameters: </b>
                        
                        abc@123
                        
                        
                     </div>
                     <div>
                        <b>Start time: </b>08:39:34
                     </div>
                     <div>
                        <b>End time: </b>08:39:34
                     </div>
                     <div>
                        <b>Duration: </b>657 ms
                        
                     </div>
                  </div>
               </td>
            </tr>
            <tr>
               <td colspan="4" class="detailsBox">
                  <div id="com.sample.test1.brandsearch_test2in1_byStatus_failed_FAIL4_exception"
                       class="testMethodDetails">
                     <pre style="padding: 5px; margin: 0;">java.lang.AssertionError: expected [true] but found [false]
                        	at org.testng.Assert.fail(Assert.java:94)
                        	at org.testng.Assert.failNotEquals(Assert.java:494)
                        	at org.testng.Assert.assertTrue(Assert.java:42)
                        	at org.testng.Assert.assertTrue(Assert.java:52)
                        	at com.sample.test1.brandsearch.test2in1(brandsearch.java:60)
                        	at sun.reflect.NativeMethodAccessorImpl.invoke0(Native Method)
                        	at sun.reflect.NativeMethodAccessorImpl.invoke(NativeMethodAccessorImpl.java:57)
                        	at sun.reflect.DelegatingMethodAccessorImpl.invoke(DelegatingMethodAccessorImpl.java:43)
                        	at java.lang.reflect.Method.invoke(Method.java:606)
                        	at org.testng.internal.MethodInvocationHelper.invokeMethod(MethodInvocationHelper.java:84)
                        	at org.testng.internal.Invoker.invokeMethod(Invoker.java:714)
                        	at org.testng.internal.Invoker.invokeTestMethod(Invoker.java:901)
                        	at org.testng.internal.Invoker.invokeTestMethods(Invoker.java:1231)
                        	at org.testng.internal.TestMethodWorker.invokeTestMethods(TestMethodWorker.java:127)
                        	at org.testng.internal.TestMethodWorker.run(TestMethodWorker.java:111)
                        	at org.testng.TestRunner.privateRun(TestRunner.java:767)
                        	at org.testng.TestRunner.run(TestRunner.java:617)
                        	at org.testng.SuiteRunner.runTest(SuiteRunner.java:334)
                        	at org.testng.SuiteRunner.runSequentially(SuiteRunner.java:329)
                        	at org.testng.SuiteRunner.privateRun(SuiteRunner.java:291)
                        	at org.testng.SuiteRunner.run(SuiteRunner.java:240)
                        	at org.testng.SuiteRunnerWorker.runSuite(SuiteRunnerWorker.java:52)
                        	at org.testng.SuiteRunnerWorker.run(SuiteRunnerWorker.java:86)
                        	at org.testng.TestNG.runSuitesSequentially(TestNG.java:1224)
                        	at org.testng.TestNG.runSuitesSequentially(TestNG.java:1220)
                        	at org.testng.TestNG.runSuitesLocally(TestNG.java:1149)
                        	at org.testng.TestNG.run(TestNG.java:1057)
                        	at org.testng.TestNG.privateMain(TestNG.java:1364)
                        	at org.testng.TestNG.main(TestNG.java:1333)
                     </pre>
                  </div>
               </td>
            </tr>
            <tr id="com.sample.test1.brandsearch_test2in1_byStatus_failed_FAIL5_row"
                class="testMethodStatusFAIL">
               <td width="100%" class="firstMethodCell">
                  <a onclick="toggleDetailsVisibility('com.sample.test1.brandsearch_test2in1_byStatus_failed_FAIL5_details')">test2in1(Peter)</a>
               </td>
               <td nowrap="true">08:39:34</td>
               <td nowrap="true" align="right">675 ms
                  
               </td>
               <td nowrap="true">
                  <a onclick="toggleDetailsVisibility('com.sample.test1.brandsearch_test2in1_byStatus_failed_FAIL5_exception')">java.lang.AssertionError: 
                     expected [true] but found [false]
                     
                  </a>
                   
                  
               </td>
            </tr>
            <tr>
               <td colspan="4" class="detailsBox">
                  <div id="com.sample.test1.brandsearch_test2in1_byStatus_failed_FAIL5_details"
                       class="testMethodDetails">
                     <div>
                        <b>Name: </b>test2in1
                     </div>
                     <div>
                        <b>Signature: </b>test2in1(java.lang.String)[pri:0, instance:com.sample.test1.brandsearch@6647dc79]
                     </div>
                     <div>
                        <b>Parameters: </b>
                        
                        Peter
                        
                        
                     </div>
                     <div>
                        <b>Start time: </b>08:39:34
                     </div>
                     <div>
                        <b>End time: </b>08:39:35
                     </div>
                     <div>
                        <b>Duration: </b>675 ms
                        
                     </div>
                  </div>
               </td>
            </tr>
            <tr>
               <td colspan="4" class="detailsBox">
                  <div id="com.sample.test1.brandsearch_test2in1_byStatus_failed_FAIL5_exception"
                       class="testMethodDetails">
                     <pre style="padding: 5px; margin: 0;">java.lang.AssertionError: expected [true] but found [false]
                        	at org.testng.Assert.fail(Assert.java:94)
                        	at org.testng.Assert.failNotEquals(Assert.java:494)
                        	at org.testng.Assert.assertTrue(Assert.java:42)
                        	at org.testng.Assert.assertTrue(Assert.java:52)
                        	at com.sample.test1.brandsearch.test2in1(brandsearch.java:60)
                        	at sun.reflect.NativeMethodAccessorImpl.invoke0(Native Method)
                        	at sun.reflect.NativeMethodAccessorImpl.invoke(NativeMethodAccessorImpl.java:57)
                        	at sun.reflect.DelegatingMethodAccessorImpl.invoke(DelegatingMethodAccessorImpl.java:43)
                        	at java.lang.reflect.Method.invoke(Method.java:606)
                        	at org.testng.internal.MethodInvocationHelper.invokeMethod(MethodInvocationHelper.java:84)
                        	at org.testng.internal.Invoker.invokeMethod(Invoker.java:714)
                        	at org.testng.internal.Invoker.invokeTestMethod(Invoker.java:901)
                        	at org.testng.internal.Invoker.invokeTestMethods(Invoker.java:1231)
                        	at org.testng.internal.TestMethodWorker.invokeTestMethods(TestMethodWorker.java:127)
                        	at org.testng.internal.TestMethodWorker.run(TestMethodWorker.java:111)
                        	at org.testng.TestRunner.privateRun(TestRunner.java:767)
                        	at org.testng.TestRunner.run(TestRunner.java:617)
                        	at org.testng.SuiteRunner.runTest(SuiteRunner.java:334)
                        	at org.testng.SuiteRunner.runSequentially(SuiteRunner.java:329)
                        	at org.testng.SuiteRunner.privateRun(SuiteRunner.java:291)
                        	at org.testng.SuiteRunner.run(SuiteRunner.java:240)
                        	at org.testng.SuiteRunnerWorker.runSuite(SuiteRunnerWorker.java:52)
                        	at org.testng.SuiteRunnerWorker.run(SuiteRunnerWorker.java:86)
                        	at org.testng.TestNG.runSuitesSequentially(TestNG.java:1224)
                        	at org.testng.TestNG.runSuitesSequentially(TestNG.java:1220)
                        	at org.testng.TestNG.runSuitesLocally(TestNG.java:1149)
                        	at org.testng.TestNG.run(TestNG.java:1057)
                        	at org.testng.TestNG.privateMain(TestNG.java:1364)
                        	at org.testng.TestNG.main(TestNG.java:1333)
                     </pre>
                  </div>
               </td>
            </tr>
            <tr id="com.sample.test1.pricefilter_price_filter_byStatus_failed_FAIL6_row"
                class="testMethodStatusFAIL">
               <td width="100%" class="firstMethodCell">
                  <a onclick="toggleDetailsVisibility('com.sample.test1.pricefilter_price_filter_byStatus_failed_FAIL6_details')">price_filter()</a>
               </td>
               <td nowrap="true">08:39:35</td>
               <td nowrap="true" align="right">20s
                  
               </td>
               <td nowrap="true">
                  <a onclick="toggleDetailsVisibility('com.sample.test1.pricefilter_price_filter_byStatus_failed_FAIL6_exception')">org.openqa.selenium.NoSuchElementException: 
                     Unable to locate element: {"method":"xpath","selector":"//*[@id='price_range']/li[0]/a/span"}
                     Command duration or timeout: 20.16 seconds
                     For documentation on this error, please visit: http://seleniumhq.org/exceptions/no_such_element.html
                     Build info: version: '2.42.2', revision: '6a6995d', time: '2014-06-03 17:42:30'
                     System info: host: 'Gokul-VAIO', ip: '192.168.1.2', os.name: 'Windows 7', os.arch: 'amd64', os.version: '6.1', java.version:
                     '1.7.0_25'
                     Session ID: e350c285-331f-4345-bd8e-f602a1c6c8f8
                     Driver info: org.openqa.selenium.firefox.FirefoxDriver
                     Capabilities [{platform=XP, databaseEnabled=true, cssSelectorsEnabled=true, javascriptEnabled=true, acceptSslCerts=true, handlesAlerts=true,
                     browserName=firefox, webStorageEnabled=true, nativeEvents=false, rotatable=false, locationContextEnabled=true, applicationCacheEnabled=true,
                     takesScreenshot=true, version=31.0}]
                     
                  </a>
                   
                  
               </td>
            </tr>
            <tr>
               <td colspan="4" class="detailsBox">
                  <div id="com.sample.test1.pricefilter_price_filter_byStatus_failed_FAIL6_details"
                       class="testMethodDetails">
                     <div>
                        <b>Name: </b>price_filter
                     </div>
                     <div>
                        <b>Signature: </b>price_filter()[pri:0, instance:com.sample.test1.pricefilter@5219f360]
                     </div>
                     <div>
                        <b>Start time: </b>08:39:35
                     </div>
                     <div>
                        <b>End time: </b>08:39:56
                     </div>
                     <div>
                        <b>Duration: </b>20s
                        
                     </div>
                  </div>
               </td>
            </tr>
            <tr>
               <td colspan="4" class="detailsBox">
                  <div id="com.sample.test1.pricefilter_price_filter_byStatus_failed_FAIL6_exception"
                       class="testMethodDetails">
                     <pre style="padding: 5px; margin: 0;">org.openqa.selenium.NoSuchElementException: Unable to locate element: {"method":"xpath","selector":"//*[@id='price_range']/li[0]/a/span"}
                        Command duration or timeout: 20.16 seconds
                        For documentation on this error, please visit: http://seleniumhq.org/exceptions/no_such_element.html
                        Build info: version: '2.42.2', revision: '6a6995d', time: '2014-06-03 17:42:30'
                        System info: host: 'Gokul-VAIO', ip: '192.168.1.2', os.name: 'Windows 7', os.arch: 'amd64', os.version: '6.1', java.version:
                        '1.7.0_25'
                        Session ID: e350c285-331f-4345-bd8e-f602a1c6c8f8
                        Driver info: org.openqa.selenium.firefox.FirefoxDriver
                        Capabilities [{platform=XP, databaseEnabled=true, cssSelectorsEnabled=true, javascriptEnabled=true, acceptSslCerts=true, handlesAlerts=true,
                        browserName=firefox, webStorageEnabled=true, nativeEvents=false, rotatable=false, locationContextEnabled=true, applicationCacheEnabled=true,
                        takesScreenshot=true, version=31.0}]
                        	at sun.reflect.NativeConstructorAccessorImpl.newInstance0(Native Method)
                        	at sun.reflect.NativeConstructorAccessorImpl.newInstance(NativeConstructorAccessorImpl.java:57)
                        	at sun.reflect.DelegatingConstructorAccessorImpl.newInstance(DelegatingConstructorAccessorImpl.java:45)
                        	at java.lang.reflect.Constructor.newInstance(Constructor.java:526)
                        	at org.openqa.selenium.remote.ErrorHandler.createThrowable(ErrorHandler.java:204)
                        	at org.openqa.selenium.remote.ErrorHandler.throwIfResponseFailed(ErrorHandler.java:156)
                        	at org.openqa.selenium.remote.RemoteWebDriver.execute(RemoteWebDriver.java:599)
                        	at org.openqa.selenium.remote.RemoteWebDriver.findElement(RemoteWebDriver.java:352)
                        	at org.openqa.selenium.remote.RemoteWebDriver.findElementByXPath(RemoteWebDriver.java:449)
                        	at org.openqa.selenium.By$ByXPath.findElement(By.java:357)
                        	at org.openqa.selenium.remote.RemoteWebDriver.findElement(RemoteWebDriver.java:344)
                        	at sun.reflect.GeneratedMethodAccessor17.invoke(Unknown Source)
                        	at sun.reflect.DelegatingMethodAccessorImpl.invoke(DelegatingMethodAccessorImpl.java:43)
                        	at java.lang.reflect.Method.invoke(Method.java:606)
                        	at org.openqa.selenium.support.events.EventFiringWebDriver$2.invoke(EventFiringWebDriver.java:101)
                        	at com.sun.proxy.$Proxy12.findElement(Unknown Source)
                        	at org.openqa.selenium.support.events.EventFiringWebDriver.findElement(EventFiringWebDriver.java:184)
                        	at com.sample.test1.pricefilter.price_filter(pricefilter.java:43)
                        	at sun.reflect.NativeMethodAccessorImpl.invoke0(Native Method)
                        	at sun.reflect.NativeMethodAccessorImpl.invoke(NativeMethodAccessorImpl.java:57)
                        	at sun.reflect.DelegatingMethodAccessorImpl.invoke(DelegatingMethodAccessorImpl.java:43)
                        	at java.lang.reflect.Method.invoke(Method.java:606)
                        	at org.testng.internal.MethodInvocationHelper.invokeMethod(MethodInvocationHelper.java:84)
                        	at org.testng.internal.Invoker.invokeMethod(Invoker.java:714)
                        	at org.testng.internal.Invoker.invokeTestMethod(Invoker.java:901)
                        	at org.testng.internal.Invoker.invokeTestMethods(Invoker.java:1231)
                        	at org.testng.internal.TestMethodWorker.invokeTestMethods(TestMethodWorker.java:127)
                        	at org.testng.internal.TestMethodWorker.run(TestMethodWorker.java:111)
                        	at org.testng.TestRunner.privateRun(TestRunner.java:767)
                        	at org.testng.TestRunner.run(TestRunner.java:617)
                        	at org.testng.SuiteRunner.runTest(SuiteRunner.java:334)
                        	at org.testng.SuiteRunner.runSequentially(SuiteRunner.java:329)
                        	at org.testng.SuiteRunner.privateRun(SuiteRunner.java:291)
                        	at org.testng.SuiteRunner.run(SuiteRunner.java:240)
                        	at org.testng.SuiteRunnerWorker.runSuite(SuiteRunnerWorker.java:52)
                        	at org.testng.SuiteRunnerWorker.run(SuiteRunnerWorker.java:86)
                        	at org.testng.TestNG.runSuitesSequentially(TestNG.java:1224)
                        	at org.testng.TestNG.runSuitesSequentially(TestNG.java:1220)
                        	at org.testng.TestNG.runSuitesLocally(TestNG.java:1149)
                        	at org.testng.TestNG.run(TestNG.java:1057)
                        	at org.testng.TestNG.privateMain(TestNG.java:1364)
                        	at org.testng.TestNG.main(TestNG.java:1333)
                        Caused by: org.openqa.selenium.remote.ErrorHandler$UnknownServerException: Unable to locate element: {"method":"xpath","selector":"//*[@id='price_range']/li[0]/a/span"}
                        Build info: version: '2.42.2', revision: '6a6995d', time: '2014-06-03 17:42:30'
                        System info: host: 'Gokul-VAIO', ip: '192.168.1.2', os.name: 'Windows 7', os.arch: 'amd64', os.version: '6.1', java.version:
                        '1.7.0_25'
                        Driver info: driver.version: unknown
                        	at &lt;anonymous class&gt;.FirefoxDriver.prototype.findElementInternal_(file:///C:/Users/Gokul/AppData/Local/Temp/anonymous843220213634677613webdriver-profile/extensions/fxdriver@googlecode.com/components/driver_component.js:9470:133)
                        	at &lt;anonymous class&gt;.fxdriver.Timer.prototype.setTimeout/&lt;.notify(file:///C:/Users/Gokul/AppData/Local/Temp/anonymous843220213634677613webdriver-profile/extensions/fxdriver@googlecode.com/components/driver_component.js:407:5)
                     </pre>
                  </div>
               </td>
            </tr>
            <tr id="com.sample.test1.pricefilter_unselection_price_filter_unselection_byStatus_failed_FAIL7_row"
                class="testMethodStatusFAIL">
               <td width="100%" class="firstMethodCell">
                  <a onclick="toggleDetailsVisibility('com.sample.test1.pricefilter_unselection_price_filter_unselection_byStatus_failed_FAIL7_details')">price_filter_unselection()</a>
               </td>
               <td nowrap="true">08:39:56</td>
               <td nowrap="true" align="right">20s
                  
               </td>
               <td nowrap="true">
                  <a onclick="toggleDetailsVisibility('com.sample.test1.pricefilter_unselection_price_filter_unselection_byStatus_failed_FAIL7_exception')">org.openqa.selenium.NoSuchElementException: 
                     Unable to locate element: {"method":"xpath","selector":"//*[@id='selectedFilters']/div/a/span"}
                     Command duration or timeout: 20.12 seconds
                     For documentation on this error, please visit: http://seleniumhq.org/exceptions/no_such_element.html
                     Build info: version: '2.42.2', revision: '6a6995d', time: '2014-06-03 17:42:30'
                     System info: host: 'Gokul-VAIO', ip: '192.168.1.2', os.name: 'Windows 7', os.arch: 'amd64', os.version: '6.1', java.version:
                     '1.7.0_25'
                     Session ID: e350c285-331f-4345-bd8e-f602a1c6c8f8
                     Driver info: org.openqa.selenium.firefox.FirefoxDriver
                     Capabilities [{platform=XP, databaseEnabled=true, cssSelectorsEnabled=true, javascriptEnabled=true, acceptSslCerts=true, handlesAlerts=true,
                     browserName=firefox, webStorageEnabled=true, nativeEvents=false, rotatable=false, locationContextEnabled=true, applicationCacheEnabled=true,
                     takesScreenshot=true, version=31.0}]
                     
                  </a>
                   
                  
               </td>
            </tr>
            <tr>
               <td colspan="4" class="detailsBox">
                  <div id="com.sample.test1.pricefilter_unselection_price_filter_unselection_byStatus_failed_FAIL7_details"
                       class="testMethodDetails">
                     <div>
                        <b>Name: </b>price_filter_unselection
                     </div>
                     <div>
                        <b>Signature: </b>price_filter_unselection()[pri:0, instance:com.sample.test1.pricefilter_unselection@2fa1610b]
                     </div>
                     <div>
                        <b>Start time: </b>08:39:56
                     </div>
                     <div>
                        <b>End time: </b>08:40:16
                     </div>
                     <div>
                        <b>Duration: </b>20s
                        
                     </div>
                  </div>
               </td>
            </tr>
            <tr>
               <td colspan="4" class="detailsBox">
                  <div id="com.sample.test1.pricefilter_unselection_price_filter_unselection_byStatus_failed_FAIL7_exception"
                       class="testMethodDetails">
                     <pre style="padding: 5px; margin: 0;">org.openqa.selenium.NoSuchElementException: Unable to locate element: {"method":"xpath","selector":"//*[@id='selectedFilters']/div/a/span"}
                        Command duration or timeout: 20.12 seconds
                        For documentation on this error, please visit: http://seleniumhq.org/exceptions/no_such_element.html
                        Build info: version: '2.42.2', revision: '6a6995d', time: '2014-06-03 17:42:30'
                        System info: host: 'Gokul-VAIO', ip: '192.168.1.2', os.name: 'Windows 7', os.arch: 'amd64', os.version: '6.1', java.version:
                        '1.7.0_25'
                        Session ID: e350c285-331f-4345-bd8e-f602a1c6c8f8
                        Driver info: org.openqa.selenium.firefox.FirefoxDriver
                        Capabilities [{platform=XP, databaseEnabled=true, cssSelectorsEnabled=true, javascriptEnabled=true, acceptSslCerts=true, handlesAlerts=true,
                        browserName=firefox, webStorageEnabled=true, nativeEvents=false, rotatable=false, locationContextEnabled=true, applicationCacheEnabled=true,
                        takesScreenshot=true, version=31.0}]
                        	at sun.reflect.NativeConstructorAccessorImpl.newInstance0(Native Method)
                        	at sun.reflect.NativeConstructorAccessorImpl.newInstance(NativeConstructorAccessorImpl.java:57)
                        	at sun.reflect.DelegatingConstructorAccessorImpl.newInstance(DelegatingConstructorAccessorImpl.java:45)
                        	at java.lang.reflect.Constructor.newInstance(Constructor.java:526)
                        	at org.openqa.selenium.remote.ErrorHandler.createThrowable(ErrorHandler.java:204)
                        	at org.openqa.selenium.remote.ErrorHandler.throwIfResponseFailed(ErrorHandler.java:156)
                        	at org.openqa.selenium.remote.RemoteWebDriver.execute(RemoteWebDriver.java:599)
                        	at org.openqa.selenium.remote.RemoteWebDriver.findElement(RemoteWebDriver.java:352)
                        	at org.openqa.selenium.remote.RemoteWebDriver.findElementByXPath(RemoteWebDriver.java:449)
                        	at org.openqa.selenium.By$ByXPath.findElement(By.java:357)
                        	at org.openqa.selenium.remote.RemoteWebDriver.findElement(RemoteWebDriver.java:344)
                        	at sun.reflect.GeneratedMethodAccessor17.invoke(Unknown Source)
                        	at sun.reflect.DelegatingMethodAccessorImpl.invoke(DelegatingMethodAccessorImpl.java:43)
                        	at java.lang.reflect.Method.invoke(Method.java:606)
                        	at org.openqa.selenium.support.events.EventFiringWebDriver$2.invoke(EventFiringWebDriver.java:101)
                        	at com.sun.proxy.$Proxy12.findElement(Unknown Source)
                        	at org.openqa.selenium.support.events.EventFiringWebDriver.findElement(EventFiringWebDriver.java:184)
                        	at com.sample.base.TestBase.getobject(TestBase.java:104)
                        	at com.sample.test1.pricefilter_unselection.price_filter_unselection(pricefilter_unselection.java:43)
                        	at sun.reflect.NativeMethodAccessorImpl.invoke0(Native Method)
                        	at sun.reflect.NativeMethodAccessorImpl.invoke(NativeMethodAccessorImpl.java:57)
                        	at sun.reflect.DelegatingMethodAccessorImpl.invoke(DelegatingMethodAccessorImpl.java:43)
                        	at java.lang.reflect.Method.invoke(Method.java:606)
                        	at org.testng.internal.MethodInvocationHelper.invokeMethod(MethodInvocationHelper.java:84)
                        	at org.testng.internal.Invoker.invokeMethod(Invoker.java:714)
                        	at org.testng.internal.Invoker.invokeTestMethod(Invoker.java:901)
                        	at org.testng.internal.Invoker.invokeTestMethods(Invoker.java:1231)
                        	at org.testng.internal.TestMethodWorker.invokeTestMethods(TestMethodWorker.java:127)
                        	at org.testng.internal.TestMethodWorker.run(TestMethodWorker.java:111)
                        	at org.testng.TestRunner.privateRun(TestRunner.java:767)
                        	at org.testng.TestRunner.run(TestRunner.java:617)
                        	at org.testng.SuiteRunner.runTest(SuiteRunner.java:334)
                        	at org.testng.SuiteRunner.runSequentially(SuiteRunner.java:329)
                        	at org.testng.SuiteRunner.privateRun(SuiteRunner.java:291)
                        	at org.testng.SuiteRunner.run(SuiteRunner.java:240)
                        	at org.testng.SuiteRunnerWorker.runSuite(SuiteRunnerWorker.java:52)
                        	at org.testng.SuiteRunnerWorker.run(SuiteRunnerWorker.java:86)
                        	at org.testng.TestNG.runSuitesSequentially(TestNG.java:1224)
                        	at org.testng.TestNG.runSuitesSequentially(TestNG.java:1220)
                        	at org.testng.TestNG.runSuitesLocally(TestNG.java:1149)
                        	at org.testng.TestNG.run(TestNG.java:1057)
                        	at org.testng.TestNG.privateMain(TestNG.java:1364)
                        	at org.testng.TestNG.main(TestNG.java:1333)
                        Caused by: org.openqa.selenium.remote.ErrorHandler$UnknownServerException: Unable to locate element: {"method":"xpath","selector":"//*[@id='selectedFilters']/div/a/span"}
                        Build info: version: '2.42.2', revision: '6a6995d', time: '2014-06-03 17:42:30'
                        System info: host: 'Gokul-VAIO', ip: '192.168.1.2', os.name: 'Windows 7', os.arch: 'amd64', os.version: '6.1', java.version:
                        '1.7.0_25'
                        Driver info: driver.version: unknown
                        	at &lt;anonymous class&gt;.FirefoxDriver.prototype.findElementInternal_(file:///C:/Users/Gokul/AppData/Local/Temp/anonymous843220213634677613webdriver-profile/extensions/fxdriver@googlecode.com/components/driver_component.js:9470:133)
                        	at &lt;anonymous class&gt;.fxdriver.Timer.prototype.setTimeout/&lt;.notify(file:///C:/Users/Gokul/AppData/Local/Temp/anonymous843220213634677613webdriver-profile/extensions/fxdriver@googlecode.com/components/driver_component.js:407:5)
                     </pre>
                  </div>
               </td>
            </tr>
            <tr id="com.sample.test1.Mixedfilter_mixed_filter_byStatus_failed_FAIL8_row"
                class="testMethodStatusFAIL">
               <td width="100%" class="firstMethodCell">
                  <a onclick="toggleDetailsVisibility('com.sample.test1.Mixedfilter_mixed_filter_byStatus_failed_FAIL8_details')">mixed_filter()</a>
               </td>
               <td nowrap="true">08:40:59</td>
               <td nowrap="true" align="right">55s
                  
               </td>
               <td nowrap="true">
                  <a onclick="toggleDetailsVisibility('com.sample.test1.Mixedfilter_mixed_filter_byStatus_failed_FAIL8_exception')">org.openqa.selenium.StaleElementReferenceException: 
                     Element not found in the cache - perhaps the page has changed since it was looked up
                     Command duration or timeout: 20.11 seconds
                     For documentation on this error, please visit: http://seleniumhq.org/exceptions/stale_element_reference.html
                     Build info: version: '2.42.2', revision: '6a6995d', time: '2014-06-03 17:42:30'
                     System info: host: 'Gokul-VAIO', ip: '192.168.1.2', os.name: 'Windows 7', os.arch: 'amd64', os.version: '6.1', java.version:
                     '1.7.0_25'
                     Session ID: e350c285-331f-4345-bd8e-f602a1c6c8f8
                     Driver info: org.openqa.selenium.firefox.FirefoxDriver
                     Capabilities [{platform=XP, databaseEnabled=true, cssSelectorsEnabled=true, javascriptEnabled=true, acceptSslCerts=true, handlesAlerts=true,
                     browserName=firefox, webStorageEnabled=true, nativeEvents=false, rotatable=false, locationContextEnabled=true, applicationCacheEnabled=true,
                     takesScreenshot=true, version=31.0}]
                     
                  </a>
                   
                  
               </td>
            </tr>
            <tr>
               <td colspan="4" class="detailsBox">
                  <div id="com.sample.test1.Mixedfilter_mixed_filter_byStatus_failed_FAIL8_details"
                       class="testMethodDetails">
                     <div>
                        <b>Name: </b>mixed_filter
                     </div>
                     <div>
                        <b>Signature: </b>mixed_filter()[pri:0, instance:com.sample.test1.Mixedfilter@7031086c]
                     </div>
                     <div>
                        <b>Start time: </b>08:40:59
                     </div>
                     <div>
                        <b>End time: </b>08:41:54
                     </div>
                     <div>
                        <b>Duration: </b>55s
                        
                     </div>
                  </div>
               </td>
            </tr>
            <tr>
               <td colspan="4" class="detailsBox">
                  <div id="com.sample.test1.Mixedfilter_mixed_filter_byStatus_failed_FAIL8_exception"
                       class="testMethodDetails">
                     <pre style="padding: 5px; margin: 0;">org.openqa.selenium.StaleElementReferenceException: Element not found in the cache - perhaps the page has changed since it
                        was looked up
                        Command duration or timeout: 20.11 seconds
                        For documentation on this error, please visit: http://seleniumhq.org/exceptions/stale_element_reference.html
                        Build info: version: '2.42.2', revision: '6a6995d', time: '2014-06-03 17:42:30'
                        System info: host: 'Gokul-VAIO', ip: '192.168.1.2', os.name: 'Windows 7', os.arch: 'amd64', os.version: '6.1', java.version:
                        '1.7.0_25'
                        Session ID: e350c285-331f-4345-bd8e-f602a1c6c8f8
                        Driver info: org.openqa.selenium.firefox.FirefoxDriver
                        Capabilities [{platform=XP, databaseEnabled=true, cssSelectorsEnabled=true, javascriptEnabled=true, acceptSslCerts=true, handlesAlerts=true,
                        browserName=firefox, webStorageEnabled=true, nativeEvents=false, rotatable=false, locationContextEnabled=true, applicationCacheEnabled=true,
                        takesScreenshot=true, version=31.0}]
                        	at sun.reflect.NativeConstructorAccessorImpl.newInstance0(Native Method)
                        	at sun.reflect.NativeConstructorAccessorImpl.newInstance(NativeConstructorAccessorImpl.java:57)
                        	at sun.reflect.DelegatingConstructorAccessorImpl.newInstance(DelegatingConstructorAccessorImpl.java:45)
                        	at java.lang.reflect.Constructor.newInstance(Constructor.java:526)
                        	at org.openqa.selenium.remote.ErrorHandler.createThrowable(ErrorHandler.java:204)
                        	at org.openqa.selenium.remote.ErrorHandler.throwIfResponseFailed(ErrorHandler.java:156)
                        	at org.openqa.selenium.remote.RemoteWebDriver.execute(RemoteWebDriver.java:599)
                        	at org.openqa.selenium.remote.RemoteWebElement.execute(RemoteWebElement.java:268)
                        	at org.openqa.selenium.remote.RemoteWebElement.getText(RemoteWebElement.java:152)
                        	at sun.reflect.GeneratedMethodAccessor18.invoke(Unknown Source)
                        	at sun.reflect.DelegatingMethodAccessorImpl.invoke(DelegatingMethodAccessorImpl.java:43)
                        	at java.lang.reflect.Method.invoke(Method.java:606)
                        	at org.openqa.selenium.support.events.EventFiringWebDriver$EventFiringWebElement$1.invoke(EventFiringWebDriver.java:331)
                        	at com.sun.proxy.$Proxy13.getText(Unknown Source)
                        	at org.openqa.selenium.support.events.EventFiringWebDriver$EventFiringWebElement.getText(EventFiringWebDriver.java:381)
                        	at com.sample.test1.Mixedfilter.mixed_filter(Mixedfilter.java:66)
                        	at sun.reflect.NativeMethodAccessorImpl.invoke0(Native Method)
                        	at sun.reflect.NativeMethodAccessorImpl.invoke(NativeMethodAccessorImpl.java:57)
                        	at sun.reflect.DelegatingMethodAccessorImpl.invoke(DelegatingMethodAccessorImpl.java:43)
                        	at java.lang.reflect.Method.invoke(Method.java:606)
                        	at org.testng.internal.MethodInvocationHelper.invokeMethod(MethodInvocationHelper.java:84)
                        	at org.testng.internal.Invoker.invokeMethod(Invoker.java:714)
                        	at org.testng.internal.Invoker.invokeTestMethod(Invoker.java:901)
                        	at org.testng.internal.Invoker.invokeTestMethods(Invoker.java:1231)
                        	at org.testng.internal.TestMethodWorker.invokeTestMethods(TestMethodWorker.java:127)
                        	at org.testng.internal.TestMethodWorker.run(TestMethodWorker.java:111)
                        	at org.testng.TestRunner.privateRun(TestRunner.java:767)
                        	at org.testng.TestRunner.run(TestRunner.java:617)
                        	at org.testng.SuiteRunner.runTest(SuiteRunner.java:334)
                        	at org.testng.SuiteRunner.runSequentially(SuiteRunner.java:329)
                        	at org.testng.SuiteRunner.privateRun(SuiteRunner.java:291)
                        	at org.testng.SuiteRunner.run(SuiteRunner.java:240)
                        	at org.testng.SuiteRunnerWorker.runSuite(SuiteRunnerWorker.java:52)
                        	at org.testng.SuiteRunnerWorker.run(SuiteRunnerWorker.java:86)
                        	at org.testng.TestNG.runSuitesSequentially(TestNG.java:1224)
                        	at org.testng.TestNG.runSuitesSequentially(TestNG.java:1220)
                        	at org.testng.TestNG.runSuitesLocally(TestNG.java:1149)
                        	at org.testng.TestNG.run(TestNG.java:1057)
                        	at org.testng.TestNG.privateMain(TestNG.java:1364)
                        	at org.testng.TestNG.main(TestNG.java:1333)
                        Caused by: org.openqa.selenium.remote.ErrorHandler$UnknownServerException: Element not found in the cache - perhaps the page
                        has changed since it was looked up
                        Build info: version: '2.42.2', revision: '6a6995d', time: '2014-06-03 17:42:30'
                        System info: host: 'Gokul-VAIO', ip: '192.168.1.2', os.name: 'Windows 7', os.arch: 'amd64', os.version: '6.1', java.version:
                        '1.7.0_25'
                        Driver info: driver.version: unknown
                        	at &lt;anonymous class&gt;.fxdriver.cache.getElementAt(resource://fxdriver/modules/web_element_cache.js:8180:5)
                        	at &lt;anonymous class&gt;.Utils.getElementAt(file:///C:/Users/Gokul/AppData/Local/Temp/anonymous843220213634677613webdriver-profile/extensions/fxdriver@googlecode.com/components/command_processor.js:7783:3)
                        	at &lt;anonymous class&gt;.WebElement.getElementText(file:///C:/Users/Gokul/AppData/Local/Temp/anonymous843220213634677613webdriver-profile/extensions/fxdriver@googlecode.com/components/command_processor.js:10893:7)
                        	at &lt;anonymous class&gt;.DelayedCommand.prototype.executeInternal_/h(file:///C:/Users/Gokul/AppData/Local/Temp/anonymous843220213634677613webdriver-profile/extensions/fxdriver@googlecode.com/components/command_processor.js:11455:16)
                        	at &lt;anonymous class&gt;.fxdriver.Timer.prototype.setTimeout/&lt;.notify(file:///C:/Users/Gokul/AppData/Local/Temp/anonymous843220213634677613webdriver-profile/extensions/fxdriver@googlecode.com/components/command_processor.js:407:5)
                     </pre>
                  </div>
               </td>
            </tr>
            <tr id="com.sample.test1.Test1_1_checktestcaserunnable_byStatus_passed_PASS1_row"
                class="testMethodStatusPASS testMethodStatusCONF">
               <td width="100%" class="firstMethodCell">
                  <a onclick="toggleDetailsVisibility('com.sample.test1.Test1_1_checktestcaserunnable_byStatus_passed_PASS1_details')">checktestcaserunnable()</a>
               </td>
               <td nowrap="true">08:39:03</td>
               <td nowrap="true" align="right">6 ms
                  
               </td>
               <td nowrap="true">
                   
                  
               </td>
            </tr>
            <tr>
               <td colspan="4" class="detailsBox">
                  <div id="com.sample.test1.Test1_1_checktestcaserunnable_byStatus_passed_PASS1_details"
                       class="testMethodDetails">
                     <div>
                        <b>Name: </b>checktestcaserunnable
                     </div>
                     <div>
                        <b>Signature: </b>checktestcaserunnable()[pri:0, instance:com.sample.test1.Test1_1@29db197]
                     </div>
                     <div>
                        <b>Start time: </b>08:39:03
                     </div>
                     <div>
                        <b>End time: </b>08:39:03
                     </div>
                     <div>
                        <b>Duration: </b>6 ms
                        
                     </div>
                  </div>
               </td>
            </tr>
            <tr></tr>
            <tr id="com.sample.test1.Test1_1_test1_byStatus_passed_PASS2_row"
                class="testMethodStatusPASS">
               <td width="100%" class="firstMethodCell">
                  <a onclick="toggleDetailsVisibility('com.sample.test1.Test1_1_test1_byStatus_passed_PASS2_details')">test1()</a>
               </td>
               <td nowrap="true">08:39:03</td>
               <td nowrap="true" align="right">23s
                  
               </td>
               <td nowrap="true">
                   
                  
               </td>
            </tr>
            <tr>
               <td colspan="4" class="detailsBox">
                  <div id="com.sample.test1.Test1_1_test1_byStatus_passed_PASS2_details"
                       class="testMethodDetails">
                     <div>
                        <b>Name: </b>test1
                     </div>
                     <div>
                        <b>Signature: </b>test1()[pri:0, instance:com.sample.test1.Test1_1@29db197]
                     </div>
                     <div>
                        <b>Start time: </b>08:39:03
                     </div>
                     <div>
                        <b>End time: </b>08:39:27
                     </div>
                     <div>
                        <b>Duration: </b>23s
                        
                     </div>
                  </div>
               </td>
            </tr>
            <tr></tr>
            <tr id="com.sample.test1.brandsearch_checktestcaserunnable_byStatus_passed_PASS3_row"
                class="testMethodStatusPASS testMethodStatusCONF">
               <td width="100%" class="firstMethodCell">
                  <a onclick="toggleDetailsVisibility('com.sample.test1.brandsearch_checktestcaserunnable_byStatus_passed_PASS3_details')">checktestcaserunnable()</a>
               </td>
               <td nowrap="true">08:39:27</td>
               <td nowrap="true" align="right">5 ms
                  
               </td>
               <td nowrap="true">
                   
                  
               </td>
            </tr>
            <tr>
               <td colspan="4" class="detailsBox">
                  <div id="com.sample.test1.brandsearch_checktestcaserunnable_byStatus_passed_PASS3_details"
                       class="testMethodDetails">
                     <div>
                        <b>Name: </b>checktestcaserunnable
                     </div>
                     <div>
                        <b>Signature: </b>checktestcaserunnable()[pri:0, instance:com.sample.test1.brandsearch@6647dc79]
                     </div>
                     <div>
                        <b>Start time: </b>08:39:27
                     </div>
                     <div>
                        <b>End time: </b>08:39:27
                     </div>
                     <div>
                        <b>Duration: </b>5 ms
                        
                     </div>
                  </div>
               </td>
            </tr>
            <tr></tr>
            <tr id="com.sample.test1.brandsearch_setresultforData_byStatus_passed_PASS4_row"
                class="testMethodStatusPASS testMethodStatusCONF">
               <td width="100%" class="firstMethodCell">
                  <a onclick="toggleDetailsVisibility('com.sample.test1.brandsearch_setresultforData_byStatus_passed_PASS4_details')">setresultforData()</a>
               </td>
               <td nowrap="true">08:39:30</td>
               <td nowrap="true" align="right">2s
                  
               </td>
               <td nowrap="true">
                   
                  
               </td>
            </tr>
            <tr>
               <td colspan="4" class="detailsBox">
                  <div id="com.sample.test1.brandsearch_setresultforData_byStatus_passed_PASS4_details"
                       class="testMethodDetails">
                     <div>
                        <b>Name: </b>setresultforData
                     </div>
                     <div>
                        <b>Signature: </b>setresultforData()[pri:0, instance:com.sample.test1.brandsearch@6647dc79]
                     </div>
                     <div>
                        <b>Start time: </b>08:39:30
                     </div>
                     <div>
                        <b>End time: </b>08:39:32
                     </div>
                     <div>
                        <b>Duration: </b>2s
                        
                     </div>
                  </div>
               </td>
            </tr>
            <tr></tr>
            <tr id="com.sample.test1.brandsearch_checktestcaserunnable_byStatus_passed_PASS5_row"
                class="testMethodStatusPASS testMethodStatusCONF">
               <td width="100%" class="firstMethodCell">
                  <a onclick="toggleDetailsVisibility('com.sample.test1.brandsearch_checktestcaserunnable_byStatus_passed_PASS5_details')">checktestcaserunnable()</a>
               </td>
               <td nowrap="true">08:39:32</td>
               <td nowrap="true" align="right">4 ms
                  
               </td>
               <td nowrap="true">
                   
                  
               </td>
            </tr>
            <tr>
               <td colspan="4" class="detailsBox">
                  <div id="com.sample.test1.brandsearch_checktestcaserunnable_byStatus_passed_PASS5_details"
                       class="testMethodDetails">
                     <div>
                        <b>Name: </b>checktestcaserunnable
                     </div>
                     <div>
                        <b>Signature: </b>checktestcaserunnable()[pri:0, instance:com.sample.test1.brandsearch@6647dc79]
                     </div>
                     <div>
                        <b>Start time: </b>08:39:32
                     </div>
                     <div>
                        <b>End time: </b>08:39:32
                     </div>
                     <div>
                        <b>Duration: </b>4 ms
                        
                     </div>
                  </div>
               </td>
            </tr>
            <tr></tr>
            <tr id="com.sample.test1.brandsearch_setresultforData_byStatus_passed_PASS6_row"
                class="testMethodStatusPASS testMethodStatusCONF">
               <td width="100%" class="firstMethodCell">
                  <a onclick="toggleDetailsVisibility('com.sample.test1.brandsearch_setresultforData_byStatus_passed_PASS6_details')">setresultforData()</a>
               </td>
               <td nowrap="true">08:39:33</td>
               <td nowrap="true" align="right">142 ms
                  
               </td>
               <td nowrap="true">
                   
                  
               </td>
            </tr>
            <tr>
               <td colspan="4" class="detailsBox">
                  <div id="com.sample.test1.brandsearch_setresultforData_byStatus_passed_PASS6_details"
                       class="testMethodDetails">
                     <div>
                        <b>Name: </b>setresultforData
                     </div>
                     <div>
                        <b>Signature: </b>setresultforData()[pri:0, instance:com.sample.test1.brandsearch@6647dc79]
                     </div>
                     <div>
                        <b>Start time: </b>08:39:33
                     </div>
                     <div>
                        <b>End time: </b>08:39:33
                     </div>
                     <div>
                        <b>Duration: </b>142 ms
                        
                     </div>
                  </div>
               </td>
            </tr>
            <tr></tr>
            <tr id="com.sample.test1.brandsearch_checktestcaserunnable_byStatus_passed_PASS7_row"
                class="testMethodStatusPASS testMethodStatusCONF">
               <td width="100%" class="firstMethodCell">
                  <a onclick="toggleDetailsVisibility('com.sample.test1.brandsearch_checktestcaserunnable_byStatus_passed_PASS7_details')">checktestcaserunnable()</a>
               </td>
               <td nowrap="true">08:39:33</td>
               <td nowrap="true" align="right">4 ms
                  
               </td>
               <td nowrap="true">
                   
                  
               </td>
            </tr>
            <tr>
               <td colspan="4" class="detailsBox">
                  <div id="com.sample.test1.brandsearch_checktestcaserunnable_byStatus_passed_PASS7_details"
                       class="testMethodDetails">
                     <div>
                        <b>Name: </b>checktestcaserunnable
                     </div>
                     <div>
                        <b>Signature: </b>checktestcaserunnable()[pri:0, instance:com.sample.test1.brandsearch@6647dc79]
                     </div>
                     <div>
                        <b>Start time: </b>08:39:33
                     </div>
                     <div>
                        <b>End time: </b>08:39:33
                     </div>
                     <div>
                        <b>Duration: </b>4 ms
                        
                     </div>
                  </div>
               </td>
            </tr>
            <tr></tr>
            <tr id="com.sample.test1.brandsearch_setresultforData_byStatus_passed_PASS8_row"
                class="testMethodStatusPASS testMethodStatusCONF">
               <td width="100%" class="firstMethodCell">
                  <a onclick="toggleDetailsVisibility('com.sample.test1.brandsearch_setresultforData_byStatus_passed_PASS8_details')">setresultforData()</a>
               </td>
               <td nowrap="true">08:39:33</td>
               <td nowrap="true" align="right">215 ms
                  
               </td>
               <td nowrap="true">
                   
                  
               </td>
            </tr>
            <tr>
               <td colspan="4" class="detailsBox">
                  <div id="com.sample.test1.brandsearch_setresultforData_byStatus_passed_PASS8_details"
                       class="testMethodDetails">
                     <div>
                        <b>Name: </b>setresultforData
                     </div>
                     <div>
                        <b>Signature: </b>setresultforData()[pri:0, instance:com.sample.test1.brandsearch@6647dc79]
                     </div>
                     <div>
                        <b>Start time: </b>08:39:33
                     </div>
                     <div>
                        <b>End time: </b>08:39:34
                     </div>
                     <div>
                        <b>Duration: </b>215 ms
                        
                     </div>
                  </div>
               </td>
            </tr>
            <tr></tr>
            <tr id="com.sample.test1.brandsearch_checktestcaserunnable_byStatus_passed_PASS9_row"
                class="testMethodStatusPASS testMethodStatusCONF">
               <td width="100%" class="firstMethodCell">
                  <a onclick="toggleDetailsVisibility('com.sample.test1.brandsearch_checktestcaserunnable_byStatus_passed_PASS9_details')">checktestcaserunnable()</a>
               </td>
               <td nowrap="true">08:39:34</td>
               <td nowrap="true" align="right">4 ms
                  
               </td>
               <td nowrap="true">
                   
                  
               </td>
            </tr>
            <tr>
               <td colspan="4" class="detailsBox">
                  <div id="com.sample.test1.brandsearch_checktestcaserunnable_byStatus_passed_PASS9_details"
                       class="testMethodDetails">
                     <div>
                        <b>Name: </b>checktestcaserunnable
                     </div>
                     <div>
                        <b>Signature: </b>checktestcaserunnable()[pri:0, instance:com.sample.test1.brandsearch@6647dc79]
                     </div>
                     <div>
                        <b>Start time: </b>08:39:34
                     </div>
                     <div>
                        <b>End time: </b>08:39:34
                     </div>
                     <div>
                        <b>Duration: </b>4 ms
                        
                     </div>
                  </div>
               </td>
            </tr>
            <tr></tr>
            <tr id="com.sample.test1.brandsearch_setresultforData_byStatus_passed_PASS10_row"
                class="testMethodStatusPASS testMethodStatusCONF">
               <td width="100%" class="firstMethodCell">
                  <a onclick="toggleDetailsVisibility('com.sample.test1.brandsearch_setresultforData_byStatus_passed_PASS10_details')">setresultforData()</a>
               </td>
               <td nowrap="true">08:39:34</td>
               <td nowrap="true" align="right">144 ms
                  
               </td>
               <td nowrap="true">
                   
                  
               </td>
            </tr>
            <tr>
               <td colspan="4" class="detailsBox">
                  <div id="com.sample.test1.brandsearch_setresultforData_byStatus_passed_PASS10_details"
                       class="testMethodDetails">
                     <div>
                        <b>Name: </b>setresultforData
                     </div>
                     <div>
                        <b>Signature: </b>setresultforData()[pri:0, instance:com.sample.test1.brandsearch@6647dc79]
                     </div>
                     <div>
                        <b>Start time: </b>08:39:34
                     </div>
                     <div>
                        <b>End time: </b>08:39:34
                     </div>
                     <div>
                        <b>Duration: </b>144 ms
                        
                     </div>
                  </div>
               </td>
            </tr>
            <tr></tr>
            <tr id="com.sample.test1.brandsearch_checktestcaserunnable_byStatus_passed_PASS11_row"
                class="testMethodStatusPASS testMethodStatusCONF">
               <td width="100%" class="firstMethodCell">
                  <a onclick="toggleDetailsVisibility('com.sample.test1.brandsearch_checktestcaserunnable_byStatus_passed_PASS11_details')">checktestcaserunnable()</a>
               </td>
               <td nowrap="true">08:39:34</td>
               <td nowrap="true" align="right">4 ms
                  
               </td>
               <td nowrap="true">
                   
                  
               </td>
            </tr>
            <tr>
               <td colspan="4" class="detailsBox">
                  <div id="com.sample.test1.brandsearch_checktestcaserunnable_byStatus_passed_PASS11_details"
                       class="testMethodDetails">
                     <div>
                        <b>Name: </b>checktestcaserunnable
                     </div>
                     <div>
                        <b>Signature: </b>checktestcaserunnable()[pri:0, instance:com.sample.test1.brandsearch@6647dc79]
                     </div>
                     <div>
                        <b>Start time: </b>08:39:34
                     </div>
                     <div>
                        <b>End time: </b>08:39:34
                     </div>
                     <div>
                        <b>Duration: </b>4 ms
                        
                     </div>
                  </div>
               </td>
            </tr>
            <tr></tr>
            <tr id="com.sample.test1.brandsearch_setresultforData_byStatus_passed_PASS12_row"
                class="testMethodStatusPASS testMethodStatusCONF">
               <td width="100%" class="firstMethodCell">
                  <a onclick="toggleDetailsVisibility('com.sample.test1.brandsearch_setresultforData_byStatus_passed_PASS12_details')">setresultforData()</a>
               </td>
               <td nowrap="true">08:39:35</td>
               <td nowrap="true" align="right">144 ms
                  
               </td>
               <td nowrap="true">
                   
                  
               </td>
            </tr>
            <tr>
               <td colspan="4" class="detailsBox">
                  <div id="com.sample.test1.brandsearch_setresultforData_byStatus_passed_PASS12_details"
                       class="testMethodDetails">
                     <div>
                        <b>Name: </b>setresultforData
                     </div>
                     <div>
                        <b>Signature: </b>setresultforData()[pri:0, instance:com.sample.test1.brandsearch@6647dc79]
                     </div>
                     <div>
                        <b>Start time: </b>08:39:35
                     </div>
                     <div>
                        <b>End time: </b>08:39:35
                     </div>
                     <div>
                        <b>Duration: </b>144 ms
                        
                     </div>
                  </div>
               </td>
            </tr>
            <tr></tr>
            <tr id="com.sample.test1.pricefilter_checktestcaserunnable_byStatus_passed_PASS13_row"
                class="testMethodStatusPASS testMethodStatusCONF">
               <td width="100%" class="firstMethodCell">
                  <a onclick="toggleDetailsVisibility('com.sample.test1.pricefilter_checktestcaserunnable_byStatus_passed_PASS13_details')">checktestcaserunnable()</a>
               </td>
               <td nowrap="true">08:39:35</td>
               <td nowrap="true" align="right">2 ms
                  
               </td>
               <td nowrap="true">
                   
                  
               </td>
            </tr>
            <tr>
               <td colspan="4" class="detailsBox">
                  <div id="com.sample.test1.pricefilter_checktestcaserunnable_byStatus_passed_PASS13_details"
                       class="testMethodDetails">
                     <div>
                        <b>Name: </b>checktestcaserunnable
                     </div>
                     <div>
                        <b>Signature: </b>checktestcaserunnable()[pri:0, instance:com.sample.test1.pricefilter@5219f360]
                     </div>
                     <div>
                        <b>Start time: </b>08:39:35
                     </div>
                     <div>
                        <b>End time: </b>08:39:35
                     </div>
                     <div>
                        <b>Duration: </b>2 ms
                        
                     </div>
                  </div>
               </td>
            </tr>
            <tr></tr>
            <tr id="com.sample.test1.pricefilter_unselection_checktestcaserunnable_byStatus_passed_PASS14_row"
                class="testMethodStatusPASS testMethodStatusCONF">
               <td width="100%" class="firstMethodCell">
                  <a onclick="toggleDetailsVisibility('com.sample.test1.pricefilter_unselection_checktestcaserunnable_byStatus_passed_PASS14_details')">checktestcaserunnable()</a>
               </td>
               <td nowrap="true">08:39:56</td>
               <td nowrap="true" align="right">2 ms
                  
               </td>
               <td nowrap="true">
                   
                  
               </td>
            </tr>
            <tr>
               <td colspan="4" class="detailsBox">
                  <div id="com.sample.test1.pricefilter_unselection_checktestcaserunnable_byStatus_passed_PASS14_details"
                       class="testMethodDetails">
                     <div>
                        <b>Name: </b>checktestcaserunnable
                     </div>
                     <div>
                        <b>Signature: </b>checktestcaserunnable()[pri:0, instance:com.sample.test1.pricefilter_unselection@2fa1610b]
                     </div>
                     <div>
                        <b>Start time: </b>08:39:56
                     </div>
                     <div>
                        <b>End time: </b>08:39:56
                     </div>
                     <div>
                        <b>Duration: </b>2 ms
                        
                     </div>
                  </div>
               </td>
            </tr>
            <tr></tr>
            <tr id="com.sample.test1.brandfilter_checktestcaserunnable_byStatus_passed_PASS15_row"
                class="testMethodStatusPASS testMethodStatusCONF">
               <td width="100%" class="firstMethodCell">
                  <a onclick="toggleDetailsVisibility('com.sample.test1.brandfilter_checktestcaserunnable_byStatus_passed_PASS15_details')">checktestcaserunnable()</a>
               </td>
               <td nowrap="true">08:40:16</td>
               <td nowrap="true" align="right">2 ms
                  
               </td>
               <td nowrap="true">
                   
                  
               </td>
            </tr>
            <tr>
               <td colspan="4" class="detailsBox">
                  <div id="com.sample.test1.brandfilter_checktestcaserunnable_byStatus_passed_PASS15_details"
                       class="testMethodDetails">
                     <div>
                        <b>Name: </b>checktestcaserunnable
                     </div>
                     <div>
                        <b>Signature: </b>checktestcaserunnable()[pri:0, instance:com.sample.test1.brandfilter@5d729d49]
                     </div>
                     <div>
                        <b>Start time: </b>08:40:16
                     </div>
                     <div>
                        <b>End time: </b>08:40:16
                     </div>
                     <div>
                        <b>Duration: </b>2 ms
                        
                     </div>
                  </div>
               </td>
            </tr>
            <tr></tr>
            <tr id="com.sample.test1.brandfilter_brand_filter_byStatus_passed_PASS16_row"
                class="testMethodStatusPASS">
               <td width="100%" class="firstMethodCell">
                  <a onclick="toggleDetailsVisibility('com.sample.test1.brandfilter_brand_filter_byStatus_passed_PASS16_details')">brand_filter()</a>
               </td>
               <td nowrap="true">08:40:16</td>
               <td nowrap="true" align="right">16s
                  
               </td>
               <td nowrap="true">
                   
                  
               </td>
            </tr>
            <tr>
               <td colspan="4" class="detailsBox">
                  <div id="com.sample.test1.brandfilter_brand_filter_byStatus_passed_PASS16_details"
                       class="testMethodDetails">
                     <div>
                        <b>Name: </b>brand_filter
                     </div>
                     <div>
                        <b>Signature: </b>brand_filter()[pri:0, instance:com.sample.test1.brandfilter@5d729d49]
                     </div>
                     <div>
                        <b>Start time: </b>08:40:16
                     </div>
                     <div>
                        <b>End time: </b>08:40:32
                     </div>
                     <div>
                        <b>Duration: </b>16s
                        
                     </div>
                  </div>
               </td>
            </tr>
            <tr></tr>
            <tr id="com.sample.test1.brand_unselection_checktestcaserunnable_byStatus_passed_PASS17_row"
                class="testMethodStatusPASS testMethodStatusCONF">
               <td width="100%" class="firstMethodCell">
                  <a onclick="toggleDetailsVisibility('com.sample.test1.brand_unselection_checktestcaserunnable_byStatus_passed_PASS17_details')">checktestcaserunnable()</a>
               </td>
               <td nowrap="true">08:40:32</td>
               <td nowrap="true" align="right">2 ms
                  
               </td>
               <td nowrap="true">
                   
                  
               </td>
            </tr>
            <tr>
               <td colspan="4" class="detailsBox">
                  <div id="com.sample.test1.brand_unselection_checktestcaserunnable_byStatus_passed_PASS17_details"
                       class="testMethodDetails">
                     <div>
                        <b>Name: </b>checktestcaserunnable
                     </div>
                     <div>
                        <b>Signature: </b>checktestcaserunnable()[pri:0, instance:com.sample.test1.brand_unselection@6f0abf2c]
                     </div>
                     <div>
                        <b>Start time: </b>08:40:32
                     </div>
                     <div>
                        <b>End time: </b>08:40:32
                     </div>
                     <div>
                        <b>Duration: </b>2 ms
                        
                     </div>
                  </div>
               </td>
            </tr>
            <tr></tr>
            <tr id="com.sample.test1.brand_unselection_brand_unselection_byStatus_passed_PASS18_row"
                class="testMethodStatusPASS">
               <td width="100%" class="firstMethodCell">
                  <a onclick="toggleDetailsVisibility('com.sample.test1.brand_unselection_brand_unselection_byStatus_passed_PASS18_details')">brand_unselection()</a>
               </td>
               <td nowrap="true">08:40:32</td>
               <td nowrap="true" align="right">28s
                  
               </td>
               <td nowrap="true">
                   
                  
               </td>
            </tr>
            <tr>
               <td colspan="4" class="detailsBox">
                  <div id="com.sample.test1.brand_unselection_brand_unselection_byStatus_passed_PASS18_details"
                       class="testMethodDetails">
                     <div>
                        <b>Name: </b>brand_unselection
                     </div>
                     <div>
                        <b>Signature: </b>brand_unselection()[pri:0, instance:com.sample.test1.brand_unselection@6f0abf2c]
                     </div>
                     <div>
                        <b>Start time: </b>08:40:32
                     </div>
                     <div>
                        <b>End time: </b>08:40:59
                     </div>
                     <div>
                        <b>Duration: </b>28s
                        
                     </div>
                  </div>
               </td>
            </tr>
            <tr></tr>
            <tr id="com.sample.test1.Mixedfilter_checksuiteskip_byStatus_passed_PASS19_row"
                class="testMethodStatusPASS testMethodStatusCONF">
               <td width="100%" class="firstMethodCell">
                  <a onclick="toggleDetailsVisibility('com.sample.test1.Mixedfilter_checksuiteskip_byStatus_passed_PASS19_details')">checksuiteskip()</a>
               </td>
               <td nowrap="true">08:38:47</td>
               <td nowrap="true" align="right">17s
                  
               </td>
               <td nowrap="true">
                   
                  
               </td>
            </tr>
            <tr>
               <td colspan="4" class="detailsBox">
                  <div id="com.sample.test1.Mixedfilter_checksuiteskip_byStatus_passed_PASS19_details"
                       class="testMethodDetails">
                     <div>
                        <b>Name: </b>checksuiteskip
                     </div>
                     <div>
                        <b>Signature: </b>checksuiteskip()[pri:0, instance:com.sample.test1.Mixedfilter@7031086c]
                     </div>
                     <div>
                        <b>Start time: </b>08:38:47
                     </div>
                     <div>
                        <b>End time: </b>08:39:03
                     </div>
                     <div>
                        <b>Duration: </b>17s
                        
                     </div>
                  </div>
               </td>
            </tr>
            <tr></tr>
            <tr id="com.sample.test1.Mixedfilter_checktestcaserunnable_byStatus_passed_PASS20_row"
                class="testMethodStatusPASS testMethodStatusCONF">
               <td width="100%" class="firstMethodCell">
                  <a onclick="toggleDetailsVisibility('com.sample.test1.Mixedfilter_checktestcaserunnable_byStatus_passed_PASS20_details')">checktestcaserunnable()</a>
               </td>
               <td nowrap="true">08:40:59</td>
               <td nowrap="true" align="right">2 ms
                  
               </td>
               <td nowrap="true">
                   
                  
               </td>
            </tr>
            <tr>
               <td colspan="4" class="detailsBox">
                  <div id="com.sample.test1.Mixedfilter_checktestcaserunnable_byStatus_passed_PASS20_details"
                       class="testMethodDetails">
                     <div>
                        <b>Name: </b>checktestcaserunnable
                     </div>
                     <div>
                        <b>Signature: </b>checktestcaserunnable()[pri:0, instance:com.sample.test1.Mixedfilter@7031086c]
                     </div>
                     <div>
                        <b>Start time: </b>08:40:59
                     </div>
                     <div>
                        <b>End time: </b>08:40:59
                     </div>
                     <div>
                        <b>Duration: </b>2 ms
                        
                     </div>
                  </div>
               </td>
            </tr>
            <tr></tr>
         </table>
      </div>
      <div id="testMethodsByClass" style="display: none;">
         <table class="testMethodsTable" cellpadding="0" cellspacing="0">
            <tr>
               <td colspan="4">
                  <h3 style="display: inline;">com.sample.test1.brand_unselection</h3>
               </td>
            </tr>
            <tr class="methodsTableHeader">
               <td width="100%">Name</td>
               <td nowrap="true">Started</td>
               <td nowrap="true">Duration</td>
               <td>Exception</td>
            </tr>
            <tr id="com.sample.test1.brand_unselection_checktestcaserunnable_byClass_PASS1_row"
                class="testMethodStatusPASS testMethodStatusCONF">
               <td width="100%" class="firstMethodCell">
                  <a onclick="toggleDetailsVisibility('com.sample.test1.brand_unselection_checktestcaserunnable_byClass_PASS1_details')">checktestcaserunnable()</a>
               </td>
               <td nowrap="true">08:40:32</td>
               <td nowrap="true" align="right">2 ms
                  
               </td>
               <td nowrap="true">
                   
                  
               </td>
            </tr>
            <tr>
               <td colspan="4" class="detailsBox">
                  <div id="com.sample.test1.brand_unselection_checktestcaserunnable_byClass_PASS1_details"
                       class="testMethodDetails">
                     <div>
                        <b>Name: </b>checktestcaserunnable
                     </div>
                     <div>
                        <b>Signature: </b>checktestcaserunnable()[pri:0, instance:com.sample.test1.brand_unselection@6f0abf2c]
                     </div>
                     <div>
                        <b>Start time: </b>08:40:32
                     </div>
                     <div>
                        <b>End time: </b>08:40:32
                     </div>
                     <div>
                        <b>Duration: </b>2 ms
                        
                     </div>
                  </div>
               </td>
            </tr>
            <tr></tr>
            <tr id="com.sample.test1.brand_unselection_brand_unselection_byClass_PASS2_row"
                class="testMethodStatusPASS">
               <td width="100%" class="firstMethodCell">
                  <a onclick="toggleDetailsVisibility('com.sample.test1.brand_unselection_brand_unselection_byClass_PASS2_details')">brand_unselection()</a>
               </td>
               <td nowrap="true">08:40:32</td>
               <td nowrap="true" align="right">28s
                  
               </td>
               <td nowrap="true">
                   
                  
               </td>
            </tr>
            <tr>
               <td colspan="4" class="detailsBox">
                  <div id="com.sample.test1.brand_unselection_brand_unselection_byClass_PASS2_details"
                       class="testMethodDetails">
                     <div>
                        <b>Name: </b>brand_unselection
                     </div>
                     <div>
                        <b>Signature: </b>brand_unselection()[pri:0, instance:com.sample.test1.brand_unselection@6f0abf2c]
                     </div>
                     <div>
                        <b>Start time: </b>08:40:32
                     </div>
                     <div>
                        <b>End time: </b>08:40:59
                     </div>
                     <div>
                        <b>Duration: </b>28s
                        
                     </div>
                  </div>
               </td>
            </tr>
            <tr></tr>
         </table>
         <br></br>
         <table class="testMethodsTable" cellpadding="0" cellspacing="0">
            <tr>
               <td colspan="4">
                  <h3 style="display: inline;">com.sample.test1.brandfilter</h3>
               </td>
            </tr>
            <tr class="methodsTableHeader">
               <td width="100%">Name</td>
               <td nowrap="true">Started</td>
               <td nowrap="true">Duration</td>
               <td>Exception</td>
            </tr>
            <tr id="com.sample.test1.brandfilter_checktestcaserunnable_byClass_PASS1_row"
                class="testMethodStatusPASS testMethodStatusCONF">
               <td width="100%" class="firstMethodCell">
                  <a onclick="toggleDetailsVisibility('com.sample.test1.brandfilter_checktestcaserunnable_byClass_PASS1_details')">checktestcaserunnable()</a>
               </td>
               <td nowrap="true">08:40:16</td>
               <td nowrap="true" align="right">2 ms
                  
               </td>
               <td nowrap="true">
                   
                  
               </td>
            </tr>
            <tr>
               <td colspan="4" class="detailsBox">
                  <div id="com.sample.test1.brandfilter_checktestcaserunnable_byClass_PASS1_details"
                       class="testMethodDetails">
                     <div>
                        <b>Name: </b>checktestcaserunnable
                     </div>
                     <div>
                        <b>Signature: </b>checktestcaserunnable()[pri:0, instance:com.sample.test1.brandfilter@5d729d49]
                     </div>
                     <div>
                        <b>Start time: </b>08:40:16
                     </div>
                     <div>
                        <b>End time: </b>08:40:16
                     </div>
                     <div>
                        <b>Duration: </b>2 ms
                        
                     </div>
                  </div>
               </td>
            </tr>
            <tr></tr>
            <tr id="com.sample.test1.brandfilter_brand_filter_byClass_PASS2_row"
                class="testMethodStatusPASS">
               <td width="100%" class="firstMethodCell">
                  <a onclick="toggleDetailsVisibility('com.sample.test1.brandfilter_brand_filter_byClass_PASS2_details')">brand_filter()</a>
               </td>
               <td nowrap="true">08:40:16</td>
               <td nowrap="true" align="right">16s
                  
               </td>
               <td nowrap="true">
                   
                  
               </td>
            </tr>
            <tr>
               <td colspan="4" class="detailsBox">
                  <div id="com.sample.test1.brandfilter_brand_filter_byClass_PASS2_details"
                       class="testMethodDetails">
                     <div>
                        <b>Name: </b>brand_filter
                     </div>
                     <div>
                        <b>Signature: </b>brand_filter()[pri:0, instance:com.sample.test1.brandfilter@5d729d49]
                     </div>
                     <div>
                        <b>Start time: </b>08:40:16
                     </div>
                     <div>
                        <b>End time: </b>08:40:32
                     </div>
                     <div>
                        <b>Duration: </b>16s
                        
                     </div>
                  </div>
               </td>
            </tr>
            <tr></tr>
         </table>
         <br></br>
         <table class="testMethodsTable" cellpadding="0" cellspacing="0">
            <tr>
               <td colspan="4">
                  <h3 style="display: inline;">com.sample.test1.brandsearch</h3>
               </td>
            </tr>
            <tr class="methodsTableHeader">
               <td width="100%">Name</td>
               <td nowrap="true">Started</td>
               <td nowrap="true">Duration</td>
               <td>Exception</td>
            </tr>
            <tr id="com.sample.test1.brandsearch_checktestcaserunnable_byClass_PASS1_row"
                class="testMethodStatusPASS testMethodStatusCONF">
               <td width="100%" class="firstMethodCell">
                  <a onclick="toggleDetailsVisibility('com.sample.test1.brandsearch_checktestcaserunnable_byClass_PASS1_details')">checktestcaserunnable()</a>
               </td>
               <td nowrap="true">08:39:27</td>
               <td nowrap="true" align="right">5 ms
                  
               </td>
               <td nowrap="true">
                   
                  
               </td>
            </tr>
            <tr>
               <td colspan="4" class="detailsBox">
                  <div id="com.sample.test1.brandsearch_checktestcaserunnable_byClass_PASS1_details"
                       class="testMethodDetails">
                     <div>
                        <b>Name: </b>checktestcaserunnable
                     </div>
                     <div>
                        <b>Signature: </b>checktestcaserunnable()[pri:0, instance:com.sample.test1.brandsearch@6647dc79]
                     </div>
                     <div>
                        <b>Start time: </b>08:39:27
                     </div>
                     <div>
                        <b>End time: </b>08:39:27
                     </div>
                     <div>
                        <b>Duration: </b>5 ms
                        
                     </div>
                  </div>
               </td>
            </tr>
            <tr></tr>
            <tr id="com.sample.test1.brandsearch_test2in1_byClass_FAIL2_row"
                class="testMethodStatusFAIL">
               <td width="100%" class="firstMethodCell">
                  <a onclick="toggleDetailsVisibility('com.sample.test1.brandsearch_test2in1_byClass_FAIL2_details')">test2in1(P)</a>
               </td>
               <td nowrap="true">08:39:27</td>
               <td nowrap="true" align="right">3s
                  
               </td>
               <td nowrap="true">
                  <a onclick="toggleDetailsVisibility('com.sample.test1.brandsearch_test2in1_byClass_FAIL2_exception')">java.lang.AssertionError: 
                     expected [true] but found [false]
                     
                  </a>
                   
                  
               </td>
            </tr>
            <tr>
               <td colspan="4" class="detailsBox">
                  <div id="com.sample.test1.brandsearch_test2in1_byClass_FAIL2_details"
                       class="testMethodDetails">
                     <div>
                        <b>Name: </b>test2in1
                     </div>
                     <div>
                        <b>Signature: </b>test2in1(java.lang.String)[pri:0, instance:com.sample.test1.brandsearch@6647dc79]
                     </div>
                     <div>
                        <b>Parameters: </b>
                        
                        P
                        
                        
                     </div>
                     <div>
                        <b>Start time: </b>08:39:27
                     </div>
                     <div>
                        <b>End time: </b>08:39:30
                     </div>
                     <div>
                        <b>Duration: </b>3s
                        
                     </div>
                  </div>
               </td>
            </tr>
            <tr>
               <td colspan="4" class="detailsBox">
                  <div id="com.sample.test1.brandsearch_test2in1_byClass_FAIL2_exception"
                       class="testMethodDetails">
                     <pre style="padding: 5px; margin: 0;">java.lang.AssertionError: expected [true] but found [false]
                        	at org.testng.Assert.fail(Assert.java:94)
                        	at org.testng.Assert.failNotEquals(Assert.java:494)
                        	at org.testng.Assert.assertTrue(Assert.java:42)
                        	at org.testng.Assert.assertTrue(Assert.java:52)
                        	at com.sample.test1.brandsearch.test2in1(brandsearch.java:60)
                        	at sun.reflect.NativeMethodAccessorImpl.invoke0(Native Method)
                        	at sun.reflect.NativeMethodAccessorImpl.invoke(NativeMethodAccessorImpl.java:57)
                        	at sun.reflect.DelegatingMethodAccessorImpl.invoke(DelegatingMethodAccessorImpl.java:43)
                        	at java.lang.reflect.Method.invoke(Method.java:606)
                        	at org.testng.internal.MethodInvocationHelper.invokeMethod(MethodInvocationHelper.java:84)
                        	at org.testng.internal.Invoker.invokeMethod(Invoker.java:714)
                        	at org.testng.internal.Invoker.invokeTestMethod(Invoker.java:901)
                        	at org.testng.internal.Invoker.invokeTestMethods(Invoker.java:1231)
                        	at org.testng.internal.TestMethodWorker.invokeTestMethods(TestMethodWorker.java:127)
                        	at org.testng.internal.TestMethodWorker.run(TestMethodWorker.java:111)
                        	at org.testng.TestRunner.privateRun(TestRunner.java:767)
                        	at org.testng.TestRunner.run(TestRunner.java:617)
                        	at org.testng.SuiteRunner.runTest(SuiteRunner.java:334)
                        	at org.testng.SuiteRunner.runSequentially(SuiteRunner.java:329)
                        	at org.testng.SuiteRunner.privateRun(SuiteRunner.java:291)
                        	at org.testng.SuiteRunner.run(SuiteRunner.java:240)
                        	at org.testng.SuiteRunnerWorker.runSuite(SuiteRunnerWorker.java:52)
                        	at org.testng.SuiteRunnerWorker.run(SuiteRunnerWorker.java:86)
                        	at org.testng.TestNG.runSuitesSequentially(TestNG.java:1224)
                        	at org.testng.TestNG.runSuitesSequentially(TestNG.java:1220)
                        	at org.testng.TestNG.runSuitesLocally(TestNG.java:1149)
                        	at org.testng.TestNG.run(TestNG.java:1057)
                        	at org.testng.TestNG.privateMain(TestNG.java:1364)
                        	at org.testng.TestNG.main(TestNG.java:1333)
                     </pre>
                  </div>
               </td>
            </tr>
            <tr id="com.sample.test1.brandsearch_setresultforData_byClass_PASS3_row"
                class="testMethodStatusPASS testMethodStatusCONF">
               <td width="100%" class="firstMethodCell">
                  <a onclick="toggleDetailsVisibility('com.sample.test1.brandsearch_setresultforData_byClass_PASS3_details')">setresultforData()</a>
               </td>
               <td nowrap="true">08:39:30</td>
               <td nowrap="true" align="right">2s
                  
               </td>
               <td nowrap="true">
                   
                  
               </td>
            </tr>
            <tr>
               <td colspan="4" class="detailsBox">
                  <div id="com.sample.test1.brandsearch_setresultforData_byClass_PASS3_details"
                       class="testMethodDetails">
                     <div>
                        <b>Name: </b>setresultforData
                     </div>
                     <div>
                        <b>Signature: </b>setresultforData()[pri:0, instance:com.sample.test1.brandsearch@6647dc79]
                     </div>
                     <div>
                        <b>Start time: </b>08:39:30
                     </div>
                     <div>
                        <b>End time: </b>08:39:32
                     </div>
                     <div>
                        <b>Duration: </b>2s
                        
                     </div>
                  </div>
               </td>
            </tr>
            <tr></tr>
            <tr id="com.sample.test1.brandsearch_checktestcaserunnable_byClass_PASS4_row"
                class="testMethodStatusPASS testMethodStatusCONF">
               <td width="100%" class="firstMethodCell">
                  <a onclick="toggleDetailsVisibility('com.sample.test1.brandsearch_checktestcaserunnable_byClass_PASS4_details')">checktestcaserunnable()</a>
               </td>
               <td nowrap="true">08:39:32</td>
               <td nowrap="true" align="right">4 ms
                  
               </td>
               <td nowrap="true">
                   
                  
               </td>
            </tr>
            <tr>
               <td colspan="4" class="detailsBox">
                  <div id="com.sample.test1.brandsearch_checktestcaserunnable_byClass_PASS4_details"
                       class="testMethodDetails">
                     <div>
                        <b>Name: </b>checktestcaserunnable
                     </div>
                     <div>
                        <b>Signature: </b>checktestcaserunnable()[pri:0, instance:com.sample.test1.brandsearch@6647dc79]
                     </div>
                     <div>
                        <b>Start time: </b>08:39:32
                     </div>
                     <div>
                        <b>End time: </b>08:39:32
                     </div>
                     <div>
                        <b>Duration: </b>4 ms
                        
                     </div>
                  </div>
               </td>
            </tr>
            <tr></tr>
            <tr id="com.sample.test1.brandsearch_test2in1_byClass_FAIL5_row"
                class="testMethodStatusFAIL">
               <td width="100%" class="firstMethodCell">
                  <a onclick="toggleDetailsVisibility('com.sample.test1.brandsearch_test2in1_byClass_FAIL5_details')">test2in1(1.0)</a>
               </td>
               <td nowrap="true">08:39:32</td>
               <td nowrap="true" align="right">651 ms
                  
               </td>
               <td nowrap="true">
                  <a onclick="toggleDetailsVisibility('com.sample.test1.brandsearch_test2in1_byClass_FAIL5_exception')">java.lang.AssertionError: 
                     expected [true] but found [false]
                     
                  </a>
                   
                  
               </td>
            </tr>
            <tr>
               <td colspan="4" class="detailsBox">
                  <div id="com.sample.test1.brandsearch_test2in1_byClass_FAIL5_details"
                       class="testMethodDetails">
                     <div>
                        <b>Name: </b>test2in1
                     </div>
                     <div>
                        <b>Signature: </b>test2in1(java.lang.String)[pri:0, instance:com.sample.test1.brandsearch@6647dc79]
                     </div>
                     <div>
                        <b>Parameters: </b>
                        
                        1.0
                        
                        
                     </div>
                     <div>
                        <b>Start time: </b>08:39:32
                     </div>
                     <div>
                        <b>End time: </b>08:39:33
                     </div>
                     <div>
                        <b>Duration: </b>651 ms
                        
                     </div>
                  </div>
               </td>
            </tr>
            <tr>
               <td colspan="4" class="detailsBox">
                  <div id="com.sample.test1.brandsearch_test2in1_byClass_FAIL5_exception"
                       class="testMethodDetails">
                     <pre style="padding: 5px; margin: 0;">java.lang.AssertionError: expected [true] but found [false]
                        	at org.testng.Assert.fail(Assert.java:94)
                        	at org.testng.Assert.failNotEquals(Assert.java:494)
                        	at org.testng.Assert.assertTrue(Assert.java:42)
                        	at org.testng.Assert.assertTrue(Assert.java:52)
                        	at com.sample.test1.brandsearch.test2in1(brandsearch.java:60)
                        	at sun.reflect.NativeMethodAccessorImpl.invoke0(Native Method)
                        	at sun.reflect.NativeMethodAccessorImpl.invoke(NativeMethodAccessorImpl.java:57)
                        	at sun.reflect.DelegatingMethodAccessorImpl.invoke(DelegatingMethodAccessorImpl.java:43)
                        	at java.lang.reflect.Method.invoke(Method.java:606)
                        	at org.testng.internal.MethodInvocationHelper.invokeMethod(MethodInvocationHelper.java:84)
                        	at org.testng.internal.Invoker.invokeMethod(Invoker.java:714)
                        	at org.testng.internal.Invoker.invokeTestMethod(Invoker.java:901)
                        	at org.testng.internal.Invoker.invokeTestMethods(Invoker.java:1231)
                        	at org.testng.internal.TestMethodWorker.invokeTestMethods(TestMethodWorker.java:127)
                        	at org.testng.internal.TestMethodWorker.run(TestMethodWorker.java:111)
                        	at org.testng.TestRunner.privateRun(TestRunner.java:767)
                        	at org.testng.TestRunner.run(TestRunner.java:617)
                        	at org.testng.SuiteRunner.runTest(SuiteRunner.java:334)
                        	at org.testng.SuiteRunner.runSequentially(SuiteRunner.java:329)
                        	at org.testng.SuiteRunner.privateRun(SuiteRunner.java:291)
                        	at org.testng.SuiteRunner.run(SuiteRunner.java:240)
                        	at org.testng.SuiteRunnerWorker.runSuite(SuiteRunnerWorker.java:52)
                        	at org.testng.SuiteRunnerWorker.run(SuiteRunnerWorker.java:86)
                        	at org.testng.TestNG.runSuitesSequentially(TestNG.java:1224)
                        	at org.testng.TestNG.runSuitesSequentially(TestNG.java:1220)
                        	at org.testng.TestNG.runSuitesLocally(TestNG.java:1149)
                        	at org.testng.TestNG.run(TestNG.java:1057)
                        	at org.testng.TestNG.privateMain(TestNG.java:1364)
                        	at org.testng.TestNG.main(TestNG.java:1333)
                     </pre>
                  </div>
               </td>
            </tr>
            <tr id="com.sample.test1.brandsearch_setresultforData_byClass_PASS6_row"
                class="testMethodStatusPASS testMethodStatusCONF">
               <td width="100%" class="firstMethodCell">
                  <a onclick="toggleDetailsVisibility('com.sample.test1.brandsearch_setresultforData_byClass_PASS6_details')">setresultforData()</a>
               </td>
               <td nowrap="true">08:39:33</td>
               <td nowrap="true" align="right">142 ms
                  
               </td>
               <td nowrap="true">
                   
                  
               </td>
            </tr>
            <tr>
               <td colspan="4" class="detailsBox">
                  <div id="com.sample.test1.brandsearch_setresultforData_byClass_PASS6_details"
                       class="testMethodDetails">
                     <div>
                        <b>Name: </b>setresultforData
                     </div>
                     <div>
                        <b>Signature: </b>setresultforData()[pri:0, instance:com.sample.test1.brandsearch@6647dc79]
                     </div>
                     <div>
                        <b>Start time: </b>08:39:33
                     </div>
                     <div>
                        <b>End time: </b>08:39:33
                     </div>
                     <div>
                        <b>Duration: </b>142 ms
                        
                     </div>
                  </div>
               </td>
            </tr>
            <tr></tr>
            <tr id="com.sample.test1.brandsearch_checktestcaserunnable_byClass_PASS7_row"
                class="testMethodStatusPASS testMethodStatusCONF">
               <td width="100%" class="firstMethodCell">
                  <a onclick="toggleDetailsVisibility('com.sample.test1.brandsearch_checktestcaserunnable_byClass_PASS7_details')">checktestcaserunnable()</a>
               </td>
               <td nowrap="true">08:39:33</td>
               <td nowrap="true" align="right">4 ms
                  
               </td>
               <td nowrap="true">
                   
                  
               </td>
            </tr>
            <tr>
               <td colspan="4" class="detailsBox">
                  <div id="com.sample.test1.brandsearch_checktestcaserunnable_byClass_PASS7_details"
                       class="testMethodDetails">
                     <div>
                        <b>Name: </b>checktestcaserunnable
                     </div>
                     <div>
                        <b>Signature: </b>checktestcaserunnable()[pri:0, instance:com.sample.test1.brandsearch@6647dc79]
                     </div>
                     <div>
                        <b>Start time: </b>08:39:33
                     </div>
                     <div>
                        <b>End time: </b>08:39:33
                     </div>
                     <div>
                        <b>Duration: </b>4 ms
                        
                     </div>
                  </div>
               </td>
            </tr>
            <tr></tr>
            <tr id="com.sample.test1.brandsearch_test2in1_byClass_FAIL8_row"
                class="testMethodStatusFAIL">
               <td width="100%" class="firstMethodCell">
                  <a onclick="toggleDetailsVisibility('com.sample.test1.brandsearch_test2in1_byClass_FAIL8_details')">test2in1(abc)</a>
               </td>
               <td nowrap="true">08:39:33</td>
               <td nowrap="true" align="right">619 ms
                  
               </td>
               <td nowrap="true">
                  <a onclick="toggleDetailsVisibility('com.sample.test1.brandsearch_test2in1_byClass_FAIL8_exception')">java.lang.AssertionError: 
                     expected [true] but found [false]
                     
                  </a>
                   
                  
               </td>
            </tr>
            <tr>
               <td colspan="4" class="detailsBox">
                  <div id="com.sample.test1.brandsearch_test2in1_byClass_FAIL8_details"
                       class="testMethodDetails">
                     <div>
                        <b>Name: </b>test2in1
                     </div>
                     <div>
                        <b>Signature: </b>test2in1(java.lang.String)[pri:0, instance:com.sample.test1.brandsearch@6647dc79]
                     </div>
                     <div>
                        <b>Parameters: </b>
                        
                        abc
                        
                        
                     </div>
                     <div>
                        <b>Start time: </b>08:39:33
                     </div>
                     <div>
                        <b>End time: </b>08:39:33
                     </div>
                     <div>
                        <b>Duration: </b>619 ms
                        
                     </div>
                  </div>
               </td>
            </tr>
            <tr>
               <td colspan="4" class="detailsBox">
                  <div id="com.sample.test1.brandsearch_test2in1_byClass_FAIL8_exception"
                       class="testMethodDetails">
                     <pre style="padding: 5px; margin: 0;">java.lang.AssertionError: expected [true] but found [false]
                        	at org.testng.Assert.fail(Assert.java:94)
                        	at org.testng.Assert.failNotEquals(Assert.java:494)
                        	at org.testng.Assert.assertTrue(Assert.java:42)
                        	at org.testng.Assert.assertTrue(Assert.java:52)
                        	at com.sample.test1.brandsearch.test2in1(brandsearch.java:60)
                        	at sun.reflect.NativeMethodAccessorImpl.invoke0(Native Method)
                        	at sun.reflect.NativeMethodAccessorImpl.invoke(NativeMethodAccessorImpl.java:57)
                        	at sun.reflect.DelegatingMethodAccessorImpl.invoke(DelegatingMethodAccessorImpl.java:43)
                        	at java.lang.reflect.Method.invoke(Method.java:606)
                        	at org.testng.internal.MethodInvocationHelper.invokeMethod(MethodInvocationHelper.java:84)
                        	at org.testng.internal.Invoker.invokeMethod(Invoker.java:714)
                        	at org.testng.internal.Invoker.invokeTestMethod(Invoker.java:901)
                        	at org.testng.internal.Invoker.invokeTestMethods(Invoker.java:1231)
                        	at org.testng.internal.TestMethodWorker.invokeTestMethods(TestMethodWorker.java:127)
                        	at org.testng.internal.TestMethodWorker.run(TestMethodWorker.java:111)
                        	at org.testng.TestRunner.privateRun(TestRunner.java:767)
                        	at org.testng.TestRunner.run(TestRunner.java:617)
                        	at org.testng.SuiteRunner.runTest(SuiteRunner.java:334)
                        	at org.testng.SuiteRunner.runSequentially(SuiteRunner.java:329)
                        	at org.testng.SuiteRunner.privateRun(SuiteRunner.java:291)
                        	at org.testng.SuiteRunner.run(SuiteRunner.java:240)
                        	at org.testng.SuiteRunnerWorker.runSuite(SuiteRunnerWorker.java:52)
                        	at org.testng.SuiteRunnerWorker.run(SuiteRunnerWorker.java:86)
                        	at org.testng.TestNG.runSuitesSequentially(TestNG.java:1224)
                        	at org.testng.TestNG.runSuitesSequentially(TestNG.java:1220)
                        	at org.testng.TestNG.runSuitesLocally(TestNG.java:1149)
                        	at org.testng.TestNG.run(TestNG.java:1057)
                        	at org.testng.TestNG.privateMain(TestNG.java:1364)
                        	at org.testng.TestNG.main(TestNG.java:1333)
                     </pre>
                  </div>
               </td>
            </tr>
            <tr id="com.sample.test1.brandsearch_setresultforData_byClass_PASS9_row"
                class="testMethodStatusPASS testMethodStatusCONF">
               <td width="100%" class="firstMethodCell">
                  <a onclick="toggleDetailsVisibility('com.sample.test1.brandsearch_setresultforData_byClass_PASS9_details')">setresultforData()</a>
               </td>
               <td nowrap="true">08:39:33</td>
               <td nowrap="true" align="right">215 ms
                  
               </td>
               <td nowrap="true">
                   
                  
               </td>
            </tr>
            <tr>
               <td colspan="4" class="detailsBox">
                  <div id="com.sample.test1.brandsearch_setresultforData_byClass_PASS9_details"
                       class="testMethodDetails">
                     <div>
                        <b>Name: </b>setresultforData
                     </div>
                     <div>
                        <b>Signature: </b>setresultforData()[pri:0, instance:com.sample.test1.brandsearch@6647dc79]
                     </div>
                     <div>
                        <b>Start time: </b>08:39:33
                     </div>
                     <div>
                        <b>End time: </b>08:39:34
                     </div>
                     <div>
                        <b>Duration: </b>215 ms
                        
                     </div>
                  </div>
               </td>
            </tr>
            <tr></tr>
            <tr id="com.sample.test1.brandsearch_checktestcaserunnable_byClass_PASS10_row"
                class="testMethodStatusPASS testMethodStatusCONF">
               <td width="100%" class="firstMethodCell">
                  <a onclick="toggleDetailsVisibility('com.sample.test1.brandsearch_checktestcaserunnable_byClass_PASS10_details')">checktestcaserunnable()</a>
               </td>
               <td nowrap="true">08:39:34</td>
               <td nowrap="true" align="right">4 ms
                  
               </td>
               <td nowrap="true">
                   
                  
               </td>
            </tr>
            <tr>
               <td colspan="4" class="detailsBox">
                  <div id="com.sample.test1.brandsearch_checktestcaserunnable_byClass_PASS10_details"
                       class="testMethodDetails">
                     <div>
                        <b>Name: </b>checktestcaserunnable
                     </div>
                     <div>
                        <b>Signature: </b>checktestcaserunnable()[pri:0, instance:com.sample.test1.brandsearch@6647dc79]
                     </div>
                     <div>
                        <b>Start time: </b>08:39:34
                     </div>
                     <div>
                        <b>End time: </b>08:39:34
                     </div>
                     <div>
                        <b>Duration: </b>4 ms
                        
                     </div>
                  </div>
               </td>
            </tr>
            <tr></tr>
            <tr id="com.sample.test1.brandsearch_test2in1_byClass_FAIL11_row"
                class="testMethodStatusFAIL">
               <td width="100%" class="firstMethodCell">
                  <a onclick="toggleDetailsVisibility('com.sample.test1.brandsearch_test2in1_byClass_FAIL11_details')">test2in1(abc@123)</a>
               </td>
               <td nowrap="true">08:39:34</td>
               <td nowrap="true" align="right">657 ms
                  
               </td>
               <td nowrap="true">
                  <a onclick="toggleDetailsVisibility('com.sample.test1.brandsearch_test2in1_byClass_FAIL11_exception')">java.lang.AssertionError: 
                     expected [true] but found [false]
                     
                  </a>
                   
                  
               </td>
            </tr>
            <tr>
               <td colspan="4" class="detailsBox">
                  <div id="com.sample.test1.brandsearch_test2in1_byClass_FAIL11_details"
                       class="testMethodDetails">
                     <div>
                        <b>Name: </b>test2in1
                     </div>
                     <div>
                        <b>Signature: </b>test2in1(java.lang.String)[pri:0, instance:com.sample.test1.brandsearch@6647dc79]
                     </div>
                     <div>
                        <b>Parameters: </b>
                        
                        abc@123
                        
                        
                     </div>
                     <div>
                        <b>Start time: </b>08:39:34
                     </div>
                     <div>
                        <b>End time: </b>08:39:34
                     </div>
                     <div>
                        <b>Duration: </b>657 ms
                        
                     </div>
                  </div>
               </td>
            </tr>
            <tr>
               <td colspan="4" class="detailsBox">
                  <div id="com.sample.test1.brandsearch_test2in1_byClass_FAIL11_exception"
                       class="testMethodDetails">
                     <pre style="padding: 5px; margin: 0;">java.lang.AssertionError: expected [true] but found [false]
                        	at org.testng.Assert.fail(Assert.java:94)
                        	at org.testng.Assert.failNotEquals(Assert.java:494)
                        	at org.testng.Assert.assertTrue(Assert.java:42)
                        	at org.testng.Assert.assertTrue(Assert.java:52)
                        	at com.sample.test1.brandsearch.test2in1(brandsearch.java:60)
                        	at sun.reflect.NativeMethodAccessorImpl.invoke0(Native Method)
                        	at sun.reflect.NativeMethodAccessorImpl.invoke(NativeMethodAccessorImpl.java:57)
                        	at sun.reflect.DelegatingMethodAccessorImpl.invoke(DelegatingMethodAccessorImpl.java:43)
                        	at java.lang.reflect.Method.invoke(Method.java:606)
                        	at org.testng.internal.MethodInvocationHelper.invokeMethod(MethodInvocationHelper.java:84)
                        	at org.testng.internal.Invoker.invokeMethod(Invoker.java:714)
                        	at org.testng.internal.Invoker.invokeTestMethod(Invoker.java:901)
                        	at org.testng.internal.Invoker.invokeTestMethods(Invoker.java:1231)
                        	at org.testng.internal.TestMethodWorker.invokeTestMethods(TestMethodWorker.java:127)
                        	at org.testng.internal.TestMethodWorker.run(TestMethodWorker.java:111)
                        	at org.testng.TestRunner.privateRun(TestRunner.java:767)
                        	at org.testng.TestRunner.run(TestRunner.java:617)
                        	at org.testng.SuiteRunner.runTest(SuiteRunner.java:334)
                        	at org.testng.SuiteRunner.runSequentially(SuiteRunner.java:329)
                        	at org.testng.SuiteRunner.privateRun(SuiteRunner.java:291)
                        	at org.testng.SuiteRunner.run(SuiteRunner.java:240)
                        	at org.testng.SuiteRunnerWorker.runSuite(SuiteRunnerWorker.java:52)
                        	at org.testng.SuiteRunnerWorker.run(SuiteRunnerWorker.java:86)
                        	at org.testng.TestNG.runSuitesSequentially(TestNG.java:1224)
                        	at org.testng.TestNG.runSuitesSequentially(TestNG.java:1220)
                        	at org.testng.TestNG.runSuitesLocally(TestNG.java:1149)
                        	at org.testng.TestNG.run(TestNG.java:1057)
                        	at org.testng.TestNG.privateMain(TestNG.java:1364)
                        	at org.testng.TestNG.main(TestNG.java:1333)
                     </pre>
                  </div>
               </td>
            </tr>
            <tr id="com.sample.test1.brandsearch_setresultforData_byClass_PASS12_row"
                class="testMethodStatusPASS testMethodStatusCONF">
               <td width="100%" class="firstMethodCell">
                  <a onclick="toggleDetailsVisibility('com.sample.test1.brandsearch_setresultforData_byClass_PASS12_details')">setresultforData()</a>
               </td>
               <td nowrap="true">08:39:34</td>
               <td nowrap="true" align="right">144 ms
                  
               </td>
               <td nowrap="true">
                   
                  
               </td>
            </tr>
            <tr>
               <td colspan="4" class="detailsBox">
                  <div id="com.sample.test1.brandsearch_setresultforData_byClass_PASS12_details"
                       class="testMethodDetails">
                     <div>
                        <b>Name: </b>setresultforData
                     </div>
                     <div>
                        <b>Signature: </b>setresultforData()[pri:0, instance:com.sample.test1.brandsearch@6647dc79]
                     </div>
                     <div>
                        <b>Start time: </b>08:39:34
                     </div>
                     <div>
                        <b>End time: </b>08:39:34
                     </div>
                     <div>
                        <b>Duration: </b>144 ms
                        
                     </div>
                  </div>
               </td>
            </tr>
            <tr></tr>
            <tr id="com.sample.test1.brandsearch_checktestcaserunnable_byClass_PASS13_row"
                class="testMethodStatusPASS testMethodStatusCONF">
               <td width="100%" class="firstMethodCell">
                  <a onclick="toggleDetailsVisibility('com.sample.test1.brandsearch_checktestcaserunnable_byClass_PASS13_details')">checktestcaserunnable()</a>
               </td>
               <td nowrap="true">08:39:34</td>
               <td nowrap="true" align="right">4 ms
                  
               </td>
               <td nowrap="true">
                   
                  
               </td>
            </tr>
            <tr>
               <td colspan="4" class="detailsBox">
                  <div id="com.sample.test1.brandsearch_checktestcaserunnable_byClass_PASS13_details"
                       class="testMethodDetails">
                     <div>
                        <b>Name: </b>checktestcaserunnable
                     </div>
                     <div>
                        <b>Signature: </b>checktestcaserunnable()[pri:0, instance:com.sample.test1.brandsearch@6647dc79]
                     </div>
                     <div>
                        <b>Start time: </b>08:39:34
                     </div>
                     <div>
                        <b>End time: </b>08:39:34
                     </div>
                     <div>
                        <b>Duration: </b>4 ms
                        
                     </div>
                  </div>
               </td>
            </tr>
            <tr></tr>
            <tr id="com.sample.test1.brandsearch_test2in1_byClass_FAIL14_row"
                class="testMethodStatusFAIL">
               <td width="100%" class="firstMethodCell">
                  <a onclick="toggleDetailsVisibility('com.sample.test1.brandsearch_test2in1_byClass_FAIL14_details')">test2in1(Peter)</a>
               </td>
               <td nowrap="true">08:39:34</td>
               <td nowrap="true" align="right">675 ms
                  
               </td>
               <td nowrap="true">
                  <a onclick="toggleDetailsVisibility('com.sample.test1.brandsearch_test2in1_byClass_FAIL14_exception')">java.lang.AssertionError: 
                     expected [true] but found [false]
                     
                  </a>
                   
                  
               </td>
            </tr>
            <tr>
               <td colspan="4" class="detailsBox">
                  <div id="com.sample.test1.brandsearch_test2in1_byClass_FAIL14_details"
                       class="testMethodDetails">
                     <div>
                        <b>Name: </b>test2in1
                     </div>
                     <div>
                        <b>Signature: </b>test2in1(java.lang.String)[pri:0, instance:com.sample.test1.brandsearch@6647dc79]
                     </div>
                     <div>
                        <b>Parameters: </b>
                        
                        Peter
                        
                        
                     </div>
                     <div>
                        <b>Start time: </b>08:39:34
                     </div>
                     <div>
                        <b>End time: </b>08:39:35
                     </div>
                     <div>
                        <b>Duration: </b>675 ms
                        
                     </div>
                  </div>
               </td>
            </tr>
            <tr>
               <td colspan="4" class="detailsBox">
                  <div id="com.sample.test1.brandsearch_test2in1_byClass_FAIL14_exception"
                       class="testMethodDetails">
                     <pre style="padding: 5px; margin: 0;">java.lang.AssertionError: expected [true] but found [false]
                        	at org.testng.Assert.fail(Assert.java:94)
                        	at org.testng.Assert.failNotEquals(Assert.java:494)
                        	at org.testng.Assert.assertTrue(Assert.java:42)
                        	at org.testng.Assert.assertTrue(Assert.java:52)
                        	at com.sample.test1.brandsearch.test2in1(brandsearch.java:60)
                        	at sun.reflect.NativeMethodAccessorImpl.invoke0(Native Method)
                        	at sun.reflect.NativeMethodAccessorImpl.invoke(NativeMethodAccessorImpl.java:57)
                        	at sun.reflect.DelegatingMethodAccessorImpl.invoke(DelegatingMethodAccessorImpl.java:43)
                        	at java.lang.reflect.Method.invoke(Method.java:606)
                        	at org.testng.internal.MethodInvocationHelper.invokeMethod(MethodInvocationHelper.java:84)
                        	at org.testng.internal.Invoker.invokeMethod(Invoker.java:714)
                        	at org.testng.internal.Invoker.invokeTestMethod(Invoker.java:901)
                        	at org.testng.internal.Invoker.invokeTestMethods(Invoker.java:1231)
                        	at org.testng.internal.TestMethodWorker.invokeTestMethods(TestMethodWorker.java:127)
                        	at org.testng.internal.TestMethodWorker.run(TestMethodWorker.java:111)
                        	at org.testng.TestRunner.privateRun(TestRunner.java:767)
                        	at org.testng.TestRunner.run(TestRunner.java:617)
                        	at org.testng.SuiteRunner.runTest(SuiteRunner.java:334)
                        	at org.testng.SuiteRunner.runSequentially(SuiteRunner.java:329)
                        	at org.testng.SuiteRunner.privateRun(SuiteRunner.java:291)
                        	at org.testng.SuiteRunner.run(SuiteRunner.java:240)
                        	at org.testng.SuiteRunnerWorker.runSuite(SuiteRunnerWorker.java:52)
                        	at org.testng.SuiteRunnerWorker.run(SuiteRunnerWorker.java:86)
                        	at org.testng.TestNG.runSuitesSequentially(TestNG.java:1224)
                        	at org.testng.TestNG.runSuitesSequentially(TestNG.java:1220)
                        	at org.testng.TestNG.runSuitesLocally(TestNG.java:1149)
                        	at org.testng.TestNG.run(TestNG.java:1057)
                        	at org.testng.TestNG.privateMain(TestNG.java:1364)
                        	at org.testng.TestNG.main(TestNG.java:1333)
                     </pre>
                  </div>
               </td>
            </tr>
            <tr id="com.sample.test1.brandsearch_setresultforData_byClass_PASS15_row"
                class="testMethodStatusPASS testMethodStatusCONF">
               <td width="100%" class="firstMethodCell">
                  <a onclick="toggleDetailsVisibility('com.sample.test1.brandsearch_setresultforData_byClass_PASS15_details')">setresultforData()</a>
               </td>
               <td nowrap="true">08:39:35</td>
               <td nowrap="true" align="right">144 ms
                  
               </td>
               <td nowrap="true">
                   
                  
               </td>
            </tr>
            <tr>
               <td colspan="4" class="detailsBox">
                  <div id="com.sample.test1.brandsearch_setresultforData_byClass_PASS15_details"
                       class="testMethodDetails">
                     <div>
                        <b>Name: </b>setresultforData
                     </div>
                     <div>
                        <b>Signature: </b>setresultforData()[pri:0, instance:com.sample.test1.brandsearch@6647dc79]
                     </div>
                     <div>
                        <b>Start time: </b>08:39:35
                     </div>
                     <div>
                        <b>End time: </b>08:39:35
                     </div>
                     <div>
                        <b>Duration: </b>144 ms
                        
                     </div>
                  </div>
               </td>
            </tr>
            <tr></tr>
         </table>
         <br></br>
         <table class="testMethodsTable" cellpadding="0" cellspacing="0">
            <tr>
               <td colspan="4">
                  <h3 style="display: inline;">com.sample.test1.Mixedfilter</h3>
               </td>
            </tr>
            <tr class="methodsTableHeader">
               <td width="100%">Name</td>
               <td nowrap="true">Started</td>
               <td nowrap="true">Duration</td>
               <td>Exception</td>
            </tr>
            <tr id="com.sample.test1.Mixedfilter_checksuiteskip_byClass_PASS1_row"
                class="testMethodStatusPASS testMethodStatusCONF">
               <td width="100%" class="firstMethodCell">
                  <a onclick="toggleDetailsVisibility('com.sample.test1.Mixedfilter_checksuiteskip_byClass_PASS1_details')">checksuiteskip()</a>
               </td>
               <td nowrap="true">08:38:47</td>
               <td nowrap="true" align="right">17s
                  
               </td>
               <td nowrap="true">
                   
                  
               </td>
            </tr>
            <tr>
               <td colspan="4" class="detailsBox">
                  <div id="com.sample.test1.Mixedfilter_checksuiteskip_byClass_PASS1_details"
                       class="testMethodDetails">
                     <div>
                        <b>Name: </b>checksuiteskip
                     </div>
                     <div>
                        <b>Signature: </b>checksuiteskip()[pri:0, instance:com.sample.test1.Mixedfilter@7031086c]
                     </div>
                     <div>
                        <b>Start time: </b>08:38:47
                     </div>
                     <div>
                        <b>End time: </b>08:39:03
                     </div>
                     <div>
                        <b>Duration: </b>17s
                        
                     </div>
                  </div>
               </td>
            </tr>
            <tr></tr>
            <tr id="com.sample.test1.Mixedfilter_checktestcaserunnable_byClass_PASS2_row"
                class="testMethodStatusPASS testMethodStatusCONF">
               <td width="100%" class="firstMethodCell">
                  <a onclick="toggleDetailsVisibility('com.sample.test1.Mixedfilter_checktestcaserunnable_byClass_PASS2_details')">checktestcaserunnable()</a>
               </td>
               <td nowrap="true">08:40:59</td>
               <td nowrap="true" align="right">2 ms
                  
               </td>
               <td nowrap="true">
                   
                  
               </td>
            </tr>
            <tr>
               <td colspan="4" class="detailsBox">
                  <div id="com.sample.test1.Mixedfilter_checktestcaserunnable_byClass_PASS2_details"
                       class="testMethodDetails">
                     <div>
                        <b>Name: </b>checktestcaserunnable
                     </div>
                     <div>
                        <b>Signature: </b>checktestcaserunnable()[pri:0, instance:com.sample.test1.Mixedfilter@7031086c]
                     </div>
                     <div>
                        <b>Start time: </b>08:40:59
                     </div>
                     <div>
                        <b>End time: </b>08:40:59
                     </div>
                     <div>
                        <b>Duration: </b>2 ms
                        
                     </div>
                  </div>
               </td>
            </tr>
            <tr></tr>
            <tr id="com.sample.test1.Mixedfilter_mixed_filter_byClass_FAIL3_row"
                class="testMethodStatusFAIL">
               <td width="100%" class="firstMethodCell">
                  <a onclick="toggleDetailsVisibility('com.sample.test1.Mixedfilter_mixed_filter_byClass_FAIL3_details')">mixed_filter()</a>
               </td>
               <td nowrap="true">08:40:59</td>
               <td nowrap="true" align="right">55s
                  
               </td>
               <td nowrap="true">
                  <a onclick="toggleDetailsVisibility('com.sample.test1.Mixedfilter_mixed_filter_byClass_FAIL3_exception')">org.openqa.selenium.StaleElementReferenceException: 
                     Element not found in the cache - perhaps the page has changed since it was looked up
                     Command duration or timeout: 20.11 seconds
                     For documentation on this error, please visit: http://seleniumhq.org/exceptions/stale_element_reference.html
                     Build info: version: '2.42.2', revision: '6a6995d', time: '2014-06-03 17:42:30'
                     System info: host: 'Gokul-VAIO', ip: '192.168.1.2', os.name: 'Windows 7', os.arch: 'amd64', os.version: '6.1', java.version:
                     '1.7.0_25'
                     Session ID: e350c285-331f-4345-bd8e-f602a1c6c8f8
                     Driver info: org.openqa.selenium.firefox.FirefoxDriver
                     Capabilities [{platform=XP, databaseEnabled=true, cssSelectorsEnabled=true, javascriptEnabled=true, acceptSslCerts=true, handlesAlerts=true,
                     browserName=firefox, webStorageEnabled=true, nativeEvents=false, rotatable=false, locationContextEnabled=true, applicationCacheEnabled=true,
                     takesScreenshot=true, version=31.0}]
                     
                  </a>
                   
                  
               </td>
            </tr>
            <tr>
               <td colspan="4" class="detailsBox">
                  <div id="com.sample.test1.Mixedfilter_mixed_filter_byClass_FAIL3_details"
                       class="testMethodDetails">
                     <div>
                        <b>Name: </b>mixed_filter
                     </div>
                     <div>
                        <b>Signature: </b>mixed_filter()[pri:0, instance:com.sample.test1.Mixedfilter@7031086c]
                     </div>
                     <div>
                        <b>Start time: </b>08:40:59
                     </div>
                     <div>
                        <b>End time: </b>08:41:54
                     </div>
                     <div>
                        <b>Duration: </b>55s
                        
                     </div>
                  </div>
               </td>
            </tr>
            <tr>
               <td colspan="4" class="detailsBox">
                  <div id="com.sample.test1.Mixedfilter_mixed_filter_byClass_FAIL3_exception"
                       class="testMethodDetails">
                     <pre style="padding: 5px; margin: 0;">org.openqa.selenium.StaleElementReferenceException: Element not found in the cache - perhaps the page has changed since it
                        was looked up
                        Command duration or timeout: 20.11 seconds
                        For documentation on this error, please visit: http://seleniumhq.org/exceptions/stale_element_reference.html
                        Build info: version: '2.42.2', revision: '6a6995d', time: '2014-06-03 17:42:30'
                        System info: host: 'Gokul-VAIO', ip: '192.168.1.2', os.name: 'Windows 7', os.arch: 'amd64', os.version: '6.1', java.version:
                        '1.7.0_25'
                        Session ID: e350c285-331f-4345-bd8e-f602a1c6c8f8
                        Driver info: org.openqa.selenium.firefox.FirefoxDriver
                        Capabilities [{platform=XP, databaseEnabled=true, cssSelectorsEnabled=true, javascriptEnabled=true, acceptSslCerts=true, handlesAlerts=true,
                        browserName=firefox, webStorageEnabled=true, nativeEvents=false, rotatable=false, locationContextEnabled=true, applicationCacheEnabled=true,
                        takesScreenshot=true, version=31.0}]
                        	at sun.reflect.NativeConstructorAccessorImpl.newInstance0(Native Method)
                        	at sun.reflect.NativeConstructorAccessorImpl.newInstance(NativeConstructorAccessorImpl.java:57)
                        	at sun.reflect.DelegatingConstructorAccessorImpl.newInstance(DelegatingConstructorAccessorImpl.java:45)
                        	at java.lang.reflect.Constructor.newInstance(Constructor.java:526)
                        	at org.openqa.selenium.remote.ErrorHandler.createThrowable(ErrorHandler.java:204)
                        	at org.openqa.selenium.remote.ErrorHandler.throwIfResponseFailed(ErrorHandler.java:156)
                        	at org.openqa.selenium.remote.RemoteWebDriver.execute(RemoteWebDriver.java:599)
                        	at org.openqa.selenium.remote.RemoteWebElement.execute(RemoteWebElement.java:268)
                        	at org.openqa.selenium.remote.RemoteWebElement.getText(RemoteWebElement.java:152)
                        	at sun.reflect.GeneratedMethodAccessor18.invoke(Unknown Source)
                        	at sun.reflect.DelegatingMethodAccessorImpl.invoke(DelegatingMethodAccessorImpl.java:43)
                        	at java.lang.reflect.Method.invoke(Method.java:606)
                        	at org.openqa.selenium.support.events.EventFiringWebDriver$EventFiringWebElement$1.invoke(EventFiringWebDriver.java:331)
                        	at com.sun.proxy.$Proxy13.getText(Unknown Source)
                        	at org.openqa.selenium.support.events.EventFiringWebDriver$EventFiringWebElement.getText(EventFiringWebDriver.java:381)
                        	at com.sample.test1.Mixedfilter.mixed_filter(Mixedfilter.java:66)
                        	at sun.reflect.NativeMethodAccessorImpl.invoke0(Native Method)
                        	at sun.reflect.NativeMethodAccessorImpl.invoke(NativeMethodAccessorImpl.java:57)
                        	at sun.reflect.DelegatingMethodAccessorImpl.invoke(DelegatingMethodAccessorImpl.java:43)
                        	at java.lang.reflect.Method.invoke(Method.java:606)
                        	at org.testng.internal.MethodInvocationHelper.invokeMethod(MethodInvocationHelper.java:84)
                        	at org.testng.internal.Invoker.invokeMethod(Invoker.java:714)
                        	at org.testng.internal.Invoker.invokeTestMethod(Invoker.java:901)
                        	at org.testng.internal.Invoker.invokeTestMethods(Invoker.java:1231)
                        	at org.testng.internal.TestMethodWorker.invokeTestMethods(TestMethodWorker.java:127)
                        	at org.testng.internal.TestMethodWorker.run(TestMethodWorker.java:111)
                        	at org.testng.TestRunner.privateRun(TestRunner.java:767)
                        	at org.testng.TestRunner.run(TestRunner.java:617)
                        	at org.testng.SuiteRunner.runTest(SuiteRunner.java:334)
                        	at org.testng.SuiteRunner.runSequentially(SuiteRunner.java:329)
                        	at org.testng.SuiteRunner.privateRun(SuiteRunner.java:291)
                        	at org.testng.SuiteRunner.run(SuiteRunner.java:240)
                        	at org.testng.SuiteRunnerWorker.runSuite(SuiteRunnerWorker.java:52)
                        	at org.testng.SuiteRunnerWorker.run(SuiteRunnerWorker.java:86)
                        	at org.testng.TestNG.runSuitesSequentially(TestNG.java:1224)
                        	at org.testng.TestNG.runSuitesSequentially(TestNG.java:1220)
                        	at org.testng.TestNG.runSuitesLocally(TestNG.java:1149)
                        	at org.testng.TestNG.run(TestNG.java:1057)
                        	at org.testng.TestNG.privateMain(TestNG.java:1364)
                        	at org.testng.TestNG.main(TestNG.java:1333)
                        Caused by: org.openqa.selenium.remote.ErrorHandler$UnknownServerException: Element not found in the cache - perhaps the page
                        has changed since it was looked up
                        Build info: version: '2.42.2', revision: '6a6995d', time: '2014-06-03 17:42:30'
                        System info: host: 'Gokul-VAIO', ip: '192.168.1.2', os.name: 'Windows 7', os.arch: 'amd64', os.version: '6.1', java.version:
                        '1.7.0_25'
                        Driver info: driver.version: unknown
                        	at &lt;anonymous class&gt;.fxdriver.cache.getElementAt(resource://fxdriver/modules/web_element_cache.js:8180:5)
                        	at &lt;anonymous class&gt;.Utils.getElementAt(file:///C:/Users/Gokul/AppData/Local/Temp/anonymous843220213634677613webdriver-profile/extensions/fxdriver@googlecode.com/components/command_processor.js:7783:3)
                        	at &lt;anonymous class&gt;.WebElement.getElementText(file:///C:/Users/Gokul/AppData/Local/Temp/anonymous843220213634677613webdriver-profile/extensions/fxdriver@googlecode.com/components/command_processor.js:10893:7)
                        	at &lt;anonymous class&gt;.DelayedCommand.prototype.executeInternal_/h(file:///C:/Users/Gokul/AppData/Local/Temp/anonymous843220213634677613webdriver-profile/extensions/fxdriver@googlecode.com/components/command_processor.js:11455:16)
                        	at &lt;anonymous class&gt;.fxdriver.Timer.prototype.setTimeout/&lt;.notify(file:///C:/Users/Gokul/AppData/Local/Temp/anonymous843220213634677613webdriver-profile/extensions/fxdriver@googlecode.com/components/command_processor.js:407:5)
                     </pre>
                  </div>
               </td>
            </tr>
         </table>
         <br></br>
         <table class="testMethodsTable" cellpadding="0" cellspacing="0">
            <tr>
               <td colspan="4">
                  <h3 style="display: inline;">com.sample.test1.pricefilter</h3>
               </td>
            </tr>
            <tr class="methodsTableHeader">
               <td width="100%">Name</td>
               <td nowrap="true">Started</td>
               <td nowrap="true">Duration</td>
               <td>Exception</td>
            </tr>
            <tr id="com.sample.test1.pricefilter_checktestcaserunnable_byClass_PASS1_row"
                class="testMethodStatusPASS testMethodStatusCONF">
               <td width="100%" class="firstMethodCell">
                  <a onclick="toggleDetailsVisibility('com.sample.test1.pricefilter_checktestcaserunnable_byClass_PASS1_details')">checktestcaserunnable()</a>
               </td>
               <td nowrap="true">08:39:35</td>
               <td nowrap="true" align="right">2 ms
                  
               </td>
               <td nowrap="true">
                   
                  
               </td>
            </tr>
            <tr>
               <td colspan="4" class="detailsBox">
                  <div id="com.sample.test1.pricefilter_checktestcaserunnable_byClass_PASS1_details"
                       class="testMethodDetails">
                     <div>
                        <b>Name: </b>checktestcaserunnable
                     </div>
                     <div>
                        <b>Signature: </b>checktestcaserunnable()[pri:0, instance:com.sample.test1.pricefilter@5219f360]
                     </div>
                     <div>
                        <b>Start time: </b>08:39:35
                     </div>
                     <div>
                        <b>End time: </b>08:39:35
                     </div>
                     <div>
                        <b>Duration: </b>2 ms
                        
                     </div>
                  </div>
               </td>
            </tr>
            <tr></tr>
            <tr id="com.sample.test1.pricefilter_price_filter_byClass_FAIL2_row"
                class="testMethodStatusFAIL">
               <td width="100%" class="firstMethodCell">
                  <a onclick="toggleDetailsVisibility('com.sample.test1.pricefilter_price_filter_byClass_FAIL2_details')">price_filter()</a>
               </td>
               <td nowrap="true">08:39:35</td>
               <td nowrap="true" align="right">20s
                  
               </td>
               <td nowrap="true">
                  <a onclick="toggleDetailsVisibility('com.sample.test1.pricefilter_price_filter_byClass_FAIL2_exception')">org.openqa.selenium.NoSuchElementException: 
                     Unable to locate element: {"method":"xpath","selector":"//*[@id='price_range']/li[0]/a/span"}
                     Command duration or timeout: 20.16 seconds
                     For documentation on this error, please visit: http://seleniumhq.org/exceptions/no_such_element.html
                     Build info: version: '2.42.2', revision: '6a6995d', time: '2014-06-03 17:42:30'
                     System info: host: 'Gokul-VAIO', ip: '192.168.1.2', os.name: 'Windows 7', os.arch: 'amd64', os.version: '6.1', java.version:
                     '1.7.0_25'
                     Session ID: e350c285-331f-4345-bd8e-f602a1c6c8f8
                     Driver info: org.openqa.selenium.firefox.FirefoxDriver
                     Capabilities [{platform=XP, databaseEnabled=true, cssSelectorsEnabled=true, javascriptEnabled=true, acceptSslCerts=true, handlesAlerts=true,
                     browserName=firefox, webStorageEnabled=true, nativeEvents=false, rotatable=false, locationContextEnabled=true, applicationCacheEnabled=true,
                     takesScreenshot=true, version=31.0}]
                     
                  </a>
                   
                  
               </td>
            </tr>
            <tr>
               <td colspan="4" class="detailsBox">
                  <div id="com.sample.test1.pricefilter_price_filter_byClass_FAIL2_details"
                       class="testMethodDetails">
                     <div>
                        <b>Name: </b>price_filter
                     </div>
                     <div>
                        <b>Signature: </b>price_filter()[pri:0, instance:com.sample.test1.pricefilter@5219f360]
                     </div>
                     <div>
                        <b>Start time: </b>08:39:35
                     </div>
                     <div>
                        <b>End time: </b>08:39:56
                     </div>
                     <div>
                        <b>Duration: </b>20s
                        
                     </div>
                  </div>
               </td>
            </tr>
            <tr>
               <td colspan="4" class="detailsBox">
                  <div id="com.sample.test1.pricefilter_price_filter_byClass_FAIL2_exception"
                       class="testMethodDetails">
                     <pre style="padding: 5px; margin: 0;">org.openqa.selenium.NoSuchElementException: Unable to locate element: {"method":"xpath","selector":"//*[@id='price_range']/li[0]/a/span"}
                        Command duration or timeout: 20.16 seconds
                        For documentation on this error, please visit: http://seleniumhq.org/exceptions/no_such_element.html
                        Build info: version: '2.42.2', revision: '6a6995d', time: '2014-06-03 17:42:30'
                        System info: host: 'Gokul-VAIO', ip: '192.168.1.2', os.name: 'Windows 7', os.arch: 'amd64', os.version: '6.1', java.version:
                        '1.7.0_25'
                        Session ID: e350c285-331f-4345-bd8e-f602a1c6c8f8
                        Driver info: org.openqa.selenium.firefox.FirefoxDriver
                        Capabilities [{platform=XP, databaseEnabled=true, cssSelectorsEnabled=true, javascriptEnabled=true, acceptSslCerts=true, handlesAlerts=true,
                        browserName=firefox, webStorageEnabled=true, nativeEvents=false, rotatable=false, locationContextEnabled=true, applicationCacheEnabled=true,
                        takesScreenshot=true, version=31.0}]
                        	at sun.reflect.NativeConstructorAccessorImpl.newInstance0(Native Method)
                        	at sun.reflect.NativeConstructorAccessorImpl.newInstance(NativeConstructorAccessorImpl.java:57)
                        	at sun.reflect.DelegatingConstructorAccessorImpl.newInstance(DelegatingConstructorAccessorImpl.java:45)
                        	at java.lang.reflect.Constructor.newInstance(Constructor.java:526)
                        	at org.openqa.selenium.remote.ErrorHandler.createThrowable(ErrorHandler.java:204)
                        	at org.openqa.selenium.remote.ErrorHandler.throwIfResponseFailed(ErrorHandler.java:156)
                        	at org.openqa.selenium.remote.RemoteWebDriver.execute(RemoteWebDriver.java:599)
                        	at org.openqa.selenium.remote.RemoteWebDriver.findElement(RemoteWebDriver.java:352)
                        	at org.openqa.selenium.remote.RemoteWebDriver.findElementByXPath(RemoteWebDriver.java:449)
                        	at org.openqa.selenium.By$ByXPath.findElement(By.java:357)
                        	at org.openqa.selenium.remote.RemoteWebDriver.findElement(RemoteWebDriver.java:344)
                        	at sun.reflect.GeneratedMethodAccessor17.invoke(Unknown Source)
                        	at sun.reflect.DelegatingMethodAccessorImpl.invoke(DelegatingMethodAccessorImpl.java:43)
                        	at java.lang.reflect.Method.invoke(Method.java:606)
                        	at org.openqa.selenium.support.events.EventFiringWebDriver$2.invoke(EventFiringWebDriver.java:101)
                        	at com.sun.proxy.$Proxy12.findElement(Unknown Source)
                        	at org.openqa.selenium.support.events.EventFiringWebDriver.findElement(EventFiringWebDriver.java:184)
                        	at com.sample.test1.pricefilter.price_filter(pricefilter.java:43)
                        	at sun.reflect.NativeMethodAccessorImpl.invoke0(Native Method)
                        	at sun.reflect.NativeMethodAccessorImpl.invoke(NativeMethodAccessorImpl.java:57)
                        	at sun.reflect.DelegatingMethodAccessorImpl.invoke(DelegatingMethodAccessorImpl.java:43)
                        	at java.lang.reflect.Method.invoke(Method.java:606)
                        	at org.testng.internal.MethodInvocationHelper.invokeMethod(MethodInvocationHelper.java:84)
                        	at org.testng.internal.Invoker.invokeMethod(Invoker.java:714)
                        	at org.testng.internal.Invoker.invokeTestMethod(Invoker.java:901)
                        	at org.testng.internal.Invoker.invokeTestMethods(Invoker.java:1231)
                        	at org.testng.internal.TestMethodWorker.invokeTestMethods(TestMethodWorker.java:127)
                        	at org.testng.internal.TestMethodWorker.run(TestMethodWorker.java:111)
                        	at org.testng.TestRunner.privateRun(TestRunner.java:767)
                        	at org.testng.TestRunner.run(TestRunner.java:617)
                        	at org.testng.SuiteRunner.runTest(SuiteRunner.java:334)
                        	at org.testng.SuiteRunner.runSequentially(SuiteRunner.java:329)
                        	at org.testng.SuiteRunner.privateRun(SuiteRunner.java:291)
                        	at org.testng.SuiteRunner.run(SuiteRunner.java:240)
                        	at org.testng.SuiteRunnerWorker.runSuite(SuiteRunnerWorker.java:52)
                        	at org.testng.SuiteRunnerWorker.run(SuiteRunnerWorker.java:86)
                        	at org.testng.TestNG.runSuitesSequentially(TestNG.java:1224)
                        	at org.testng.TestNG.runSuitesSequentially(TestNG.java:1220)
                        	at org.testng.TestNG.runSuitesLocally(TestNG.java:1149)
                        	at org.testng.TestNG.run(TestNG.java:1057)
                        	at org.testng.TestNG.privateMain(TestNG.java:1364)
                        	at org.testng.TestNG.main(TestNG.java:1333)
                        Caused by: org.openqa.selenium.remote.ErrorHandler$UnknownServerException: Unable to locate element: {"method":"xpath","selector":"//*[@id='price_range']/li[0]/a/span"}
                        Build info: version: '2.42.2', revision: '6a6995d', time: '2014-06-03 17:42:30'
                        System info: host: 'Gokul-VAIO', ip: '192.168.1.2', os.name: 'Windows 7', os.arch: 'amd64', os.version: '6.1', java.version:
                        '1.7.0_25'
                        Driver info: driver.version: unknown
                        	at &lt;anonymous class&gt;.FirefoxDriver.prototype.findElementInternal_(file:///C:/Users/Gokul/AppData/Local/Temp/anonymous843220213634677613webdriver-profile/extensions/fxdriver@googlecode.com/components/driver_component.js:9470:133)
                        	at &lt;anonymous class&gt;.fxdriver.Timer.prototype.setTimeout/&lt;.notify(file:///C:/Users/Gokul/AppData/Local/Temp/anonymous843220213634677613webdriver-profile/extensions/fxdriver@googlecode.com/components/driver_component.js:407:5)
                     </pre>
                  </div>
               </td>
            </tr>
         </table>
         <br></br>
         <table class="testMethodsTable" cellpadding="0" cellspacing="0">
            <tr>
               <td colspan="4">
                  <h3 style="display: inline;">com.sample.test1.pricefilter_unselection</h3>
               </td>
            </tr>
            <tr class="methodsTableHeader">
               <td width="100%">Name</td>
               <td nowrap="true">Started</td>
               <td nowrap="true">Duration</td>
               <td>Exception</td>
            </tr>
            <tr id="com.sample.test1.pricefilter_unselection_checktestcaserunnable_byClass_PASS1_row"
                class="testMethodStatusPASS testMethodStatusCONF">
               <td width="100%" class="firstMethodCell">
                  <a onclick="toggleDetailsVisibility('com.sample.test1.pricefilter_unselection_checktestcaserunnable_byClass_PASS1_details')">checktestcaserunnable()</a>
               </td>
               <td nowrap="true">08:39:56</td>
               <td nowrap="true" align="right">2 ms
                  
               </td>
               <td nowrap="true">
                   
                  
               </td>
            </tr>
            <tr>
               <td colspan="4" class="detailsBox">
                  <div id="com.sample.test1.pricefilter_unselection_checktestcaserunnable_byClass_PASS1_details"
                       class="testMethodDetails">
                     <div>
                        <b>Name: </b>checktestcaserunnable
                     </div>
                     <div>
                        <b>Signature: </b>checktestcaserunnable()[pri:0, instance:com.sample.test1.pricefilter_unselection@2fa1610b]
                     </div>
                     <div>
                        <b>Start time: </b>08:39:56
                     </div>
                     <div>
                        <b>End time: </b>08:39:56
                     </div>
                     <div>
                        <b>Duration: </b>2 ms
                        
                     </div>
                  </div>
               </td>
            </tr>
            <tr></tr>
            <tr id="com.sample.test1.pricefilter_unselection_price_filter_unselection_byClass_FAIL2_row"
                class="testMethodStatusFAIL">
               <td width="100%" class="firstMethodCell">
                  <a onclick="toggleDetailsVisibility('com.sample.test1.pricefilter_unselection_price_filter_unselection_byClass_FAIL2_details')">price_filter_unselection()</a>
               </td>
               <td nowrap="true">08:39:56</td>
               <td nowrap="true" align="right">20s
                  
               </td>
               <td nowrap="true">
                  <a onclick="toggleDetailsVisibility('com.sample.test1.pricefilter_unselection_price_filter_unselection_byClass_FAIL2_exception')">org.openqa.selenium.NoSuchElementException: 
                     Unable to locate element: {"method":"xpath","selector":"//*[@id='selectedFilters']/div/a/span"}
                     Command duration or timeout: 20.12 seconds
                     For documentation on this error, please visit: http://seleniumhq.org/exceptions/no_such_element.html
                     Build info: version: '2.42.2', revision: '6a6995d', time: '2014-06-03 17:42:30'
                     System info: host: 'Gokul-VAIO', ip: '192.168.1.2', os.name: 'Windows 7', os.arch: 'amd64', os.version: '6.1', java.version:
                     '1.7.0_25'
                     Session ID: e350c285-331f-4345-bd8e-f602a1c6c8f8
                     Driver info: org.openqa.selenium.firefox.FirefoxDriver
                     Capabilities [{platform=XP, databaseEnabled=true, cssSelectorsEnabled=true, javascriptEnabled=true, acceptSslCerts=true, handlesAlerts=true,
                     browserName=firefox, webStorageEnabled=true, nativeEvents=false, rotatable=false, locationContextEnabled=true, applicationCacheEnabled=true,
                     takesScreenshot=true, version=31.0}]
                     
                  </a>
                   
                  
               </td>
            </tr>
            <tr>
               <td colspan="4" class="detailsBox">
                  <div id="com.sample.test1.pricefilter_unselection_price_filter_unselection_byClass_FAIL2_details"
                       class="testMethodDetails">
                     <div>
                        <b>Name: </b>price_filter_unselection
                     </div>
                     <div>
                        <b>Signature: </b>price_filter_unselection()[pri:0, instance:com.sample.test1.pricefilter_unselection@2fa1610b]
                     </div>
                     <div>
                        <b>Start time: </b>08:39:56
                     </div>
                     <div>
                        <b>End time: </b>08:40:16
                     </div>
                     <div>
                        <b>Duration: </b>20s
                        
                     </div>
                  </div>
               </td>
            </tr>
            <tr>
               <td colspan="4" class="detailsBox">
                  <div id="com.sample.test1.pricefilter_unselection_price_filter_unselection_byClass_FAIL2_exception"
                       class="testMethodDetails">
                     <pre style="padding: 5px; margin: 0;">org.openqa.selenium.NoSuchElementException: Unable to locate element: {"method":"xpath","selector":"//*[@id='selectedFilters']/div/a/span"}
                        Command duration or timeout: 20.12 seconds
                        For documentation on this error, please visit: http://seleniumhq.org/exceptions/no_such_element.html
                        Build info: version: '2.42.2', revision: '6a6995d', time: '2014-06-03 17:42:30'
                        System info: host: 'Gokul-VAIO', ip: '192.168.1.2', os.name: 'Windows 7', os.arch: 'amd64', os.version: '6.1', java.version:
                        '1.7.0_25'
                        Session ID: e350c285-331f-4345-bd8e-f602a1c6c8f8
                        Driver info: org.openqa.selenium.firefox.FirefoxDriver
                        Capabilities [{platform=XP, databaseEnabled=true, cssSelectorsEnabled=true, javascriptEnabled=true, acceptSslCerts=true, handlesAlerts=true,
                        browserName=firefox, webStorageEnabled=true, nativeEvents=false, rotatable=false, locationContextEnabled=true, applicationCacheEnabled=true,
                        takesScreenshot=true, version=31.0}]
                        	at sun.reflect.NativeConstructorAccessorImpl.newInstance0(Native Method)
                        	at sun.reflect.NativeConstructorAccessorImpl.newInstance(NativeConstructorAccessorImpl.java:57)
                        	at sun.reflect.DelegatingConstructorAccessorImpl.newInstance(DelegatingConstructorAccessorImpl.java:45)
                        	at java.lang.reflect.Constructor.newInstance(Constructor.java:526)
                        	at org.openqa.selenium.remote.ErrorHandler.createThrowable(ErrorHandler.java:204)
                        	at org.openqa.selenium.remote.ErrorHandler.throwIfResponseFailed(ErrorHandler.java:156)
                        	at org.openqa.selenium.remote.RemoteWebDriver.execute(RemoteWebDriver.java:599)
                        	at org.openqa.selenium.remote.RemoteWebDriver.findElement(RemoteWebDriver.java:352)
                        	at org.openqa.selenium.remote.RemoteWebDriver.findElementByXPath(RemoteWebDriver.java:449)
                        	at org.openqa.selenium.By$ByXPath.findElement(By.java:357)
                        	at org.openqa.selenium.remote.RemoteWebDriver.findElement(RemoteWebDriver.java:344)
                        	at sun.reflect.GeneratedMethodAccessor17.invoke(Unknown Source)
                        	at sun.reflect.DelegatingMethodAccessorImpl.invoke(DelegatingMethodAccessorImpl.java:43)
                        	at java.lang.reflect.Method.invoke(Method.java:606)
                        	at org.openqa.selenium.support.events.EventFiringWebDriver$2.invoke(EventFiringWebDriver.java:101)
                        	at com.sun.proxy.$Proxy12.findElement(Unknown Source)
                        	at org.openqa.selenium.support.events.EventFiringWebDriver.findElement(EventFiringWebDriver.java:184)
                        	at com.sample.base.TestBase.getobject(TestBase.java:104)
                        	at com.sample.test1.pricefilter_unselection.price_filter_unselection(pricefilter_unselection.java:43)
                        	at sun.reflect.NativeMethodAccessorImpl.invoke0(Native Method)
                        	at sun.reflect.NativeMethodAccessorImpl.invoke(NativeMethodAccessorImpl.java:57)
                        	at sun.reflect.DelegatingMethodAccessorImpl.invoke(DelegatingMethodAccessorImpl.java:43)
                        	at java.lang.reflect.Method.invoke(Method.java:606)
                        	at org.testng.internal.MethodInvocationHelper.invokeMethod(MethodInvocationHelper.java:84)
                        	at org.testng.internal.Invoker.invokeMethod(Invoker.java:714)
                        	at org.testng.internal.Invoker.invokeTestMethod(Invoker.java:901)
                        	at org.testng.internal.Invoker.invokeTestMethods(Invoker.java:1231)
                        	at org.testng.internal.TestMethodWorker.invokeTestMethods(TestMethodWorker.java:127)
                        	at org.testng.internal.TestMethodWorker.run(TestMethodWorker.java:111)
                        	at org.testng.TestRunner.privateRun(TestRunner.java:767)
                        	at org.testng.TestRunner.run(TestRunner.java:617)
                        	at org.testng.SuiteRunner.runTest(SuiteRunner.java:334)
                        	at org.testng.SuiteRunner.runSequentially(SuiteRunner.java:329)
                        	at org.testng.SuiteRunner.privateRun(SuiteRunner.java:291)
                        	at org.testng.SuiteRunner.run(SuiteRunner.java:240)
                        	at org.testng.SuiteRunnerWorker.runSuite(SuiteRunnerWorker.java:52)
                        	at org.testng.SuiteRunnerWorker.run(SuiteRunnerWorker.java:86)
                        	at org.testng.TestNG.runSuitesSequentially(TestNG.java:1224)
                        	at org.testng.TestNG.runSuitesSequentially(TestNG.java:1220)
                        	at org.testng.TestNG.runSuitesLocally(TestNG.java:1149)
                        	at org.testng.TestNG.run(TestNG.java:1057)
                        	at org.testng.TestNG.privateMain(TestNG.java:1364)
                        	at org.testng.TestNG.main(TestNG.java:1333)
                        Caused by: org.openqa.selenium.remote.ErrorHandler$UnknownServerException: Unable to locate element: {"method":"xpath","selector":"//*[@id='selectedFilters']/div/a/span"}
                        Build info: version: '2.42.2', revision: '6a6995d', time: '2014-06-03 17:42:30'
                        System info: host: 'Gokul-VAIO', ip: '192.168.1.2', os.name: 'Windows 7', os.arch: 'amd64', os.version: '6.1', java.version:
                        '1.7.0_25'
                        Driver info: driver.version: unknown
                        	at &lt;anonymous class&gt;.FirefoxDriver.prototype.findElementInternal_(file:///C:/Users/Gokul/AppData/Local/Temp/anonymous843220213634677613webdriver-profile/extensions/fxdriver@googlecode.com/components/driver_component.js:9470:133)
                        	at &lt;anonymous class&gt;.fxdriver.Timer.prototype.setTimeout/&lt;.notify(file:///C:/Users/Gokul/AppData/Local/Temp/anonymous843220213634677613webdriver-profile/extensions/fxdriver@googlecode.com/components/driver_component.js:407:5)
                     </pre>
                  </div>
               </td>
            </tr>
         </table>
         <br></br>
         <table class="testMethodsTable" cellpadding="0" cellspacing="0">
            <tr>
               <td colspan="4">
                  <h3 style="display: inline;">com.sample.test1.Test1_1</h3>
               </td>
            </tr>
            <tr class="methodsTableHeader">
               <td width="100%">Name</td>
               <td nowrap="true">Started</td>
               <td nowrap="true">Duration</td>
               <td>Exception</td>
            </tr>
            <tr id="com.sample.test1.Test1_1_checktestcaserunnable_byClass_PASS1_row"
                class="testMethodStatusPASS testMethodStatusCONF">
               <td width="100%" class="firstMethodCell">
                  <a onclick="toggleDetailsVisibility('com.sample.test1.Test1_1_checktestcaserunnable_byClass_PASS1_details')">checktestcaserunnable()</a>
               </td>
               <td nowrap="true">08:39:03</td>
               <td nowrap="true" align="right">6 ms
                  
               </td>
               <td nowrap="true">
                   
                  
               </td>
            </tr>
            <tr>
               <td colspan="4" class="detailsBox">
                  <div id="com.sample.test1.Test1_1_checktestcaserunnable_byClass_PASS1_details"
                       class="testMethodDetails">
                     <div>
                        <b>Name: </b>checktestcaserunnable
                     </div>
                     <div>
                        <b>Signature: </b>checktestcaserunnable()[pri:0, instance:com.sample.test1.Test1_1@29db197]
                     </div>
                     <div>
                        <b>Start time: </b>08:39:03
                     </div>
                     <div>
                        <b>End time: </b>08:39:03
                     </div>
                     <div>
                        <b>Duration: </b>6 ms
                        
                     </div>
                  </div>
               </td>
            </tr>
            <tr></tr>
            <tr id="com.sample.test1.Test1_1_test1_byClass_PASS2_row"
                class="testMethodStatusPASS">
               <td width="100%" class="firstMethodCell">
                  <a onclick="toggleDetailsVisibility('com.sample.test1.Test1_1_test1_byClass_PASS2_details')">test1()</a>
               </td>
               <td nowrap="true">08:39:03</td>
               <td nowrap="true" align="right">23s
                  
               </td>
               <td nowrap="true">
                   
                  
               </td>
            </tr>
            <tr>
               <td colspan="4" class="detailsBox">
                  <div id="com.sample.test1.Test1_1_test1_byClass_PASS2_details"
                       class="testMethodDetails">
                     <div>
                        <b>Name: </b>test1
                     </div>
                     <div>
                        <b>Signature: </b>test1()[pri:0, instance:com.sample.test1.Test1_1@29db197]
                     </div>
                     <div>
                        <b>Start time: </b>08:39:03
                     </div>
                     <div>
                        <b>End time: </b>08:39:27
                     </div>
                     <div>
                        <b>Duration: </b>23s
                        
                     </div>
                  </div>
               </td>
            </tr>
            <tr></tr>
         </table>
         <br></br>
      </div>
      <div style="margin-top: 15px; color: gray; text-align: center; font-size: 9px;">
         Generated with
         
         <a href="http://code.google.com/p/testng-xslt/" style="color: #8888aa;"
            target="_blank">
            TestNG XSLT
            
         </a>
      </div>
   </body>
</html>