<!DOCTYPE html PUBLIC "-//W3C//DTD XHTML 1.1//EN" "http://www.w3.org/TR/xhtml11/DTD/xhtml11.dtd">
<html xmlns="http://www.w3.org/1999/xhtml"><head><title>TestNG Report</title><style type="text/css">table {margin-bottom:10px;border-collapse:collapse;empty-cells:show}th,td {border:1px solid #009;padding:.25em .5em}th {vertical-align:bottom}td {vertical-align:top}table a {font-weight:bold}.stripe td {background-color: #E6EBF9}.num {text-align:right}.passedodd td {background-color: #3F3}.passedeven td {background-color: #0A0}.skippedodd td {background-color: #DDD}.skippedeven td {background-color: #CCC}.failedodd td,.attn {background-color: #F33}.failedeven td,.stripe .attn {background-color: #D00}.stacktrace {white-space:pre;font-family:monospace}.totop {font-size:85%;text-align:center;border-bottom:2px solid #000}</style></head><body><table><tr><th>Test</th><th># Passed</th><th># Skipped</th><th># Failed</th><th>Time (ms)</th><th>Included Groups</th><th>Excluded Groups</th></tr><tr><th colspan="7">test1</th></tr><tr><td><a href="#t0">test1_1</a></td><td class="num">1</td><td class="num">0</td><td class="num">0</td><td class="num">23,334</td><td></td><td></td></tr><tr class="stripe"><td><a href="#t1">brand_search</a></td><td class="num">0</td><td class="num">0</td><td class="num attn">5</td><td class="num">8,639</td><td></td><td></td></tr><tr><td><a href="#t2">pricefilter</a></td><td class="num">0</td><td class="num">0</td><td class="num attn">1</td><td class="num">20,226</td><td></td><td></td></tr><tr class="stripe"><td><a href="#t3">pricefilter unselection</a></td><td class="num">0</td><td class="num">0</td><td class="num attn">1</td><td class="num">20,180</td><td></td><td></td></tr><tr><td><a href="#t4">brand_selection</a></td><td class="num">1</td><td class="num">0</td><td class="num">0</td><td class="num">15,582</td><td></td><td></td></tr><tr class="stripe"><td><a href="#t5">brand_unselection</a></td><td class="num">1</td><td class="num">0</td><td class="num">0</td><td class="num">27,776</td><td></td><td></td></tr><tr><td><a href="#t6">Mixedfilter</a></td><td class="num">0</td><td class="num">0</td><td class="num attn">1</td><td class="num">54,899</td><td></td><td></td></tr><tr><th colspan="7">My test</th></tr><tr><th colspan="7">test2</th></tr><tr class="stripe"><td><a href="#t7">test2_1</a></td><td class="num">3</td><td class="num">0</td><td class="num">0</td><td class="num">696</td><td></td><td></td></tr><tr><td><a href="#t8">test2_2</a></td><td class="num">3</td><td class="num">0</td><td class="num">0</td><td class="num">657</td><td></td><td></td></tr><tr><th>Total</th><th class="num">9</th><th class="num">0</th><th class="num attn">8</th><th class="num">171,989</th><th colspan="2"></th></tr></table><table><thead><tr><th>Class</th><th>Method</th><th>Start</th><th>Time (ms)</th></tr></thead><tbody><tr><th colspan="4">test1</th></tr></tbody><tbody id="t0"><tr><th colspan="4">test1_1 &#8212; passed</th></tr><tr class="passedeven"><td rowspan="1">com.sample.test1.Test1_1</td><td><a href="#m0">test1</a></td><td rowspan="1">1407899343756</td><td rowspan="1">23311</td></tr></tbody><tbody id="t1"><tr><th colspan="4">brand_search &#8212; failed</th></tr><tr class="failedeven"><td rowspan="5">com.sample.test1.brandsearch</td><td><a href="#m1">test2in1</a></td><td rowspan="5">1407899374152</td><td rowspan="5">657</td></tr><tr class="failedeven"><td><a href="#m2">test2in1</a></td></tr><tr class="failedeven"><td><a href="#m3">test2in1</a></td></tr><tr class="failedeven"><td><a href="#m4">test2in1</a></td></tr><tr class="failedeven"><td><a href="#m5">test2in1</a></td></tr></tbody><tbody id="t2"><tr><th colspan="4">pricefilter &#8212; failed</th></tr><tr class="failedeven"><td rowspan="1">com.sample.test1.pricefilter</td><td><a href="#m6">price_filter</a></td><td rowspan="1">1407899375926</td><td rowspan="1">20223</td></tr></tbody><tbody id="t3"><tr><th colspan="4">pricefilter unselection &#8212; failed</th></tr><tr class="failedeven"><td rowspan="1">com.sample.test1.pricefilter_unselection</td><td><a href="#m7">price_filter_unselection</a></td><td rowspan="1">1407899396216</td><td rowspan="1">20177</td></tr></tbody><tbody id="t4"><tr><th colspan="4">brand_selection &#8212; passed</th></tr><tr class="passedeven"><td rowspan="1">com.sample.test1.brandfilter</td><td><a href="#m8">brand_filter</a></td><td rowspan="1">1407899416423</td><td rowspan="1">15580</td></tr></tbody><tbody id="t5"><tr><th colspan="4">brand_unselection &#8212; passed</th></tr><tr class="passedeven"><td rowspan="1">com.sample.test1.brand_unselection</td><td><a href="#m9">brand_unselection</a></td><td rowspan="1">1407899432034</td><td rowspan="1">27774</td></tr></tbody><tbody id="t6"><tr><th colspan="4">Mixedfilter &#8212; failed</th></tr><tr class="failedeven"><td rowspan="1">com.sample.test1.Mixedfilter</td><td><a href="#m10">mixed_filter</a></td><td rowspan="1">1407899459823</td><td rowspan="1">54897</td></tr></tbody><tbody><tr><th colspan="4">My test</th></tr></tbody><tbody><tr><th colspan="4">test2</th></tr></tbody><tbody id="t7"><tr><th colspan="4">test2_1 &#8212; passed</th></tr><tr class="passedeven"><td rowspan="3">com.sample.test2.Test2_1</td><td><a href="#m11">test1in2</a></td><td rowspan="3">1407899514754</td><td rowspan="3">1</td></tr><tr class="passedeven"><td><a href="#m12">test1in2</a></td></tr><tr class="passedeven"><td><a href="#m13">test1in2</a></td></tr></tbody><tbody id="t8"><tr><th colspan="4">test2_2 &#8212; passed</th></tr><tr class="passedeven"><td rowspan="3">com.sample.test2.Test2_2</td><td><a href="#m14">test2in2</a></td><td rowspan="3">1407899515700</td><td rowspan="3">1</td></tr><tr class="passedeven"><td><a href="#m15">test2in2</a></td></tr><tr class="passedeven"><td><a href="#m16">test2in2</a></td></tr></tbody></table><h2>test1_1</h2><h3 id="m0">com.sample.test1.Test1_1#test1</h3><table class="result"></table><p class="totop"><a href="#summary">back to summary</a></p><h2>brand_search</h2><h3 id="m1">com.sample.test1.brandsearch#test2in1</h3><table class="result"><tr class="param"><th>Parameter #1</th></tr><tr class="param stripe"><td>abc@123</td></tr><tr><th>Exception</th></tr><tr><td><div class="stacktrace">java.lang.AssertionError: expected [true] but found [false]
	at com.sample.test1.brandsearch.test2in1(brandsearch.java:60)
... Removed 28 stack frames</div></td></tr></table><p class="totop"><a href="#summary">back to summary</a></p><h3 id="m2">com.sample.test1.brandsearch#test2in1</h3><table class="result"><tr class="param"><th>Parameter #1</th></tr><tr class="param stripe"><td>P</td></tr><tr><th>Exception</th></tr><tr><td><div class="stacktrace">java.lang.AssertionError: expected [true] but found [false]
	at com.sample.test1.brandsearch.test2in1(brandsearch.java:60)
... Removed 28 stack frames</div></td></tr></table><p class="totop"><a href="#summary">back to summary</a></p><h3 id="m3">com.sample.test1.brandsearch#test2in1</h3><table class="result"><tr class="param"><th>Parameter #1</th></tr><tr class="param stripe"><td>abc</td></tr><tr><th>Exception</th></tr><tr><td><div class="stacktrace">java.lang.AssertionError: expected [true] but found [false]
	at com.sample.test1.brandsearch.test2in1(brandsearch.java:60)
... Removed 28 stack frames</div></td></tr></table><p class="totop"><a href="#summary">back to summary</a></p><h3 id="m4">com.sample.test1.brandsearch#test2in1</h3><table class="result"><tr class="param"><th>Parameter #1</th></tr><tr class="param stripe"><td>Peter</td></tr><tr><th>Exception</th></tr><tr><td><div class="stacktrace">java.lang.AssertionError: expected [true] but found [false]
	at com.sample.test1.brandsearch.test2in1(brandsearch.java:60)
... Removed 28 stack frames</div></td></tr></table><p class="totop"><a href="#summary">back to summary</a></p><h3 id="m5">com.sample.test1.brandsearch#test2in1</h3><table class="result"><tr class="param"><th>Parameter #1</th></tr><tr class="param stripe"><td>1.0</td></tr><tr><th>Exception</th></tr><tr><td><div class="stacktrace">java.lang.AssertionError: expected [true] but found [false]
	at com.sample.test1.brandsearch.test2in1(brandsearch.java:60)
... Removed 28 stack frames</div></td></tr></table><p class="totop"><a href="#summary">back to summary</a></p><h2>pricefilter</h2><h3 id="m6">com.sample.test1.pricefilter#price_filter</h3><table class="result"><tr><th>Exception</th></tr><tr><td><div class="stacktrace">org.openqa.selenium.NoSuchElementException: Unable to locate element: {&quot;method&quot;:&quot;xpath&quot;,&quot;selector&quot;:&quot;//*[@id=&apos;price_range&apos;]/li[0]/a/span&quot;}
Command duration or timeout: 20.16 seconds
For documentation on this error, please visit: http://seleniumhq.org/exceptions/no_such_element.html
Build info: version: &apos;2.42.2&apos;, revision: &apos;6a6995d&apos;, time: &apos;2014-06-03 17:42:30&apos;
System info: host: &apos;Gokul-VAIO&apos;, ip: &apos;192.168.1.2&apos;, os.name: &apos;Windows 7&apos;, os.arch: &apos;amd64&apos;, os.version: &apos;6.1&apos;, java.version: &apos;1.7.0_25&apos;
Session ID: e350c285-331f-4345-bd8e-f602a1c6c8f8
Driver info: org.openqa.selenium.firefox.FirefoxDriver
Capabilities [{platform=XP, databaseEnabled=true, cssSelectorsEnabled=true, javascriptEnabled=true, acceptSslCerts=true, handlesAlerts=true, browserName=firefox, webStorageEnabled=true, nativeEvents=false, rotatable=false, locationContextEnabled=true, applicationCacheEnabled=true, takesScreenshot=true, version=31.0}]
	at org.openqa.selenium.remote.ErrorHandler.createThrowable(ErrorHandler.java:204)
	at org.openqa.selenium.remote.ErrorHandler.throwIfResponseFailed(ErrorHandler.java:156)
	at org.openqa.selenium.remote.RemoteWebDriver.execute(RemoteWebDriver.java:599)
	at org.openqa.selenium.remote.RemoteWebDriver.findElement(RemoteWebDriver.java:352)
	at org.openqa.selenium.remote.RemoteWebDriver.findElementByXPath(RemoteWebDriver.java:449)
	at org.openqa.selenium.By$ByXPath.findElement(By.java:357)
	at org.openqa.selenium.remote.RemoteWebDriver.findElement(RemoteWebDriver.java:344)
	at org.openqa.selenium.support.events.EventFiringWebDriver$2.invoke(EventFiringWebDriver.java:101)
	at com.sun.proxy.$Proxy12.findElement(Unknown Source)
	at org.openqa.selenium.support.events.EventFiringWebDriver.findElement(EventFiringWebDriver.java:184)
	at com.sample.test1.pricefilter.price_filter(pricefilter.java:43)
Caused by: org.openqa.selenium.remote.ErrorHandler$UnknownServerException: Unable to locate element: {&quot;method&quot;:&quot;xpath&quot;,&quot;selector&quot;:&quot;//*[@id=&apos;price_range&apos;]/li[0]/a/span&quot;}
Build info: version: &apos;2.42.2&apos;, revision: &apos;6a6995d&apos;, time: &apos;2014-06-03 17:42:30&apos;
System info: host: &apos;Gokul-VAIO&apos;, ip: &apos;192.168.1.2&apos;, os.name: &apos;Windows 7&apos;, os.arch: &apos;amd64&apos;, os.version: &apos;6.1&apos;, java.version: &apos;1.7.0_25&apos;
Driver info: driver.version: unknown
	at &lt;anonymous class&gt;.FirefoxDriver.prototype.findElementInternal_(file:///C:/Users/Gokul/AppData/Local/Temp/anonymous843220213634677613webdriver-profile/extensions/fxdriver@googlecode.com/components/driver_component.js:9470:133)
	at &lt;anonymous class&gt;.fxdriver.Timer.prototype.setTimeout/&lt;.notify(file:///C:/Users/Gokul/AppData/Local/Temp/anonymous843220213634677613webdriver-profile/extensions/fxdriver@googlecode.com/components/driver_component.js:407:5)
... Removed 31 stack frames</div></td></tr></table><p class="totop"><a href="#summary">back to summary</a></p><h2>pricefilter unselection</h2><h3 id="m7">com.sample.test1.pricefilter_unselection#price_filter_unselection</h3><table class="result"><tr><th>Exception</th></tr><tr><td><div class="stacktrace">org.openqa.selenium.NoSuchElementException: Unable to locate element: {&quot;method&quot;:&quot;xpath&quot;,&quot;selector&quot;:&quot;//*[@id=&apos;selectedFilters&apos;]/div/a/span&quot;}
Command duration or timeout: 20.12 seconds
For documentation on this error, please visit: http://seleniumhq.org/exceptions/no_such_element.html
Build info: version: &apos;2.42.2&apos;, revision: &apos;6a6995d&apos;, time: &apos;2014-06-03 17:42:30&apos;
System info: host: &apos;Gokul-VAIO&apos;, ip: &apos;192.168.1.2&apos;, os.name: &apos;Windows 7&apos;, os.arch: &apos;amd64&apos;, os.version: &apos;6.1&apos;, java.version: &apos;1.7.0_25&apos;
Session ID: e350c285-331f-4345-bd8e-f602a1c6c8f8
Driver info: org.openqa.selenium.firefox.FirefoxDriver
Capabilities [{platform=XP, databaseEnabled=true, cssSelectorsEnabled=true, javascriptEnabled=true, acceptSslCerts=true, handlesAlerts=true, browserName=firefox, webStorageEnabled=true, nativeEvents=false, rotatable=false, locationContextEnabled=true, applicationCacheEnabled=true, takesScreenshot=true, version=31.0}]
	at org.openqa.selenium.remote.ErrorHandler.createThrowable(ErrorHandler.java:204)
	at org.openqa.selenium.remote.ErrorHandler.throwIfResponseFailed(ErrorHandler.java:156)
	at org.openqa.selenium.remote.RemoteWebDriver.execute(RemoteWebDriver.java:599)
	at org.openqa.selenium.remote.RemoteWebDriver.findElement(RemoteWebDriver.java:352)
	at org.openqa.selenium.remote.RemoteWebDriver.findElementByXPath(RemoteWebDriver.java:449)
	at org.openqa.selenium.By$ByXPath.findElement(By.java:357)
	at org.openqa.selenium.remote.RemoteWebDriver.findElement(RemoteWebDriver.java:344)
	at org.openqa.selenium.support.events.EventFiringWebDriver$2.invoke(EventFiringWebDriver.java:101)
	at com.sun.proxy.$Proxy12.findElement(Unknown Source)
	at org.openqa.selenium.support.events.EventFiringWebDriver.findElement(EventFiringWebDriver.java:184)
	at com.sample.base.TestBase.getobject(TestBase.java:104)
	at com.sample.test1.pricefilter_unselection.price_filter_unselection(pricefilter_unselection.java:43)
Caused by: org.openqa.selenium.remote.ErrorHandler$UnknownServerException: Unable to locate element: {&quot;method&quot;:&quot;xpath&quot;,&quot;selector&quot;:&quot;//*[@id=&apos;selectedFilters&apos;]/div/a/span&quot;}
Build info: version: &apos;2.42.2&apos;, revision: &apos;6a6995d&apos;, time: &apos;2014-06-03 17:42:30&apos;
System info: host: &apos;Gokul-VAIO&apos;, ip: &apos;192.168.1.2&apos;, os.name: &apos;Windows 7&apos;, os.arch: &apos;amd64&apos;, os.version: &apos;6.1&apos;, java.version: &apos;1.7.0_25&apos;
Driver info: driver.version: unknown
	at &lt;anonymous class&gt;.FirefoxDriver.prototype.findElementInternal_(file:///C:/Users/Gokul/AppData/Local/Temp/anonymous843220213634677613webdriver-profile/extensions/fxdriver@googlecode.com/components/driver_component.js:9470:133)
	at &lt;anonymous class&gt;.fxdriver.Timer.prototype.setTimeout/&lt;.notify(file:///C:/Users/Gokul/AppData/Local/Temp/anonymous843220213634677613webdriver-profile/extensions/fxdriver@googlecode.com/components/driver_component.js:407:5)
... Removed 31 stack frames</div></td></tr></table><p class="totop"><a href="#summary">back to summary</a></p><h2>brand_selection</h2><h3 id="m8">com.sample.test1.brandfilter#brand_filter</h3><table class="result"></table><p class="totop"><a href="#summary">back to summary</a></p><h2>brand_unselection</h2><h3 id="m9">com.sample.test1.brand_unselection#brand_unselection</h3><table class="result"></table><p class="totop"><a href="#summary">back to summary</a></p><h2>Mixedfilter</h2><h3 id="m10">com.sample.test1.Mixedfilter#mixed_filter</h3><table class="result"><tr><th>Exception</th></tr><tr><td><div class="stacktrace">org.openqa.selenium.StaleElementReferenceException: Element not found in the cache - perhaps the page has changed since it was looked up
Command duration or timeout: 20.11 seconds
For documentation on this error, please visit: http://seleniumhq.org/exceptions/stale_element_reference.html
Build info: version: &apos;2.42.2&apos;, revision: &apos;6a6995d&apos;, time: &apos;2014-06-03 17:42:30&apos;
System info: host: &apos;Gokul-VAIO&apos;, ip: &apos;192.168.1.2&apos;, os.name: &apos;Windows 7&apos;, os.arch: &apos;amd64&apos;, os.version: &apos;6.1&apos;, java.version: &apos;1.7.0_25&apos;
Session ID: e350c285-331f-4345-bd8e-f602a1c6c8f8
Driver info: org.openqa.selenium.firefox.FirefoxDriver
Capabilities [{platform=XP, databaseEnabled=true, cssSelectorsEnabled=true, javascriptEnabled=true, acceptSslCerts=true, handlesAlerts=true, browserName=firefox, webStorageEnabled=true, nativeEvents=false, rotatable=false, locationContextEnabled=true, applicationCacheEnabled=true, takesScreenshot=true, version=31.0}]
	at org.openqa.selenium.remote.ErrorHandler.createThrowable(ErrorHandler.java:204)
	at org.openqa.selenium.remote.ErrorHandler.throwIfResponseFailed(ErrorHandler.java:156)
	at org.openqa.selenium.remote.RemoteWebDriver.execute(RemoteWebDriver.java:599)
	at org.openqa.selenium.remote.RemoteWebElement.execute(RemoteWebElement.java:268)
	at org.openqa.selenium.remote.RemoteWebElement.getText(RemoteWebElement.java:152)
	at org.openqa.selenium.support.events.EventFiringWebDriver$EventFiringWebElement$1.invoke(EventFiringWebDriver.java:331)
	at com.sun.proxy.$Proxy13.getText(Unknown Source)
	at org.openqa.selenium.support.events.EventFiringWebDriver$EventFiringWebElement.getText(EventFiringWebDriver.java:381)
	at com.sample.test1.Mixedfilter.mixed_filter(Mixedfilter.java:66)
Caused by: org.openqa.selenium.remote.ErrorHandler$UnknownServerException: Element not found in the cache - perhaps the page has changed since it was looked up
Build info: version: &apos;2.42.2&apos;, revision: &apos;6a6995d&apos;, time: &apos;2014-06-03 17:42:30&apos;
System info: host: &apos;Gokul-VAIO&apos;, ip: &apos;192.168.1.2&apos;, os.name: &apos;Windows 7&apos;, os.arch: &apos;amd64&apos;, os.version: &apos;6.1&apos;, java.version: &apos;1.7.0_25&apos;
Driver info: driver.version: unknown
	at &lt;anonymous class&gt;.fxdriver.cache.getElementAt(resource://fxdriver/modules/web_element_cache.js:8180:5)
	at &lt;anonymous class&gt;.Utils.getElementAt(file:///C:/Users/Gokul/AppData/Local/Temp/anonymous843220213634677613webdriver-profile/extensions/fxdriver@googlecode.com/components/command_processor.js:7783:3)
	at &lt;anonymous class&gt;.WebElement.getElementText(file:///C:/Users/Gokul/AppData/Local/Temp/anonymous843220213634677613webdriver-profile/extensions/fxdriver@googlecode.com/components/command_processor.js:10893:7)
	at &lt;anonymous class&gt;.DelayedCommand.prototype.executeInternal_/h(file:///C:/Users/Gokul/AppData/Local/Temp/anonymous843220213634677613webdriver-profile/extensions/fxdriver@googlecode.com/components/command_processor.js:11455:16)
	at &lt;anonymous class&gt;.fxdriver.Timer.prototype.setTimeout/&lt;.notify(file:///C:/Users/Gokul/AppData/Local/Temp/anonymous843220213634677613webdriver-profile/extensions/fxdriver@googlecode.com/components/command_processor.js:407:5)
... Removed 31 stack frames</div></td></tr></table><p class="totop"><a href="#summary">back to summary</a></p><h2>test2_1</h2><h3 id="m11">com.sample.test2.Test2_1#test1in2</h3><table class="result"><tr class="param"><th>Parameter #1</th><th>Parameter #2</th><th>Parameter #3</th></tr><tr class="param stripe"><td>Dummy2_1_1_1</td><td>Dummy2_1_1_2</td><td>Dummy2_1_1_3</td></tr></table><p class="totop"><a href="#summary">back to summary</a></p><h3 id="m12">com.sample.test2.Test2_1#test1in2</h3><table class="result"><tr class="param"><th>Parameter #1</th><th>Parameter #2</th><th>Parameter #3</th></tr><tr class="param stripe"><td>Dummy2_1_3_1</td><td>Dummy2_1_3_2</td><td>Dummy2_1_3_3</td></tr></table><p class="totop"><a href="#summary">back to summary</a></p><h3 id="m13">com.sample.test2.Test2_1#test1in2</h3><table class="result"><tr class="param"><th>Parameter #1</th><th>Parameter #2</th><th>Parameter #3</th></tr><tr class="param stripe"><td>Dummy2_1_2_1</td><td>Dummy2_1_2_2</td><td>Dummy2_1_2_3</td></tr></table><p class="totop"><a href="#summary">back to summary</a></p><h2>test2_2</h2><h3 id="m14">com.sample.test2.Test2_2#test2in2</h3><table class="result"><tr class="param"><th>Parameter #1</th><th>Parameter #2</th></tr><tr class="param stripe"><td>Dummy2_2_2_1</td><td>Dummy2_2_2_2</td></tr></table><p class="totop"><a href="#summary">back to summary</a></p><h3 id="m15">com.sample.test2.Test2_2#test2in2</h3><table class="result"><tr class="param"><th>Parameter #1</th><th>Parameter #2</th></tr><tr class="param stripe"><td>Dummy2_2_3_1</td><td>Dummy2_2_3_2</td></tr></table><p class="totop"><a href="#summary">back to summary</a></p><h3 id="m16">com.sample.test2.Test2_2#test2in2</h3><table class="result"><tr class="param"><th>Parameter #1</th><th>Parameter #2</th></tr><tr class="param stripe"><td>Dummy2_2_1_1</td><td>Dummy2_2_1_2</td></tr></table><p class="totop"><a href="#summary">back to summary</a></p></body></html>