<?xml version="1.0" encoding="UTF-8"?>
<!-- Generated by org.testng.reporters.JUnitXMLReporter -->
<testsuite hostname="Gokul-VAIO" name="brand_search" tests="5" failures="5" timestamp="13 Aug 2014 03:09:35 GMT" time="8.639" errors="0">
  <testcase name="test2in1" time="3.328" classname="com.sample.test1.brandsearch">
    <failure type="java.lang.AssertionError" message="expected [true] but found [false]">
      <![CDATA[java.lang.AssertionError: expected [true] but found [false]
	at com.sample.test1.brandsearch.test2in1(brandsearch.java:60)
... Removed 28 stack frames]]>
    </failure>
  </testcase> <!-- test2in1 -->
  <testcase name="test2in1" time="0.651" classname="com.sample.test1.brandsearch">
    <failure type="java.lang.AssertionError" message="expected [true] but found [false]">
      <![CDATA[java.lang.AssertionError: expected [true] but found [false]
	at com.sample.test1.brandsearch.test2in1(brandsearch.java:60)
... Removed 28 stack frames]]>
    </failure>
  </testcase> <!-- test2in1 -->
  <testcase name="test2in1" time="0.619" classname="com.sample.test1.brandsearch">
    <failure type="java.lang.AssertionError" message="expected [true] but found [false]">
      <![CDATA[java.lang.AssertionError: expected [true] but found [false]
	at com.sample.test1.brandsearch.test2in1(brandsearch.java:60)
... Removed 28 stack frames]]>
    </failure>
  </testcase> <!-- test2in1 -->
  <testcase name="test2in1" time="0.657" classname="com.sample.test1.brandsearch">
    <failure type="java.lang.AssertionError" message="expected [true] but found [false]">
      <![CDATA[java.lang.AssertionError: expected [true] but found [false]
	at com.sample.test1.brandsearch.test2in1(brandsearch.java:60)
... Removed 28 stack frames]]>
    </failure>
  </testcase> <!-- test2in1 -->
  <testcase name="test2in1" time="0.675" classname="com.sample.test1.brandsearch">
    <failure type="java.lang.AssertionError" message="expected [true] but found [false]">
      <![CDATA[java.lang.AssertionError: expected [true] but found [false]
	at com.sample.test1.brandsearch.test2in1(brandsearch.java:60)
... Removed 28 stack frames]]>
    </failure>
  </testcase> <!-- test2in1 -->
</testsuite> <!-- brand_search -->
